{"/home/yago/Trybe-Projetos/Front-End/Trybe-Projeto-10/sd-031-b-project-recipes-app/src/App.js": {"path":"/home/yago/Trybe-Projetos/Front-End/Trybe-Projeto-10/sd-031-b-project-recipes-app/src/App.js","statementMap":{"0":{"start":{"line":15,"column":2},"end":{"line":50,"column":4}},"1":{"start":{"line":28,"column":12},"end":{"line":31,"column":14}},"2":{"start":{"line":38,"column":12},"end":{"line":41,"column":14}}},"fnMap":{"0":{"name":"App","decl":{"start":{"line":14,"column":9},"end":{"line":14,"column":12}},"loc":{"start":{"line":14,"column":15},"end":{"line":51,"column":1}},"line":14},"1":{"name":"(anonymous_1)","decl":{"start":{"line":27,"column":19},"end":{"line":27,"column":20}},"loc":{"start":{"line":28,"column":12},"end":{"line":31,"column":14}},"line":28},"2":{"name":"(anonymous_2)","decl":{"start":{"line":37,"column":19},"end":{"line":37,"column":20}},"loc":{"start":{"line":38,"column":12},"end":{"line":41,"column":14}},"line":38}},"branchMap":{},"s":{"0":3,"1":0,"2":0},"f":{"0":3,"1":0,"2":0},"b":{},"_coverageSchema":"1a1c01bbd47fc00a2c39e90264f33305004495a9","hash":"8f24b0713b3cb6aa122bf9c4ea697988f503e838"}
,"/home/yago/Trybe-Projetos/Front-End/Trybe-Projeto-10/sd-031-b-project-recipes-app/src/Context/Context.js": {"path":"/home/yago/Trybe-Projetos/Front-End/Trybe-Projeto-10/sd-031-b-project-recipes-app/src/Context/Context.js","statementMap":{"0":{"start":{"line":3,"column":16},"end":{"line":3,"column":31}}},"fnMap":{},"branchMap":{},"s":{"0":6},"f":{},"b":{},"_coverageSchema":"1a1c01bbd47fc00a2c39e90264f33305004495a9","hash":"7de78a00f0a41965a364e9a22393ac5147fd5994"}
,"/home/yago/Trybe-Projetos/Front-End/Trybe-Projeto-10/sd-031-b-project-recipes-app/src/Context/Provider.js": {"path":"/home/yago/Trybe-Projetos/Front-End/Trybe-Projeto-10/sd-031-b-project-recipes-app/src/Context/Provider.js","statementMap":{"0":{"start":{"line":6,"column":28},"end":{"line":6,"column":40}},"1":{"start":{"line":7,"column":34},"end":{"line":7,"column":46}},"2":{"start":{"line":8,"column":40},"end":{"line":8,"column":55}},"3":{"start":{"line":10,"column":18},"end":{"line":24,"column":4}},"4":{"start":{"line":10,"column":33},"end":{"line":17,"column":3}},"5":{"start":{"line":26,"column":2},"end":{"line":30,"column":4}},"6":{"start":{"line":33,"column":0},"end":{"line":35,"column":2}}},"fnMap":{"0":{"name":"Provider","decl":{"start":{"line":5,"column":9},"end":{"line":5,"column":17}},"loc":{"start":{"line":5,"column":32},"end":{"line":31,"column":1}},"line":5},"1":{"name":"(anonymous_1)","decl":{"start":{"line":10,"column":26},"end":{"line":10,"column":27}},"loc":{"start":{"line":10,"column":33},"end":{"line":17,"column":3}},"line":10}},"branchMap":{},"s":{"0":92,"1":92,"2":92,"3":92,"4":92,"5":92,"6":6},"f":{"0":92,"1":92},"b":{},"_coverageSchema":"1a1c01bbd47fc00a2c39e90264f33305004495a9","hash":"e17841ef937041033e7249e3a5986eae8ecae81d"}
,"/home/yago/Trybe-Projetos/Front-End/Trybe-Projeto-10/sd-031-b-project-recipes-app/src/components/Category.js": {"path":"/home/yago/Trybe-Projetos/Front-End/Trybe-Projeto-10/sd-031-b-project-recipes-app/src/components/Category.js","statementMap":{"0":{"start":{"line":6,"column":38},"end":{"line":6,"column":50}},"1":{"start":{"line":7,"column":19},"end":{"line":7,"column":32}},"2":{"start":{"line":8,"column":24},"end":{"line":8,"column":25}},"3":{"start":{"line":10,"column":32},"end":{"line":10,"column":84}},"4":{"start":{"line":12,"column":14},"end":{"line":15,"column":63}},"5":{"start":{"line":17,"column":2},"end":{"line":26,"column":54}},"6":{"start":{"line":18,"column":26},"end":{"line":24,"column":5}},"7":{"start":{"line":19,"column":23},"end":{"line":19,"column":39}},"8":{"start":{"line":20,"column":33},"end":{"line":20,"column":64}},"9":{"start":{"line":21,"column":29},"end":{"line":22,"column":32}},"10":{"start":{"line":23,"column":6},"end":{"line":23,"column":36}},"11":{"start":{"line":25,"column":4},"end":{"line":25,"column":20}},"12":{"start":{"line":30,"column":2},"end":{"line":44,"column":4}},"13":{"start":{"line":33,"column":8},"end":{"line":40,"column":17}}},"fnMap":{"0":{"name":"Recipes","decl":{"start":{"line":5,"column":24},"end":{"line":5,"column":31}},"loc":{"start":{"line":5,"column":34},"end":{"line":45,"column":1}},"line":5},"1":{"name":"(anonymous_1)","decl":{"start":{"line":17,"column":12},"end":{"line":17,"column":13}},"loc":{"start":{"line":17,"column":18},"end":{"line":26,"column":3}},"line":17},"2":{"name":"(anonymous_2)","decl":{"start":{"line":18,"column":26},"end":{"line":18,"column":27}},"loc":{"start":{"line":18,"column":38},"end":{"line":24,"column":5}},"line":18},"3":{"name":"(anonymous_3)","decl":{"start":{"line":32,"column":22},"end":{"line":32,"column":23}},"loc":{"start":{"line":33,"column":8},"end":{"line":40,"column":17}},"line":33}},"branchMap":{"0":{"loc":{"start":{"line":10,"column":32},"end":{"line":10,"column":84}},"type":"cond-expr","locations":[{"start":{"line":10,"column":66},"end":{"line":10,"column":74}},{"start":{"line":10,"column":77},"end":{"line":10,"column":84}}],"line":10},"1":{"loc":{"start":{"line":12,"column":14},"end":{"line":15,"column":63}},"type":"cond-expr","locations":[{"start":{"line":14,"column":6},"end":{"line":14,"column":67}},{"start":{"line":15,"column":6},"end":{"line":15,"column":63}}],"line":12}},"s":{"0":5,"1":5,"2":5,"3":5,"4":5,"5":5,"6":3,"7":3,"8":1,"9":1,"10":1,"11":3,"12":5,"13":5},"f":{"0":5,"1":3,"2":3,"3":5},"b":{"0":[2,3],"1":[2,3]},"_coverageSchema":"1a1c01bbd47fc00a2c39e90264f33305004495a9","hash":"42ed034b237765873faf5d511d377c9881bd2846"}
,"/home/yago/Trybe-Projetos/Front-End/Trybe-Projeto-10/sd-031-b-project-recipes-app/src/components/DoneRecipes.jsx": {"path":"/home/yago/Trybe-Projetos/Front-End/Trybe-Projeto-10/sd-031-b-project-recipes-app/src/components/DoneRecipes.jsx","statementMap":{"0":{"start":{"line":6,"column":13},"end":{"line":6,"column":38}},"1":{"start":{"line":9,"column":38},"end":{"line":9,"column":50}},"2":{"start":{"line":10,"column":30},"end":{"line":10,"column":45}},"3":{"start":{"line":11,"column":30},"end":{"line":11,"column":45}},"4":{"start":{"line":14,"column":2},"end":{"line":17,"column":9}},"5":{"start":{"line":15,"column":31},"end":{"line":15,"column":84}},"6":{"start":{"line":16,"column":4},"end":{"line":16,"column":38}},"7":{"start":{"line":19,"column":28},"end":{"line":20,"column":62}},"8":{"start":{"line":20,"column":26},"end":{"line":20,"column":61}},"9":{"start":{"line":22,"column":19},"end":{"line":25,"column":3}},"10":{"start":{"line":23,"column":4},"end":{"line":23,"column":41}},"11":{"start":{"line":24,"column":4},"end":{"line":24,"column":20}},"12":{"start":{"line":27,"column":2},"end":{"line":111,"column":4}},"13":{"start":{"line":35,"column":26},"end":{"line":35,"column":42}},"14":{"start":{"line":43,"column":26},"end":{"line":43,"column":43}},"15":{"start":{"line":51,"column":26},"end":{"line":51,"column":44}},"16":{"start":{"line":68,"column":8},"end":{"line":108,"column":14}},"17":{"start":{"line":87,"column":14},"end":{"line":93,"column":21}}},"fnMap":{"0":{"name":"DoneRecipes","decl":{"start":{"line":8,"column":9},"end":{"line":8,"column":20}},"loc":{"start":{"line":8,"column":23},"end":{"line":112,"column":1}},"line":8},"1":{"name":"(anonymous_1)","decl":{"start":{"line":14,"column":12},"end":{"line":14,"column":13}},"loc":{"start":{"line":14,"column":18},"end":{"line":17,"column":3}},"line":14},"2":{"name":"(anonymous_2)","decl":{"start":{"line":20,"column":12},"end":{"line":20,"column":13}},"loc":{"start":{"line":20,"column":26},"end":{"line":20,"column":61}},"line":20},"3":{"name":"(anonymous_3)","decl":{"start":{"line":22,"column":19},"end":{"line":22,"column":20}},"loc":{"start":{"line":22,"column":57},"end":{"line":25,"column":3}},"line":22},"4":{"name":"(anonymous_4)","decl":{"start":{"line":35,"column":20},"end":{"line":35,"column":21}},"loc":{"start":{"line":35,"column":26},"end":{"line":35,"column":42}},"line":35},"5":{"name":"(anonymous_5)","decl":{"start":{"line":43,"column":20},"end":{"line":43,"column":21}},"loc":{"start":{"line":43,"column":26},"end":{"line":43,"column":43}},"line":43},"6":{"name":"(anonymous_6)","decl":{"start":{"line":51,"column":20},"end":{"line":51,"column":21}},"loc":{"start":{"line":51,"column":26},"end":{"line":51,"column":44}},"line":51},"7":{"name":"(anonymous_7)","decl":{"start":{"line":57,"column":29},"end":{"line":57,"column":30}},"loc":{"start":{"line":68,"column":8},"end":{"line":108,"column":14}},"line":68},"8":{"name":"(anonymous_8)","decl":{"start":{"line":86,"column":23},"end":{"line":86,"column":24}},"loc":{"start":{"line":87,"column":14},"end":{"line":93,"column":21}},"line":87}},"branchMap":{"0":{"loc":{"start":{"line":15,"column":31},"end":{"line":15,"column":84}},"type":"binary-expr","locations":[{"start":{"line":15,"column":31},"end":{"line":15,"column":78}},{"start":{"line":15,"column":82},"end":{"line":15,"column":84}}],"line":15},"1":{"loc":{"start":{"line":20,"column":26},"end":{"line":20,"column":61}},"type":"binary-expr","locations":[{"start":{"line":20,"column":26},"end":{"line":20,"column":42}},{"start":{"line":20,"column":46},"end":{"line":20,"column":61}}],"line":20},"2":{"loc":{"start":{"line":83,"column":14},"end":{"line":83,"column":79}},"type":"cond-expr","locations":[{"start":{"line":83,"column":32},"end":{"line":83,"column":62}},{"start":{"line":83,"column":65},"end":{"line":83,"column":79}}],"line":83},"3":{"loc":{"start":{"line":107,"column":12},"end":{"line":107,"column":55}},"type":"cond-expr","locations":[{"start":{"line":107,"column":21},"end":{"line":107,"column":48}},{"start":{"line":107,"column":51},"end":{"line":107,"column":55}}],"line":107}},"s":{"0":2,"1":24,"2":24,"3":24,"4":24,"5":10,"6":10,"7":24,"8":28,"9":24,"10":1,"11":1,"12":24,"13":1,"14":1,"15":1,"16":26,"17":26},"f":{"0":24,"1":10,"2":28,"3":1,"4":1,"5":1,"6":1,"7":26,"8":26},"b":{"0":[10,0],"1":[28,4],"2":[13,13],"3":[2,24]},"_coverageSchema":"1a1c01bbd47fc00a2c39e90264f33305004495a9","hash":"b50a9bce47340ac530071d2502023018442a04e8"}
,"/home/yago/Trybe-Projetos/Front-End/Trybe-Projeto-10/sd-031-b-project-recipes-app/src/components/Drinks.js": {"path":"/home/yago/Trybe-Projetos/Front-End/Trybe-Projeto-10/sd-031-b-project-recipes-app/src/components/Drinks.js","statementMap":{"0":{"start":{"line":8,"column":32},"end":{"line":8,"column":44}},"1":{"start":{"line":10,"column":21},"end":{"line":10,"column":23}},"2":{"start":{"line":12,"column":2},"end":{"line":22,"column":9}},"3":{"start":{"line":13,"column":24},"end":{"line":20,"column":5}},"4":{"start":{"line":14,"column":23},"end":{"line":16,"column":7}},"5":{"start":{"line":17,"column":29},"end":{"line":17,"column":44}},"6":{"start":{"line":18,"column":27},"end":{"line":18,"column":62}},"7":{"start":{"line":19,"column":6},"end":{"line":19,"column":31}},"8":{"start":{"line":21,"column":4},"end":{"line":21,"column":18}},"9":{"start":{"line":24,"column":2},"end":{"line":51,"column":4}},"10":{"start":{"line":29,"column":8},"end":{"line":46,"column":14}}},"fnMap":{"0":{"name":"Drinks","decl":{"start":{"line":7,"column":9},"end":{"line":7,"column":15}},"loc":{"start":{"line":7,"column":18},"end":{"line":52,"column":1}},"line":7},"1":{"name":"(anonymous_1)","decl":{"start":{"line":12,"column":12},"end":{"line":12,"column":13}},"loc":{"start":{"line":12,"column":18},"end":{"line":22,"column":3}},"line":12},"2":{"name":"(anonymous_2)","decl":{"start":{"line":13,"column":24},"end":{"line":13,"column":25}},"loc":{"start":{"line":13,"column":36},"end":{"line":20,"column":5}},"line":13},"3":{"name":"(anonymous_3)","decl":{"start":{"line":28,"column":19},"end":{"line":28,"column":20}},"loc":{"start":{"line":29,"column":8},"end":{"line":46,"column":14}},"line":29}},"branchMap":{},"s":{"0":2,"1":2,"2":2,"3":1,"4":1,"5":1,"6":1,"7":1,"8":1,"9":2,"10":12},"f":{"0":2,"1":1,"2":1,"3":12},"b":{},"_coverageSchema":"1a1c01bbd47fc00a2c39e90264f33305004495a9","hash":"8d2b06bad7a5aded54e1f98f125222427d29e775"}
,"/home/yago/Trybe-Projetos/Front-End/Trybe-Projeto-10/sd-031-b-project-recipes-app/src/components/FavoriteRecipes.js": {"path":"/home/yago/Trybe-Projetos/Front-End/Trybe-Projeto-10/sd-031-b-project-recipes-app/src/components/FavoriteRecipes.js","statementMap":{"0":{"start":{"line":10,"column":13},"end":{"line":10,"column":38}},"1":{"start":{"line":13,"column":32},"end":{"line":13,"column":47}},"2":{"start":{"line":14,"column":42},"end":{"line":14,"column":54}},"3":{"start":{"line":15,"column":30},"end":{"line":15,"column":45}},"4":{"start":{"line":17,"column":2},"end":{"line":21,"column":9}},"5":{"start":{"line":18,"column":29},"end":{"line":18,"column":86}},"6":{"start":{"line":19,"column":4},"end":{"line":19,"column":33}},"7":{"start":{"line":20,"column":4},"end":{"line":20,"column":38}},"8":{"start":{"line":23,"column":29},"end":{"line":26,"column":3}},"9":{"start":{"line":24,"column":28},"end":{"line":24,"column":76}},"10":{"start":{"line":24,"column":55},"end":{"line":24,"column":75}},"11":{"start":{"line":25,"column":4},"end":{"line":25,"column":37}},"12":{"start":{"line":28,"column":19},"end":{"line":31,"column":3}},"13":{"start":{"line":29,"column":4},"end":{"line":29,"column":41}},"14":{"start":{"line":30,"column":4},"end":{"line":30,"column":20}},"15":{"start":{"line":33,"column":25},"end":{"line":38,"column":3}},"16":{"start":{"line":34,"column":24},"end":{"line":34,"column":75}},"17":{"start":{"line":35,"column":16},"end":{"line":35,"column":72}},"18":{"start":{"line":35,"column":48},"end":{"line":35,"column":71}},"19":{"start":{"line":36,"column":4},"end":{"line":36,"column":65}},"20":{"start":{"line":37,"column":4},"end":{"line":37,"column":25}},"21":{"start":{"line":40,"column":2},"end":{"line":119,"column":4}},"22":{"start":{"line":45,"column":26},"end":{"line":45,"column":50}},"23":{"start":{"line":52,"column":26},"end":{"line":52,"column":53}},"24":{"start":{"line":59,"column":26},"end":{"line":59,"column":52}},"25":{"start":{"line":69,"column":12},"end":{"line":73,"column":13}},"26":{"start":{"line":70,"column":26},"end":{"line":70,"column":54}},"27":{"start":{"line":71,"column":27},"end":{"line":71,"column":56}},"28":{"start":{"line":72,"column":21},"end":{"line":72,"column":33}},"29":{"start":{"line":75,"column":12},"end":{"line":113,"column":18}},"30":{"start":{"line":105,"column":32},"end":{"line":105,"column":54}}},"fnMap":{"0":{"name":"FavoriteRecipes","decl":{"start":{"line":12,"column":24},"end":{"line":12,"column":39}},"loc":{"start":{"line":12,"column":42},"end":{"line":120,"column":1}},"line":12},"1":{"name":"(anonymous_1)","decl":{"start":{"line":17,"column":12},"end":{"line":17,"column":13}},"loc":{"start":{"line":17,"column":18},"end":{"line":21,"column":3}},"line":17},"2":{"name":"(anonymous_2)","decl":{"start":{"line":23,"column":29},"end":{"line":23,"column":30}},"loc":{"start":{"line":23,"column":39},"end":{"line":26,"column":3}},"line":23},"3":{"name":"(anonymous_3)","decl":{"start":{"line":24,"column":43},"end":{"line":24,"column":44}},"loc":{"start":{"line":24,"column":55},"end":{"line":24,"column":75}},"line":24},"4":{"name":"(anonymous_4)","decl":{"start":{"line":28,"column":19},"end":{"line":28,"column":20}},"loc":{"start":{"line":28,"column":57},"end":{"line":31,"column":3}},"line":28},"5":{"name":"(anonymous_5)","decl":{"start":{"line":33,"column":25},"end":{"line":33,"column":26}},"loc":{"start":{"line":33,"column":36},"end":{"line":38,"column":3}},"line":33},"6":{"name":"(anonymous_6)","decl":{"start":{"line":35,"column":35},"end":{"line":35,"column":36}},"loc":{"start":{"line":35,"column":48},"end":{"line":35,"column":71}},"line":35},"7":{"name":"(anonymous_7)","decl":{"start":{"line":45,"column":20},"end":{"line":45,"column":21}},"loc":{"start":{"line":45,"column":26},"end":{"line":45,"column":50}},"line":45},"8":{"name":"(anonymous_8)","decl":{"start":{"line":52,"column":20},"end":{"line":52,"column":21}},"loc":{"start":{"line":52,"column":26},"end":{"line":52,"column":53}},"line":52},"9":{"name":"(anonymous_9)","decl":{"start":{"line":59,"column":20},"end":{"line":59,"column":21}},"loc":{"start":{"line":59,"column":26},"end":{"line":59,"column":52}},"line":59},"10":{"name":"(anonymous_10)","decl":{"start":{"line":68,"column":30},"end":{"line":68,"column":31}},"loc":{"start":{"line":68,"column":40},"end":{"line":74,"column":11}},"line":68},"11":{"name":"(anonymous_11)","decl":{"start":{"line":74,"column":17},"end":{"line":74,"column":18}},"loc":{"start":{"line":75,"column":12},"end":{"line":113,"column":18}},"line":75},"12":{"name":"(anonymous_12)","decl":{"start":{"line":105,"column":26},"end":{"line":105,"column":27}},"loc":{"start":{"line":105,"column":32},"end":{"line":105,"column":54}},"line":105}},"branchMap":{"0":{"loc":{"start":{"line":18,"column":29},"end":{"line":18,"column":86}},"type":"binary-expr","locations":[{"start":{"line":18,"column":29},"end":{"line":18,"column":80}},{"start":{"line":18,"column":84},"end":{"line":18,"column":86}}],"line":18},"1":{"loc":{"start":{"line":69,"column":12},"end":{"line":73,"column":13}},"type":"switch","locations":[{"start":{"line":70,"column":12},"end":{"line":70,"column":54}},{"start":{"line":71,"column":12},"end":{"line":71,"column":56}},{"start":{"line":72,"column":12},"end":{"line":72,"column":33}}],"line":69},"2":{"loc":{"start":{"line":117,"column":7},"end":{"line":117,"column":42}},"type":"binary-expr","locations":[{"start":{"line":117,"column":7},"end":{"line":117,"column":13}},{"start":{"line":117,"column":17},"end":{"line":117,"column":42}}],"line":117}},"s":{"0":2,"1":7,"2":7,"3":7,"4":7,"5":2,"6":2,"7":2,"8":7,"9":2,"10":0,"11":2,"12":7,"13":0,"14":0,"15":7,"16":0,"17":0,"18":0,"19":0,"20":0,"21":7,"22":1,"23":1,"24":1,"25":0,"26":0,"27":0,"28":0,"29":0,"30":0},"f":{"0":7,"1":2,"2":2,"3":0,"4":0,"5":0,"6":0,"7":1,"8":1,"9":1,"10":0,"11":0,"12":0},"b":{"0":[2,2],"1":[0,0,0],"2":[7,0]},"_coverageSchema":"1a1c01bbd47fc00a2c39e90264f33305004495a9","hash":"5727ee00ea116649fc6c27bb3526a05df8717415"}
,"/home/yago/Trybe-Projetos/Front-End/Trybe-Projeto-10/sd-031-b-project-recipes-app/src/components/Footer.js": {"path":"/home/yago/Trybe-Projetos/Front-End/Trybe-Projeto-10/sd-031-b-project-recipes-app/src/components/Footer.js","statementMap":{"0":{"start":{"line":6,"column":2},"end":{"line":36,"column":4}}},"fnMap":{"0":{"name":"Footer","decl":{"start":{"line":5,"column":9},"end":{"line":5,"column":15}},"loc":{"start":{"line":5,"column":18},"end":{"line":37,"column":1}},"line":5}},"branchMap":{},"s":{"0":19},"f":{"0":19},"b":{},"_coverageSchema":"1a1c01bbd47fc00a2c39e90264f33305004495a9","hash":"5aa6fde604e05d93468899d3bc67add12ff5636d"}
,"/home/yago/Trybe-Projetos/Front-End/Trybe-Projeto-10/sd-031-b-project-recipes-app/src/components/Header.js": {"path":"/home/yago/Trybe-Projetos/Front-End/Trybe-Projeto-10/sd-031-b-project-recipes-app/src/components/Header.js","statementMap":{"0":{"start":{"line":8,"column":19},"end":{"line":8,"column":32}},"1":{"start":{"line":9,"column":44},"end":{"line":9,"column":59}},"2":{"start":{"line":11,"column":23},"end":{"line":26,"column":3}},"3":{"start":{"line":12,"column":4},"end":{"line":25,"column":5}},"4":{"start":{"line":14,"column":6},"end":{"line":14,"column":21}},"5":{"start":{"line":16,"column":6},"end":{"line":16,"column":22}},"6":{"start":{"line":18,"column":6},"end":{"line":18,"column":23}},"7":{"start":{"line":20,"column":6},"end":{"line":20,"column":28}},"8":{"start":{"line":22,"column":6},"end":{"line":22,"column":32}},"9":{"start":{"line":24,"column":6},"end":{"line":24,"column":16}},"10":{"start":{"line":28,"column":28},"end":{"line":30,"column":3}},"11":{"start":{"line":29,"column":4},"end":{"line":29,"column":37}},"12":{"start":{"line":32,"column":27},"end":{"line":48,"column":3}},"13":{"start":{"line":33,"column":4},"end":{"line":47,"column":5}},"14":{"start":{"line":34,"column":6},"end":{"line":46,"column":8}},"15":{"start":{"line":50,"column":2},"end":{"line":63,"column":4}}},"fnMap":{"0":{"name":"Header","decl":{"start":{"line":7,"column":9},"end":{"line":7,"column":15}},"loc":{"start":{"line":7,"column":18},"end":{"line":64,"column":1}},"line":7},"1":{"name":"(anonymous_1)","decl":{"start":{"line":11,"column":23},"end":{"line":11,"column":24}},"loc":{"start":{"line":11,"column":29},"end":{"line":26,"column":3}},"line":11},"2":{"name":"(anonymous_2)","decl":{"start":{"line":28,"column":28},"end":{"line":28,"column":29}},"loc":{"start":{"line":28,"column":34},"end":{"line":30,"column":3}},"line":28},"3":{"name":"(anonymous_3)","decl":{"start":{"line":32,"column":27},"end":{"line":32,"column":28}},"loc":{"start":{"line":32,"column":33},"end":{"line":48,"column":3}},"line":32}},"branchMap":{"0":{"loc":{"start":{"line":12,"column":4},"end":{"line":25,"column":5}},"type":"switch","locations":[{"start":{"line":13,"column":4},"end":{"line":14,"column":21}},{"start":{"line":15,"column":4},"end":{"line":16,"column":22}},{"start":{"line":17,"column":4},"end":{"line":18,"column":23}},{"start":{"line":19,"column":4},"end":{"line":20,"column":28}},{"start":{"line":21,"column":4},"end":{"line":22,"column":32}},{"start":{"line":23,"column":4},"end":{"line":24,"column":16}}],"line":12},"1":{"loc":{"start":{"line":33,"column":4},"end":{"line":47,"column":5}},"type":"if","locations":[{"start":{"line":33,"column":4},"end":{"line":47,"column":5}},{"start":{},"end":{}}],"line":33},"2":{"loc":{"start":{"line":33,"column":8},"end":{"line":33,"column":73}},"type":"binary-expr","locations":[{"start":{"line":33,"column":8},"end":{"line":33,"column":38}},{"start":{"line":33,"column":42},"end":{"line":33,"column":73}}],"line":33},"3":{"loc":{"start":{"line":61,"column":7},"end":{"line":61,"column":37}},"type":"binary-expr","locations":[{"start":{"line":61,"column":7},"end":{"line":61,"column":20}},{"start":{"line":61,"column":24},"end":{"line":61,"column":37}}],"line":61}},"s":{"0":58,"1":58,"2":58,"3":58,"4":6,"5":3,"6":1,"7":1,"8":1,"9":46,"10":58,"11":2,"12":58,"13":58,"14":9,"15":58},"f":{"0":58,"1":58,"2":2,"3":58},"b":{"0":[6,3,1,1,1,46],"1":[9,49],"2":[58,52],"3":[58,1]},"_coverageSchema":"1a1c01bbd47fc00a2c39e90264f33305004495a9","hash":"0e33b4f9fcb3ec061997c2b8df150e27a2ca0fa5"}
,"/home/yago/Trybe-Projetos/Front-End/Trybe-Projeto-10/sd-031-b-project-recipes-app/src/components/Login.js": {"path":"/home/yago/Trybe-Projetos/Front-End/Trybe-Projeto-10/sd-031-b-project-recipes-app/src/components/Login.js","statementMap":{"0":{"start":{"line":13,"column":6},"end":{"line":13,"column":25}},"1":{"start":{"line":14,"column":18},"end":{"line":14,"column":30}},"2":{"start":{"line":16,"column":24},"end":{"line":19,"column":3}},"3":{"start":{"line":17,"column":23},"end":{"line":17,"column":51}},"4":{"start":{"line":18,"column":4},"end":{"line":18,"column":35}},"5":{"start":{"line":21,"column":27},"end":{"line":24,"column":3}},"6":{"start":{"line":22,"column":24},"end":{"line":22,"column":25}},"7":{"start":{"line":23,"column":4},"end":{"line":23,"column":52}},"8":{"start":{"line":23,"column":40},"end":{"line":23,"column":52}},"9":{"start":{"line":26,"column":28},"end":{"line":30,"column":3}},"10":{"start":{"line":27,"column":21},"end":{"line":27,"column":33}},"11":{"start":{"line":28,"column":4},"end":{"line":28,"column":23}},"12":{"start":{"line":29,"column":4},"end":{"line":29,"column":74}},"13":{"start":{"line":32,"column":31},"end":{"line":36,"column":3}},"14":{"start":{"line":33,"column":24},"end":{"line":33,"column":36}},"15":{"start":{"line":34,"column":4},"end":{"line":34,"column":29}},"16":{"start":{"line":35,"column":4},"end":{"line":35,"column":74}},"17":{"start":{"line":38,"column":23},"end":{"line":43,"column":3}},"18":{"start":{"line":39,"column":4},"end":{"line":39,"column":27}},"19":{"start":{"line":40,"column":17},"end":{"line":40,"column":26}},"20":{"start":{"line":41,"column":4},"end":{"line":41,"column":55}},"21":{"start":{"line":42,"column":4},"end":{"line":42,"column":27}},"22":{"start":{"line":52,"column":2},"end":{"line":89,"column":4}}},"fnMap":{"0":{"name":"Login","decl":{"start":{"line":5,"column":9},"end":{"line":5,"column":14}},"loc":{"start":{"line":5,"column":17},"end":{"line":90,"column":1}},"line":5},"1":{"name":"(anonymous_1)","decl":{"start":{"line":16,"column":24},"end":{"line":16,"column":25}},"loc":{"start":{"line":16,"column":36},"end":{"line":19,"column":3}},"line":16},"2":{"name":"(anonymous_2)","decl":{"start":{"line":21,"column":27},"end":{"line":21,"column":28}},"loc":{"start":{"line":21,"column":42},"end":{"line":24,"column":3}},"line":21},"3":{"name":"(anonymous_3)","decl":{"start":{"line":26,"column":28},"end":{"line":26,"column":29}},"loc":{"start":{"line":26,"column":44},"end":{"line":30,"column":3}},"line":26},"4":{"name":"(anonymous_4)","decl":{"start":{"line":32,"column":31},"end":{"line":32,"column":32}},"loc":{"start":{"line":32,"column":47},"end":{"line":36,"column":3}},"line":32},"5":{"name":"(anonymous_5)","decl":{"start":{"line":38,"column":23},"end":{"line":38,"column":24}},"loc":{"start":{"line":38,"column":34},"end":{"line":43,"column":3}},"line":38}},"branchMap":{"0":{"loc":{"start":{"line":23,"column":4},"end":{"line":23,"column":52}},"type":"if","locations":[{"start":{"line":23,"column":4},"end":{"line":23,"column":52}},{"start":{},"end":{}}],"line":23},"1":{"loc":{"start":{"line":29,"column":19},"end":{"line":29,"column":72}},"type":"binary-expr","locations":[{"start":{"line":29,"column":19},"end":{"line":29,"column":42}},{"start":{"line":29,"column":46},"end":{"line":29,"column":72}}],"line":29},"2":{"loc":{"start":{"line":35,"column":19},"end":{"line":35,"column":72}},"type":"binary-expr","locations":[{"start":{"line":35,"column":19},"end":{"line":35,"column":39}},{"start":{"line":35,"column":43},"end":{"line":35,"column":72}}],"line":35}},"s":{"0":59,"1":59,"2":59,"3":56,"4":56,"5":59,"6":20,"7":20,"8":1,"9":59,"10":49,"11":49,"12":49,"13":59,"14":7,"15":7,"16":7,"17":59,"18":1,"19":1,"20":1,"21":1,"22":59},"f":{"0":59,"1":56,"2":20,"3":49,"4":7,"5":1},"b":{"0":[1,19],"1":[49,13],"2":[7,7]},"_coverageSchema":"1a1c01bbd47fc00a2c39e90264f33305004495a9","hash":"e70d7473b3b056a55c64492feec67a5374b95a84"}
,"/home/yago/Trybe-Projetos/Front-End/Trybe-Projeto-10/sd-031-b-project-recipes-app/src/components/Meals.js": {"path":"/home/yago/Trybe-Projetos/Front-End/Trybe-Projeto-10/sd-031-b-project-recipes-app/src/components/Meals.js","statementMap":{"0":{"start":{"line":8,"column":32},"end":{"line":8,"column":44}},"1":{"start":{"line":10,"column":21},"end":{"line":10,"column":23}},"2":{"start":{"line":12,"column":2},"end":{"line":22,"column":9}},"3":{"start":{"line":13,"column":23},"end":{"line":20,"column":5}},"4":{"start":{"line":14,"column":23},"end":{"line":16,"column":7}},"5":{"start":{"line":17,"column":27},"end":{"line":17,"column":41}},"6":{"start":{"line":18,"column":26},"end":{"line":18,"column":59}},"7":{"start":{"line":19,"column":6},"end":{"line":19,"column":30}},"8":{"start":{"line":21,"column":4},"end":{"line":21,"column":17}},"9":{"start":{"line":24,"column":2},"end":{"line":52,"column":4}},"10":{"start":{"line":30,"column":10},"end":{"line":47,"column":16}}},"fnMap":{"0":{"name":"Meals","decl":{"start":{"line":7,"column":9},"end":{"line":7,"column":14}},"loc":{"start":{"line":7,"column":17},"end":{"line":53,"column":1}},"line":7},"1":{"name":"(anonymous_1)","decl":{"start":{"line":12,"column":12},"end":{"line":12,"column":13}},"loc":{"start":{"line":12,"column":18},"end":{"line":22,"column":3}},"line":12},"2":{"name":"(anonymous_2)","decl":{"start":{"line":13,"column":23},"end":{"line":13,"column":24}},"loc":{"start":{"line":13,"column":35},"end":{"line":20,"column":5}},"line":13},"3":{"name":"(anonymous_3)","decl":{"start":{"line":29,"column":20},"end":{"line":29,"column":21}},"loc":{"start":{"line":30,"column":10},"end":{"line":47,"column":16}},"line":30}},"branchMap":{},"s":{"0":2,"1":2,"2":2,"3":2,"4":2,"5":0,"6":0,"7":0,"8":2,"9":2,"10":0},"f":{"0":2,"1":2,"2":2,"3":0},"b":{},"_coverageSchema":"1a1c01bbd47fc00a2c39e90264f33305004495a9","hash":"b6142074b8cbdcb23515d043d531cc259d706118"}
,"/home/yago/Trybe-Projetos/Front-End/Trybe-Projeto-10/sd-031-b-project-recipes-app/src/components/Profile.js": {"path":"/home/yago/Trybe-Projetos/Front-End/Trybe-Projeto-10/sd-031-b-project-recipes-app/src/components/Profile.js","statementMap":{"0":{"start":{"line":7,"column":36},"end":{"line":7,"column":48}},"1":{"start":{"line":8,"column":18},"end":{"line":8,"column":30}},"2":{"start":{"line":10,"column":2},"end":{"line":13,"column":9}},"3":{"start":{"line":11,"column":22},"end":{"line":11,"column":70}},"4":{"start":{"line":12,"column":4},"end":{"line":12,"column":24}},"5":{"start":{"line":15,"column":28},"end":{"line":18,"column":3}},"6":{"start":{"line":16,"column":4},"end":{"line":16,"column":25}},"7":{"start":{"line":17,"column":4},"end":{"line":17,"column":22}},"8":{"start":{"line":20,"column":2},"end":{"line":51,"column":4}}},"fnMap":{"0":{"name":"Profile","decl":{"start":{"line":6,"column":9},"end":{"line":6,"column":16}},"loc":{"start":{"line":6,"column":19},"end":{"line":52,"column":1}},"line":6},"1":{"name":"(anonymous_1)","decl":{"start":{"line":10,"column":12},"end":{"line":10,"column":13}},"loc":{"start":{"line":10,"column":18},"end":{"line":13,"column":3}},"line":10},"2":{"name":"(anonymous_2)","decl":{"start":{"line":15,"column":28},"end":{"line":15,"column":29}},"loc":{"start":{"line":15,"column":34},"end":{"line":18,"column":3}},"line":15}},"branchMap":{"0":{"loc":{"start":{"line":11,"column":33},"end":{"line":11,"column":69}},"type":"binary-expr","locations":[{"start":{"line":11,"column":33},"end":{"line":11,"column":61}},{"start":{"line":11,"column":65},"end":{"line":11,"column":69}}],"line":11}},"s":{"0":10,"1":10,"2":10,"3":5,"4":5,"5":10,"6":1,"7":1,"8":10},"f":{"0":10,"1":5,"2":1},"b":{"0":[5,5]},"_coverageSchema":"1a1c01bbd47fc00a2c39e90264f33305004495a9","hash":"57cd0049b6b97b053730e4c8f9437f5f31975880"}
,"/home/yago/Trybe-Projetos/Front-End/Trybe-Projeto-10/sd-031-b-project-recipes-app/src/components/RecipeDrinks.js": {"path":"/home/yago/Trybe-Projetos/Front-End/Trybe-Projeto-10/sd-031-b-project-recipes-app/src/components/RecipeDrinks.js","statementMap":{"0":{"start":{"line":21,"column":8},"end":{"line":21,"column":18}},"1":{"start":{"line":22,"column":4},"end":{"line":110,"column":11}},"2":{"start":{"line":28,"column":30},"end":{"line":28,"column":44}},"3":{"start":{"line":37,"column":30},"end":{"line":37,"column":47}},"4":{"start":{"line":56,"column":20},"end":{"line":63,"column":24}},"5":{"start":{"line":77,"column":18},"end":{"line":89,"column":24}},"6":{"start":{"line":99,"column":36},"end":{"line":99,"column":50}},"7":{"start":{"line":114,"column":0},"end":{"line":129,"column":2}}},"fnMap":{"0":{"name":"(anonymous_0)","decl":{"start":{"line":5,"column":2},"end":{"line":5,"column":3}},"loc":{"start":{"line":5,"column":11},"end":{"line":111,"column":3}},"line":5},"1":{"name":"(anonymous_1)","decl":{"start":{"line":28,"column":24},"end":{"line":28,"column":25}},"loc":{"start":{"line":28,"column":30},"end":{"line":28,"column":44}},"line":28},"2":{"name":"(anonymous_2)","decl":{"start":{"line":37,"column":24},"end":{"line":37,"column":25}},"loc":{"start":{"line":37,"column":30},"end":{"line":37,"column":47}},"line":37},"3":{"name":"(anonymous_3)","decl":{"start":{"line":55,"column":34},"end":{"line":55,"column":35}},"loc":{"start":{"line":56,"column":20},"end":{"line":63,"column":24}},"line":56},"4":{"name":"(anonymous_4)","decl":{"start":{"line":76,"column":35},"end":{"line":76,"column":36}},"loc":{"start":{"line":77,"column":18},"end":{"line":89,"column":24}},"line":77},"5":{"name":"(anonymous_5)","decl":{"start":{"line":99,"column":30},"end":{"line":99,"column":31}},"loc":{"start":{"line":99,"column":36},"end":{"line":99,"column":50}},"line":99}},"branchMap":{"0":{"loc":{"start":{"line":23,"column":6},"end":{"line":110,"column":9}},"type":"binary-expr","locations":[{"start":{"line":23,"column":6},"end":{"line":23,"column":23}},{"start":{"line":23,"column":27},"end":{"line":23,"column":44}},{"start":{"line":25,"column":10},"end":{"line":109,"column":16}}],"line":23},"1":{"loc":{"start":{"line":33,"column":14},"end":{"line":33,"column":51}},"type":"binary-expr","locations":[{"start":{"line":33,"column":14},"end":{"line":33,"column":28}},{"start":{"line":33,"column":32},"end":{"line":33,"column":51}}],"line":33},"2":{"loc":{"start":{"line":39,"column":16},"end":{"line":41,"column":32}},"type":"cond-expr","locations":[{"start":{"line":40,"column":20},"end":{"line":40,"column":34}},{"start":{"line":41,"column":20},"end":{"line":41,"column":32}}],"line":39},"3":{"loc":{"start":{"line":45,"column":16},"end":{"line":47,"column":68}},"type":"cond-expr","locations":[{"start":{"line":46,"column":20},"end":{"line":46,"column":73}},{"start":{"line":47,"column":20},"end":{"line":47,"column":68}}],"line":45},"4":{"loc":{"start":{"line":94,"column":14},"end":{"line":107,"column":17}},"type":"binary-expr","locations":[{"start":{"line":94,"column":14},"end":{"line":94,"column":27}},{"start":{"line":96,"column":18},"end":{"line":106,"column":27}}],"line":94},"5":{"loc":{"start":{"line":102,"column":22},"end":{"line":104,"column":40}},"type":"cond-expr","locations":[{"start":{"line":103,"column":26},"end":{"line":103,"column":43}},{"start":{"line":104,"column":26},"end":{"line":104,"column":40}}],"line":102},"6":{"loc":{"start":{"line":102,"column":22},"end":{"line":102,"column":81}},"type":"binary-expr","locations":[{"start":{"line":102,"column":22},"end":{"line":102,"column":75}},{"start":{"line":102,"column":79},"end":{"line":102,"column":81}}],"line":102}},"s":{"0":0,"1":0,"2":0,"3":0,"4":0,"5":0,"6":0,"7":1},"f":{"0":0,"1":0,"2":0,"3":0,"4":0,"5":0},"b":{"0":[0,0,0],"1":[0,0],"2":[0,0],"3":[0,0],"4":[0,0],"5":[0,0],"6":[0,0]},"_coverageSchema":"1a1c01bbd47fc00a2c39e90264f33305004495a9","hash":"2fc50a70555d0111d2b15927323949435d90cc11"}
,"/home/yago/Trybe-Projetos/Front-End/Trybe-Projeto-10/sd-031-b-project-recipes-app/src/components/RecipeInProgress.js": {"path":"/home/yago/Trybe-Projetos/Front-End/Trybe-Projeto-10/sd-031-b-project-recipes-app/src/components/RecipeInProgress.js","statementMap":{"0":{"start":{"line":9,"column":23},"end":{"line":9,"column":36}},"1":{"start":{"line":10,"column":54},"end":{"line":10,"column":66}},"2":{"start":{"line":11,"column":30},"end":{"line":11,"column":42}},"3":{"start":{"line":12,"column":42},"end":{"line":12,"column":57}},"4":{"start":{"line":13,"column":60},"end":{"line":13,"column":75}},"5":{"start":{"line":14,"column":38},"end":{"line":14,"column":53}},"6":{"start":{"line":16,"column":20},"end":{"line":16,"column":42}},"7":{"start":{"line":17,"column":15},"end":{"line":17,"column":37}},"8":{"start":{"line":19,"column":16},"end":{"line":19,"column":55}},"9":{"start":{"line":21,"column":2},"end":{"line":43,"column":28}},"10":{"start":{"line":22,"column":24},"end":{"line":37,"column":5}},"11":{"start":{"line":24,"column":6},"end":{"line":32,"column":7}},"12":{"start":{"line":25,"column":8},"end":{"line":27,"column":10}},"13":{"start":{"line":29,"column":8},"end":{"line":31,"column":10}},"14":{"start":{"line":33,"column":27},"end":{"line":33,"column":51}},"15":{"start":{"line":34,"column":26},"end":{"line":34,"column":52}},"16":{"start":{"line":35,"column":25},"end":{"line":35,"column":85}},"17":{"start":{"line":36,"column":6},"end":{"line":36,"column":28}},"18":{"start":{"line":38,"column":21},"end":{"line":38,"column":78}},"19":{"start":{"line":39,"column":29},"end":{"line":39,"column":73}},"20":{"start":{"line":39,"column":52},"end":{"line":39,"column":72}},"21":{"start":{"line":40,"column":4},"end":{"line":40,"column":34}},"22":{"start":{"line":41,"column":4},"end":{"line":41,"column":36}},"23":{"start":{"line":42,"column":4},"end":{"line":42,"column":18}},"24":{"start":{"line":46,"column":2},"end":{"line":51,"column":18}},"25":{"start":{"line":47,"column":26},"end":{"line":47,"column":79}},"26":{"start":{"line":48,"column":4},"end":{"line":50,"column":5}},"27":{"start":{"line":49,"column":6},"end":{"line":49,"column":54}},"28":{"start":{"line":54,"column":2},"end":{"line":58,"column":38}},"29":{"start":{"line":55,"column":26},"end":{"line":55,"column":85}},"30":{"start":{"line":56,"column":4},"end":{"line":56,"column":50}},"31":{"start":{"line":57,"column":4},"end":{"line":57,"column":77}},"32":{"start":{"line":60,"column":18},"end":{"line":60,"column":59}},"33":{"start":{"line":61,"column":19},"end":{"line":61,"column":70}},"34":{"start":{"line":62,"column":18},"end":{"line":62,"column":53}},"35":{"start":{"line":64,"column":22},"end":{"line":64,"column":24}},"36":{"start":{"line":65,"column":19},"end":{"line":65,"column":21}},"37":{"start":{"line":66,"column":22},"end":{"line":66,"column":24}},"38":{"start":{"line":67,"column":2},"end":{"line":74,"column":3}},"39":{"start":{"line":67,"column":15},"end":{"line":67,"column":16}},"40":{"start":{"line":68,"column":4},"end":{"line":70,"column":5}},"41":{"start":{"line":69,"column":6},"end":{"line":69,"column":52}},"42":{"start":{"line":71,"column":4},"end":{"line":73,"column":5}},"43":{"start":{"line":72,"column":6},"end":{"line":72,"column":46}},"44":{"start":{"line":76,"column":31},"end":{"line":80,"column":3}},"45":{"start":{"line":77,"column":34},"end":{"line":77,"column":57}},"46":{"start":{"line":78,"column":4},"end":{"line":78,"column":65}},"47":{"start":{"line":79,"column":4},"end":{"line":79,"column":49}},"48":{"start":{"line":82,"column":25},"end":{"line":89,"column":3}},"49":{"start":{"line":83,"column":31},"end":{"line":83,"column":35}},"50":{"start":{"line":84,"column":4},"end":{"line":84,"column":55}},"51":{"start":{"line":85,"column":4},"end":{"line":85,"column":26}},"52":{"start":{"line":86,"column":4},"end":{"line":88,"column":27}},"53":{"start":{"line":87,"column":6},"end":{"line":87,"column":29}},"54":{"start":{"line":91,"column":25},"end":{"line":114,"column":3}},"55":{"start":{"line":92,"column":28},"end":{"line":92,"column":85}},"56":{"start":{"line":93,"column":24},"end":{"line":101,"column":5}},"57":{"start":{"line":102,"column":29},"end":{"line":103,"column":57}},"58":{"start":{"line":103,"column":26},"end":{"line":103,"column":56}},"59":{"start":{"line":104,"column":4},"end":{"line":113,"column":5}},"60":{"start":{"line":105,"column":33},"end":{"line":106,"column":61}},"61":{"start":{"line":106,"column":30},"end":{"line":106,"column":60}},"62":{"start":{"line":107,"column":6},"end":{"line":107,"column":82}},"63":{"start":{"line":108,"column":6},"end":{"line":108,"column":27}},"64":{"start":{"line":110,"column":6},"end":{"line":111,"column":87}},"65":{"start":{"line":112,"column":6},"end":{"line":112,"column":26}},"66":{"start":{"line":116,"column":2},"end":{"line":119,"column":27}},"67":{"start":{"line":117,"column":23},"end":{"line":117,"column":73}},"68":{"start":{"line":117,"column":63},"end":{"line":117,"column":72}},"69":{"start":{"line":118,"column":4},"end":{"line":118,"column":41}},"70":{"start":{"line":121,"column":2},"end":{"line":190,"column":4}},"71":{"start":{"line":135,"column":10},"end":{"line":154,"column":16}},"72":{"start":{"line":148,"column":33},"end":{"line":148,"column":60}}},"fnMap":{"0":{"name":"RecipeInProgress","decl":{"start":{"line":8,"column":24},"end":{"line":8,"column":40}},"loc":{"start":{"line":8,"column":43},"end":{"line":191,"column":1}},"line":8},"1":{"name":"(anonymous_1)","decl":{"start":{"line":21,"column":12},"end":{"line":21,"column":13}},"loc":{"start":{"line":21,"column":18},"end":{"line":43,"column":3}},"line":21},"2":{"name":"(anonymous_2)","decl":{"start":{"line":22,"column":24},"end":{"line":22,"column":25}},"loc":{"start":{"line":22,"column":36},"end":{"line":37,"column":5}},"line":22},"3":{"name":"(anonymous_3)","decl":{"start":{"line":39,"column":43},"end":{"line":39,"column":44}},"loc":{"start":{"line":39,"column":52},"end":{"line":39,"column":72}},"line":39},"4":{"name":"(anonymous_4)","decl":{"start":{"line":46,"column":12},"end":{"line":46,"column":13}},"loc":{"start":{"line":46,"column":18},"end":{"line":51,"column":3}},"line":46},"5":{"name":"(anonymous_5)","decl":{"start":{"line":54,"column":12},"end":{"line":54,"column":13}},"loc":{"start":{"line":54,"column":18},"end":{"line":58,"column":3}},"line":54},"6":{"name":"(anonymous_6)","decl":{"start":{"line":76,"column":31},"end":{"line":76,"column":32}},"loc":{"start":{"line":76,"column":42},"end":{"line":80,"column":3}},"line":76},"7":{"name":"(anonymous_7)","decl":{"start":{"line":82,"column":25},"end":{"line":82,"column":26}},"loc":{"start":{"line":82,"column":31},"end":{"line":89,"column":3}},"line":82},"8":{"name":"(anonymous_8)","decl":{"start":{"line":86,"column":15},"end":{"line":86,"column":16}},"loc":{"start":{"line":86,"column":21},"end":{"line":88,"column":5}},"line":86},"9":{"name":"(anonymous_9)","decl":{"start":{"line":91,"column":25},"end":{"line":91,"column":26}},"loc":{"start":{"line":91,"column":31},"end":{"line":114,"column":3}},"line":91},"10":{"name":"(anonymous_10)","decl":{"start":{"line":103,"column":12},"end":{"line":103,"column":13}},"loc":{"start":{"line":103,"column":26},"end":{"line":103,"column":56}},"line":103},"11":{"name":"(anonymous_11)","decl":{"start":{"line":106,"column":16},"end":{"line":106,"column":17}},"loc":{"start":{"line":106,"column":30},"end":{"line":106,"column":60}},"line":106},"12":{"name":"(anonymous_12)","decl":{"start":{"line":116,"column":12},"end":{"line":116,"column":13}},"loc":{"start":{"line":116,"column":18},"end":{"line":119,"column":3}},"line":116},"13":{"name":"(anonymous_13)","decl":{"start":{"line":117,"column":48},"end":{"line":117,"column":49}},"loc":{"start":{"line":117,"column":63},"end":{"line":117,"column":72}},"line":117},"14":{"name":"(anonymous_14)","decl":{"start":{"line":134,"column":25},"end":{"line":134,"column":26}},"loc":{"start":{"line":135,"column":10},"end":{"line":154,"column":16}},"line":135},"15":{"name":"(anonymous_15)","decl":{"start":{"line":148,"column":27},"end":{"line":148,"column":28}},"loc":{"start":{"line":148,"column":33},"end":{"line":148,"column":60}},"line":148}},"branchMap":{"0":{"loc":{"start":{"line":19,"column":16},"end":{"line":19,"column":55}},"type":"cond-expr","locations":[{"start":{"line":19,"column":35},"end":{"line":19,"column":43}},{"start":{"line":19,"column":46},"end":{"line":19,"column":55}}],"line":19},"1":{"loc":{"start":{"line":24,"column":6},"end":{"line":32,"column":7}},"type":"if","locations":[{"start":{"line":24,"column":6},"end":{"line":32,"column":7}},{"start":{"line":28,"column":13},"end":{"line":32,"column":7}}],"line":24},"2":{"loc":{"start":{"line":35,"column":25},"end":{"line":35,"column":85}},"type":"cond-expr","locations":[{"start":{"line":35,"column":39},"end":{"line":35,"column":60}},{"start":{"line":35,"column":63},"end":{"line":35,"column":85}}],"line":35},"3":{"loc":{"start":{"line":38,"column":21},"end":{"line":38,"column":78}},"type":"binary-expr","locations":[{"start":{"line":38,"column":21},"end":{"line":38,"column":72}},{"start":{"line":38,"column":76},"end":{"line":38,"column":78}}],"line":38},"4":{"loc":{"start":{"line":48,"column":4},"end":{"line":50,"column":5}},"type":"if","locations":[{"start":{"line":48,"column":4},"end":{"line":50,"column":5}},{"start":{},"end":{}}],"line":48},"5":{"loc":{"start":{"line":48,"column":8},"end":{"line":48,"column":49}},"type":"binary-expr","locations":[{"start":{"line":48,"column":8},"end":{"line":48,"column":21}},{"start":{"line":48,"column":25},"end":{"line":48,"column":49}}],"line":48},"6":{"loc":{"start":{"line":55,"column":26},"end":{"line":55,"column":85}},"type":"binary-expr","locations":[{"start":{"line":55,"column":26},"end":{"line":55,"column":79}},{"start":{"line":55,"column":83},"end":{"line":55,"column":85}}],"line":55},"7":{"loc":{"start":{"line":60,"column":18},"end":{"line":60,"column":59}},"type":"cond-expr","locations":[{"start":{"line":60,"column":37},"end":{"line":60,"column":46}},{"start":{"line":60,"column":49},"end":{"line":60,"column":59}}],"line":60},"8":{"loc":{"start":{"line":61,"column":19},"end":{"line":61,"column":70}},"type":"cond-expr","locations":[{"start":{"line":61,"column":38},"end":{"line":61,"column":52}},{"start":{"line":61,"column":55},"end":{"line":61,"column":70}}],"line":61},"9":{"loc":{"start":{"line":62,"column":18},"end":{"line":62,"column":53}},"type":"cond-expr","locations":[{"start":{"line":62,"column":37},"end":{"line":62,"column":43}},{"start":{"line":62,"column":46},"end":{"line":62,"column":53}}],"line":62},"10":{"loc":{"start":{"line":68,"column":4},"end":{"line":70,"column":5}},"type":"if","locations":[{"start":{"line":68,"column":4},"end":{"line":70,"column":5}},{"start":{},"end":{}}],"line":68},"11":{"loc":{"start":{"line":68,"column":8},"end":{"line":68,"column":82}},"type":"binary-expr","locations":[{"start":{"line":68,"column":8},"end":{"line":68,"column":44}},{"start":{"line":68,"column":48},"end":{"line":68,"column":82}}],"line":68},"12":{"loc":{"start":{"line":71,"column":4},"end":{"line":73,"column":5}},"type":"if","locations":[{"start":{"line":71,"column":4},"end":{"line":73,"column":5}},{"start":{},"end":{}}],"line":71},"13":{"loc":{"start":{"line":71,"column":8},"end":{"line":71,"column":76}},"type":"binary-expr","locations":[{"start":{"line":71,"column":8},"end":{"line":71,"column":41}},{"start":{"line":71,"column":45},"end":{"line":71,"column":76}}],"line":71},"14":{"loc":{"start":{"line":92,"column":28},"end":{"line":92,"column":85}},"type":"binary-expr","locations":[{"start":{"line":92,"column":28},"end":{"line":92,"column":79}},{"start":{"line":92,"column":83},"end":{"line":92,"column":85}}],"line":92},"15":{"loc":{"start":{"line":96,"column":19},"end":{"line":96,"column":39}},"type":"binary-expr","locations":[{"start":{"line":96,"column":19},"end":{"line":96,"column":33}},{"start":{"line":96,"column":37},"end":{"line":96,"column":39}}],"line":96},"16":{"loc":{"start":{"line":97,"column":16},"end":{"line":97,"column":40}},"type":"binary-expr","locations":[{"start":{"line":97,"column":16},"end":{"line":97,"column":34}},{"start":{"line":97,"column":38},"end":{"line":97,"column":40}}],"line":97},"17":{"loc":{"start":{"line":98,"column":22},"end":{"line":98,"column":47}},"type":"binary-expr","locations":[{"start":{"line":98,"column":22},"end":{"line":98,"column":41}},{"start":{"line":98,"column":45},"end":{"line":98,"column":47}}],"line":98},"18":{"loc":{"start":{"line":104,"column":4},"end":{"line":113,"column":5}},"type":"if","locations":[{"start":{"line":104,"column":4},"end":{"line":113,"column":5}},{"start":{"line":109,"column":11},"end":{"line":113,"column":5}}],"line":104},"19":{"loc":{"start":{"line":138,"column":24},"end":{"line":138,"column":71}},"type":"cond-expr","locations":[{"start":{"line":138,"column":52},"end":{"line":138,"column":66}},{"start":{"line":138,"column":69},"end":{"line":138,"column":71}}],"line":138},"20":{"loc":{"start":{"line":147,"column":26},"end":{"line":147,"column":60}},"type":"binary-expr","locations":[{"start":{"line":147,"column":26},"end":{"line":147,"column":51}},{"start":{"line":147,"column":55},"end":{"line":147,"column":60}}],"line":147},"21":{"loc":{"start":{"line":162,"column":10},"end":{"line":162,"column":44}},"type":"cond-expr","locations":[{"start":{"line":162,"column":25},"end":{"line":162,"column":39}},{"start":{"line":162,"column":42},"end":{"line":162,"column":44}}],"line":162},"22":{"loc":{"start":{"line":176,"column":16},"end":{"line":176,"column":60}},"type":"cond-expr","locations":[{"start":{"line":176,"column":29},"end":{"line":176,"column":43}},{"start":{"line":176,"column":46},"end":{"line":176,"column":60}}],"line":176},"23":{"loc":{"start":{"line":180,"column":9},"end":{"line":180,"column":50}},"type":"cond-expr","locations":[{"start":{"line":180,"column":22},"end":{"line":180,"column":36}},{"start":{"line":180,"column":39},"end":{"line":180,"column":50}}],"line":180}},"s":{"0":10,"1":10,"2":10,"3":10,"4":10,"5":10,"6":10,"7":10,"8":10,"9":10,"10":3,"11":3,"12":0,"13":3,"14":0,"15":0,"16":0,"17":0,"18":3,"19":3,"20":0,"21":3,"22":3,"23":3,"24":10,"25":3,"26":3,"27":2,"28":10,"29":6,"30":6,"31":6,"32":10,"33":10,"34":10,"35":10,"36":10,"37":10,"38":10,"39":10,"40":100,"41":100,"42":100,"43":100,"44":10,"45":1,"46":1,"47":1,"48":10,"49":0,"50":0,"51":0,"52":0,"53":0,"54":10,"55":0,"56":0,"57":0,"58":0,"59":0,"60":0,"61":0,"62":0,"63":0,"64":0,"65":0,"66":10,"67":6,"68":1,"69":6,"70":10,"71":100,"72":1},"f":{"0":10,"1":3,"2":3,"3":0,"4":3,"5":6,"6":1,"7":0,"8":0,"9":0,"10":0,"11":0,"12":6,"13":1,"14":100,"15":1},"b":{"0":[0,10],"1":[0,3],"2":[0,0],"3":[3,3],"4":[2,1],"5":[3,2],"6":[6,1],"7":[0,10],"8":[0,10],"9":[0,10],"10":[100,0],"11":[100,100],"12":[100,0],"13":[100,100],"14":[0,0],"15":[0,0],"16":[0,0],"17":[0,0],"18":[0,0],"19":[2,98],"20":[100,98],"21":[0,10],"22":[0,10],"23":[0,10]},"_coverageSchema":"1a1c01bbd47fc00a2c39e90264f33305004495a9","hash":"9b78253aadda8298832720c087fa84d6956e059a"}
,"/home/yago/Trybe-Projetos/Front-End/Trybe-Projeto-10/sd-031-b-project-recipes-app/src/components/RecipeMeals.js": {"path":"/home/yago/Trybe-Projetos/Front-End/Trybe-Projeto-10/sd-031-b-project-recipes-app/src/components/RecipeMeals.js","statementMap":{"0":{"start":{"line":21,"column":8},"end":{"line":21,"column":18}},"1":{"start":{"line":22,"column":4},"end":{"line":124,"column":6}},"2":{"start":{"line":30,"column":30},"end":{"line":30,"column":44}},"3":{"start":{"line":39,"column":30},"end":{"line":39,"column":47}},"4":{"start":{"line":58,"column":20},"end":{"line":65,"column":24}},"5":{"start":{"line":89,"column":18},"end":{"line":101,"column":24}},"6":{"start":{"line":111,"column":36},"end":{"line":111,"column":50}},"7":{"start":{"line":128,"column":0},"end":{"line":143,"column":2}}},"fnMap":{"0":{"name":"(anonymous_0)","decl":{"start":{"line":5,"column":2},"end":{"line":5,"column":3}},"loc":{"start":{"line":5,"column":11},"end":{"line":125,"column":3}},"line":5},"1":{"name":"(anonymous_1)","decl":{"start":{"line":30,"column":24},"end":{"line":30,"column":25}},"loc":{"start":{"line":30,"column":30},"end":{"line":30,"column":44}},"line":30},"2":{"name":"(anonymous_2)","decl":{"start":{"line":39,"column":24},"end":{"line":39,"column":25}},"loc":{"start":{"line":39,"column":30},"end":{"line":39,"column":47}},"line":39},"3":{"name":"(anonymous_3)","decl":{"start":{"line":57,"column":34},"end":{"line":57,"column":35}},"loc":{"start":{"line":58,"column":20},"end":{"line":65,"column":24}},"line":58},"4":{"name":"(anonymous_4)","decl":{"start":{"line":88,"column":35},"end":{"line":88,"column":36}},"loc":{"start":{"line":89,"column":18},"end":{"line":101,"column":24}},"line":89},"5":{"name":"(anonymous_5)","decl":{"start":{"line":111,"column":30},"end":{"line":111,"column":31}},"loc":{"start":{"line":111,"column":36},"end":{"line":111,"column":50}},"line":111}},"branchMap":{"0":{"loc":{"start":{"line":24,"column":9},"end":{"line":24,"column":54}},"type":"binary-expr","locations":[{"start":{"line":24,"column":9},"end":{"line":24,"column":28}},{"start":{"line":24,"column":32},"end":{"line":24,"column":54}}],"line":24},"1":{"loc":{"start":{"line":25,"column":9},"end":{"line":122,"column":9}},"type":"binary-expr","locations":[{"start":{"line":25,"column":9},"end":{"line":25,"column":26}},{"start":{"line":25,"column":30},"end":{"line":25,"column":46}},{"start":{"line":27,"column":10},"end":{"line":121,"column":16}}],"line":25},"2":{"loc":{"start":{"line":35,"column":14},"end":{"line":35,"column":51}},"type":"binary-expr","locations":[{"start":{"line":35,"column":14},"end":{"line":35,"column":28}},{"start":{"line":35,"column":32},"end":{"line":35,"column":51}}],"line":35},"3":{"loc":{"start":{"line":41,"column":16},"end":{"line":43,"column":32}},"type":"cond-expr","locations":[{"start":{"line":42,"column":20},"end":{"line":42,"column":34}},{"start":{"line":43,"column":20},"end":{"line":43,"column":32}}],"line":41},"4":{"loc":{"start":{"line":47,"column":16},"end":{"line":49,"column":68}},"type":"cond-expr","locations":[{"start":{"line":48,"column":20},"end":{"line":48,"column":73}},{"start":{"line":49,"column":20},"end":{"line":49,"column":68}}],"line":47},"5":{"loc":{"start":{"line":106,"column":14},"end":{"line":119,"column":17}},"type":"binary-expr","locations":[{"start":{"line":106,"column":14},"end":{"line":106,"column":27}},{"start":{"line":108,"column":18},"end":{"line":118,"column":27}}],"line":106},"6":{"loc":{"start":{"line":114,"column":22},"end":{"line":116,"column":40}},"type":"cond-expr","locations":[{"start":{"line":115,"column":26},"end":{"line":115,"column":43}},{"start":{"line":116,"column":26},"end":{"line":116,"column":40}}],"line":114},"7":{"loc":{"start":{"line":114,"column":22},"end":{"line":114,"column":81}},"type":"binary-expr","locations":[{"start":{"line":114,"column":22},"end":{"line":114,"column":75}},{"start":{"line":114,"column":79},"end":{"line":114,"column":81}}],"line":114}},"s":{"0":0,"1":0,"2":0,"3":0,"4":0,"5":0,"6":0,"7":1},"f":{"0":0,"1":0,"2":0,"3":0,"4":0,"5":0},"b":{"0":[0,0],"1":[0,0,0],"2":[0,0],"3":[0,0],"4":[0,0],"5":[0,0],"6":[0,0],"7":[0,0]},"_coverageSchema":"1a1c01bbd47fc00a2c39e90264f33305004495a9","hash":"9183a48749794bd5c3f3a835eca3e6192a852284"}
,"/home/yago/Trybe-Projetos/Front-End/Trybe-Projeto-10/sd-031-b-project-recipes-app/src/components/Recipes.js": {"path":"/home/yago/Trybe-Projetos/Front-End/Trybe-Projeto-10/sd-031-b-project-recipes-app/src/components/Recipes.js","statementMap":{"0":{"start":{"line":8,"column":19},"end":{"line":8,"column":32}},"1":{"start":{"line":10,"column":23},"end":{"line":10,"column":60}},"2":{"start":{"line":10,"column":29},"end":{"line":10,"column":60}},"3":{"start":{"line":12,"column":2},"end":{"line":22,"column":4}}},"fnMap":{"0":{"name":"Recipes","decl":{"start":{"line":7,"column":24},"end":{"line":7,"column":31}},"loc":{"start":{"line":7,"column":34},"end":{"line":23,"column":1}},"line":7},"1":{"name":"(anonymous_1)","decl":{"start":{"line":10,"column":23},"end":{"line":10,"column":24}},"loc":{"start":{"line":10,"column":29},"end":{"line":10,"column":60}},"line":10}},"branchMap":{"0":{"loc":{"start":{"line":15,"column":8},"end":{"line":17,"column":21}},"type":"cond-expr","locations":[{"start":{"line":16,"column":12},"end":{"line":16,"column":22}},{"start":{"line":17,"column":12},"end":{"line":17,"column":21}}],"line":15}},"s":{"0":2,"1":2,"2":2,"3":2},"f":{"0":2,"1":2},"b":{"0":[1,1]},"_coverageSchema":"1a1c01bbd47fc00a2c39e90264f33305004495a9","hash":"0f6fb2bd7559cb5317d00acdeb9442650de69673"}
,"/home/yago/Trybe-Projetos/Front-End/Trybe-Projeto-10/sd-031-b-project-recipes-app/src/components/SearchBar.js": {"path":"/home/yago/Trybe-Projetos/Front-End/Trybe-Projeto-10/sd-031-b-project-recipes-app/src/components/SearchBar.js","statementMap":{"0":{"start":{"line":6,"column":19},"end":{"line":6,"column":32}},"1":{"start":{"line":7,"column":18},"end":{"line":7,"column":30}},"2":{"start":{"line":8,"column":38},"end":{"line":8,"column":60}},"3":{"start":{"line":9,"column":40},"end":{"line":9,"column":52}},"4":{"start":{"line":10,"column":21},"end":{"line":10,"column":35}},"5":{"start":{"line":11,"column":32},"end":{"line":11,"column":44}},"6":{"start":{"line":13,"column":33},"end":{"line":15,"column":3}},"7":{"start":{"line":14,"column":4},"end":{"line":14,"column":38}},"8":{"start":{"line":17,"column":34},"end":{"line":19,"column":3}},"9":{"start":{"line":18,"column":4},"end":{"line":18,"column":39}},"10":{"start":{"line":21,"column":23},"end":{"line":21,"column":60}},"11":{"start":{"line":21,"column":29},"end":{"line":21,"column":60}},"12":{"start":{"line":23,"column":23},"end":{"line":59,"column":3}},"13":{"start":{"line":24,"column":4},"end":{"line":27,"column":5}},"14":{"start":{"line":25,"column":6},"end":{"line":25,"column":67}},"15":{"start":{"line":26,"column":6},"end":{"line":26,"column":13}},"16":{"start":{"line":29,"column":19},"end":{"line":29,"column":21}},"17":{"start":{"line":30,"column":21},"end":{"line":30,"column":23}},"18":{"start":{"line":32,"column":4},"end":{"line":38,"column":5}},"19":{"start":{"line":33,"column":6},"end":{"line":33,"column":64}},"20":{"start":{"line":34,"column":6},"end":{"line":34,"column":28}},"21":{"start":{"line":36,"column":6},"end":{"line":36,"column":60}},"22":{"start":{"line":37,"column":6},"end":{"line":37,"column":27}},"23":{"start":{"line":40,"column":4},"end":{"line":46,"column":5}},"24":{"start":{"line":41,"column":6},"end":{"line":41,"column":48}},"25":{"start":{"line":42,"column":11},"end":{"line":46,"column":5}},"26":{"start":{"line":43,"column":6},"end":{"line":43,"column":48}},"27":{"start":{"line":44,"column":11},"end":{"line":46,"column":5}},"28":{"start":{"line":45,"column":6},"end":{"line":45,"column":48}},"29":{"start":{"line":48,"column":21},"end":{"line":48,"column":42}},"30":{"start":{"line":49,"column":17},"end":{"line":49,"column":21}},"31":{"start":{"line":51,"column":4},"end":{"line":58,"column":5}},"32":{"start":{"line":53,"column":23},"end":{"line":53,"column":88}},"33":{"start":{"line":54,"column":6},"end":{"line":54,"column":49}},"34":{"start":{"line":56,"column":6},"end":{"line":56,"column":78}},"35":{"start":{"line":57,"column":6},"end":{"line":57,"column":45}},"36":{"start":{"line":61,"column":15},"end":{"line":61,"column":19}},"37":{"start":{"line":63,"column":2},"end":{"line":134,"column":4}},"38":{"start":{"line":116,"column":12},"end":{"line":129,"column":18}}},"fnMap":{"0":{"name":"SearchBar","decl":{"start":{"line":5,"column":9},"end":{"line":5,"column":18}},"loc":{"start":{"line":5,"column":21},"end":{"line":135,"column":1}},"line":5},"1":{"name":"(anonymous_1)","decl":{"start":{"line":13,"column":33},"end":{"line":13,"column":34}},"loc":{"start":{"line":13,"column":44},"end":{"line":15,"column":3}},"line":13},"2":{"name":"(anonymous_2)","decl":{"start":{"line":17,"column":34},"end":{"line":17,"column":35}},"loc":{"start":{"line":17,"column":45},"end":{"line":19,"column":3}},"line":17},"3":{"name":"(anonymous_3)","decl":{"start":{"line":21,"column":23},"end":{"line":21,"column":24}},"loc":{"start":{"line":21,"column":29},"end":{"line":21,"column":60}},"line":21},"4":{"name":"(anonymous_4)","decl":{"start":{"line":23,"column":23},"end":{"line":23,"column":24}},"loc":{"start":{"line":23,"column":35},"end":{"line":59,"column":3}},"line":23},"5":{"name":"(anonymous_5)","decl":{"start":{"line":115,"column":38},"end":{"line":115,"column":39}},"loc":{"start":{"line":116,"column":12},"end":{"line":129,"column":18}},"line":116}},"branchMap":{"0":{"loc":{"start":{"line":24,"column":4},"end":{"line":27,"column":5}},"type":"if","locations":[{"start":{"line":24,"column":4},"end":{"line":27,"column":5}},{"start":{},"end":{}}],"line":24},"1":{"loc":{"start":{"line":24,"column":8},"end":{"line":24,"column":61}},"type":"binary-expr","locations":[{"start":{"line":24,"column":8},"end":{"line":24,"column":33}},{"start":{"line":24,"column":37},"end":{"line":24,"column":61}}],"line":24},"2":{"loc":{"start":{"line":32,"column":4},"end":{"line":38,"column":5}},"type":"if","locations":[{"start":{"line":32,"column":4},"end":{"line":38,"column":5}},{"start":{"line":35,"column":11},"end":{"line":38,"column":5}}],"line":32},"3":{"loc":{"start":{"line":40,"column":4},"end":{"line":46,"column":5}},"type":"if","locations":[{"start":{"line":40,"column":4},"end":{"line":46,"column":5}},{"start":{"line":42,"column":11},"end":{"line":46,"column":5}}],"line":40},"4":{"loc":{"start":{"line":42,"column":11},"end":{"line":46,"column":5}},"type":"if","locations":[{"start":{"line":42,"column":11},"end":{"line":46,"column":5}},{"start":{"line":44,"column":11},"end":{"line":46,"column":5}}],"line":42},"5":{"loc":{"start":{"line":44,"column":11},"end":{"line":46,"column":5}},"type":"if","locations":[{"start":{"line":44,"column":11},"end":{"line":46,"column":5}},{"start":{},"end":{}}],"line":44},"6":{"loc":{"start":{"line":51,"column":4},"end":{"line":58,"column":5}},"type":"if","locations":[{"start":{"line":51,"column":4},"end":{"line":58,"column":5}},{"start":{"line":55,"column":11},"end":{"line":58,"column":5}}],"line":51},"7":{"loc":{"start":{"line":51,"column":8},"end":{"line":52,"column":46}},"type":"binary-expr","locations":[{"start":{"line":51,"column":8},"end":{"line":51,"column":28}},{"start":{"line":51,"column":33},"end":{"line":51,"column":66}},{"start":{"line":52,"column":9},"end":{"line":52,"column":45}}],"line":51},"8":{"loc":{"start":{"line":53,"column":23},"end":{"line":53,"column":88}},"type":"binary-expr","locations":[{"start":{"line":53,"column":23},"end":{"line":53,"column":54}},{"start":{"line":53,"column":58},"end":{"line":53,"column":88}}],"line":53},"9":{"loc":{"start":{"line":57,"column":17},"end":{"line":57,"column":43}},"type":"binary-expr","locations":[{"start":{"line":57,"column":17},"end":{"line":57,"column":37}},{"start":{"line":57,"column":41},"end":{"line":57,"column":43}}],"line":57},"10":{"loc":{"start":{"line":113,"column":7},"end":{"line":132,"column":7}},"type":"binary-expr","locations":[{"start":{"line":113,"column":7},"end":{"line":113,"column":25}},{"start":{"line":114,"column":8},"end":{"line":131,"column":14}}],"line":113},"11":{"loc":{"start":{"line":117,"column":20},"end":{"line":117,"column":51}},"type":"binary-expr","locations":[{"start":{"line":117,"column":20},"end":{"line":117,"column":33}},{"start":{"line":117,"column":37},"end":{"line":117,"column":51}}],"line":117},"12":{"loc":{"start":{"line":121,"column":22},"end":{"line":121,"column":65}},"type":"binary-expr","locations":[{"start":{"line":121,"column":22},"end":{"line":121,"column":41}},{"start":{"line":121,"column":45},"end":{"line":121,"column":65}}],"line":121},"13":{"loc":{"start":{"line":127,"column":17},"end":{"line":127,"column":50}},"type":"binary-expr","locations":[{"start":{"line":127,"column":17},"end":{"line":127,"column":31}},{"start":{"line":127,"column":35},"end":{"line":127,"column":50}}],"line":127}},"s":{"0":53,"1":53,"2":53,"3":53,"4":53,"5":53,"6":53,"7":4,"8":53,"9":30,"10":53,"11":9,"12":53,"13":10,"14":1,"15":1,"16":9,"17":9,"18":9,"19":0,"20":0,"21":9,"22":9,"23":9,"24":6,"25":3,"26":1,"27":2,"28":2,"29":9,"30":8,"31":8,"32":0,"33":0,"34":8,"35":8,"36":53,"37":53,"38":27},"f":{"0":53,"1":4,"2":30,"3":9,"4":10,"5":27},"b":{"0":[1,9],"1":[10,3],"2":[0,9],"3":[6,3],"4":[1,2],"5":[2,0],"6":[0,8],"7":[8,6,6],"8":[0,0],"9":[8,2],"10":[53,4],"11":[27,0],"12":[27,0],"13":[27,0]},"_coverageSchema":"1a1c01bbd47fc00a2c39e90264f33305004495a9","hash":"0d4bf7284611ce4bf37971984d13c4a6a154e592"}
,"/home/yago/Trybe-Projetos/Front-End/Trybe-Projeto-10/sd-031-b-project-recipes-app/src/functions/Fetch.js": {"path":"/home/yago/Trybe-Projetos/Front-End/Trybe-Projeto-10/sd-031-b-project-recipes-app/src/functions/Fetch.js","statementMap":{"0":{"start":{"line":3,"column":2},"end":{"line":5,"column":40}},"1":{"start":{"line":4,"column":24},"end":{"line":4,"column":39}},"2":{"start":{"line":5,"column":22},"end":{"line":5,"column":36}},"3":{"start":{"line":6,"column":2},"end":{"line":6,"column":16}}},"fnMap":{"0":{"name":"Fetch","decl":{"start":{"line":1,"column":15},"end":{"line":1,"column":20}},"loc":{"start":{"line":1,"column":27},"end":{"line":7,"column":1}},"line":1},"1":{"name":"(anonymous_1)","decl":{"start":{"line":4,"column":10},"end":{"line":4,"column":11}},"loc":{"start":{"line":4,"column":24},"end":{"line":4,"column":39}},"line":4},"2":{"name":"(anonymous_2)","decl":{"start":{"line":5,"column":10},"end":{"line":5,"column":11}},"loc":{"start":{"line":5,"column":20},"end":{"line":5,"column":38}},"line":5}},"branchMap":{},"s":{"0":15,"1":10,"2":10,"3":10},"f":{"0":15,"1":10,"2":10},"b":{},"_coverageSchema":"1a1c01bbd47fc00a2c39e90264f33305004495a9","hash":"1bc5be5fb1a7819d30a1595216f855fe56932327"}
,"/home/yago/Trybe-Projetos/Front-End/Trybe-Projeto-10/sd-031-b-project-recipes-app/src/helpers/mockDrink.js": {"path":"/home/yago/Trybe-Projetos/Front-End/Trybe-Projeto-10/sd-031-b-project-recipes-app/src/helpers/mockDrink.js","statementMap":{"0":{"start":{"line":1,"column":19},"end":{"line":70,"column":1}}},"fnMap":{},"branchMap":{},"s":{"0":0},"f":{},"b":{}}
,"/home/yago/Trybe-Projetos/Front-End/Trybe-Projeto-10/sd-031-b-project-recipes-app/src/helpers/mockMeal.js": {"path":"/home/yago/Trybe-Projetos/Front-End/Trybe-Projeto-10/sd-031-b-project-recipes-app/src/helpers/mockMeal.js","statementMap":{"0":{"start":{"line":1,"column":18},"end":{"line":72,"column":1}}},"fnMap":{},"branchMap":{},"s":{"0":0},"f":{},"b":{}}
,"/home/yago/Trybe-Projetos/Front-End/Trybe-Projeto-10/sd-031-b-project-recipes-app/src/helpers/renderWithRouter.js": {"path":"/home/yago/Trybe-Projetos/Front-End/Trybe-Projeto-10/sd-031-b-project-recipes-app/src/helpers/renderWithRouter.js","statementMap":{"0":{"start":{"line":8,"column":18},"end":{"line":8,"column":39}},"1":{"start":{"line":9,"column":2},"end":{"line":19,"column":5}}},"fnMap":{"0":{"name":"renderWithRouter","decl":{"start":{"line":7,"column":16},"end":{"line":7,"column":32}},"loc":{"start":{"line":7,"column":44},"end":{"line":20,"column":1}},"line":7}},"branchMap":{},"s":{"0":36,"1":36},"f":{"0":36},"b":{},"_coverageSchema":"1a1c01bbd47fc00a2c39e90264f33305004495a9","hash":"b82c5a32db2f66cf6293c0d9de4c5d25654900bf"}
,"/home/yago/Trybe-Projetos/Front-End/Trybe-Projeto-10/sd-031-b-project-recipes-app/src/pages/Notfound.js": {"path":"/home/yago/Trybe-Projetos/Front-End/Trybe-Projeto-10/sd-031-b-project-recipes-app/src/pages/Notfound.js","statementMap":{"0":{"start":{"line":4,"column":2},"end":{"line":8,"column":4}}},"fnMap":{"0":{"name":"Notfound","decl":{"start":{"line":3,"column":9},"end":{"line":3,"column":17}},"loc":{"start":{"line":3,"column":20},"end":{"line":9,"column":1}},"line":3}},"branchMap":{},"s":{"0":0},"f":{"0":0},"b":{},"_coverageSchema":"1a1c01bbd47fc00a2c39e90264f33305004495a9","hash":"c0551dcd8bfde75d2bd43e3f35436db5075ab4e9"}
,"/home/yago/Trybe-Projetos/Front-End/Trybe-Projeto-10/sd-031-b-project-recipes-app/src/pages/RecipeDetails.js": {"path":"/home/yago/Trybe-Projetos/Front-End/Trybe-Projeto-10/sd-031-b-project-recipes-app/src/pages/RecipeDetails.js","statementMap":{"0":{"start":{"line":11,"column":24},"end":{"line":11,"column":35}},"1":{"start":{"line":12,"column":19},"end":{"line":12,"column":34}},"2":{"start":{"line":13,"column":15},"end":{"line":13,"column":62}},"3":{"start":{"line":15,"column":30},"end":{"line":15,"column":42}},"4":{"start":{"line":16,"column":40},"end":{"line":16,"column":52}},"5":{"start":{"line":17,"column":33},"end":{"line":17,"column":45}},"6":{"start":{"line":18,"column":46},"end":{"line":18,"column":58}},"7":{"start":{"line":19,"column":44},"end":{"line":19,"column":58}},"8":{"start":{"line":20,"column":46},"end":{"line":20,"column":61}},"9":{"start":{"line":21,"column":32},"end":{"line":21,"column":46}},"10":{"start":{"line":23,"column":24},"end":{"line":27,"column":17}},"11":{"start":{"line":24,"column":24},"end":{"line":24,"column":77}},"12":{"start":{"line":25,"column":23},"end":{"line":25,"column":67}},"13":{"start":{"line":25,"column":47},"end":{"line":25,"column":66}},"14":{"start":{"line":26,"column":4},"end":{"line":26,"column":34}},"15":{"start":{"line":29,"column":2},"end":{"line":70,"column":39}},"16":{"start":{"line":30,"column":24},"end":{"line":68,"column":5}},"17":{"start":{"line":31,"column":6},"end":{"line":46,"column":7}},"18":{"start":{"line":32,"column":20},"end":{"line":32,"column":21}},"19":{"start":{"line":33,"column":21},"end":{"line":33,"column":101}},"20":{"start":{"line":34,"column":26},"end":{"line":34,"column":98}},"21":{"start":{"line":35,"column":30},"end":{"line":35,"column":60}},"22":{"start":{"line":36,"column":27},"end":{"line":38,"column":43}},"23":{"start":{"line":37,"column":27},"end":{"line":37,"column":80}},"24":{"start":{"line":38,"column":24},"end":{"line":38,"column":42}},"25":{"start":{"line":39,"column":24},"end":{"line":41,"column":43}},"26":{"start":{"line":40,"column":27},"end":{"line":40,"column":77}},"27":{"start":{"line":41,"column":24},"end":{"line":41,"column":42}},"28":{"start":{"line":42,"column":8},"end":{"line":42,"column":35}},"29":{"start":{"line":43,"column":8},"end":{"line":43,"column":28}},"30":{"start":{"line":44,"column":8},"end":{"line":44,"column":41}},"31":{"start":{"line":45,"column":8},"end":{"line":45,"column":30}},"32":{"start":{"line":47,"column":6},"end":{"line":62,"column":7}},"33":{"start":{"line":48,"column":20},"end":{"line":48,"column":21}},"34":{"start":{"line":49,"column":21},"end":{"line":49,"column":105}},"35":{"start":{"line":50,"column":26},"end":{"line":50,"column":94}},"36":{"start":{"line":51,"column":30},"end":{"line":51,"column":59}},"37":{"start":{"line":52,"column":27},"end":{"line":54,"column":44}},"38":{"start":{"line":53,"column":27},"end":{"line":53,"column":81}},"39":{"start":{"line":54,"column":24},"end":{"line":54,"column":43}},"40":{"start":{"line":55,"column":24},"end":{"line":57,"column":44}},"41":{"start":{"line":56,"column":27},"end":{"line":56,"column":78}},"42":{"start":{"line":57,"column":24},"end":{"line":57,"column":43}},"43":{"start":{"line":58,"column":8},"end":{"line":58,"column":35}},"44":{"start":{"line":59,"column":8},"end":{"line":59,"column":28}},"45":{"start":{"line":60,"column":8},"end":{"line":60,"column":41}},"46":{"start":{"line":61,"column":8},"end":{"line":61,"column":31}},"47":{"start":{"line":63,"column":22},"end":{"line":63,"column":79}},"48":{"start":{"line":64,"column":6},"end":{"line":64,"column":27}},"49":{"start":{"line":65,"column":6},"end":{"line":67,"column":7}},"50":{"start":{"line":65,"column":30},"end":{"line":65,"column":49}},"51":{"start":{"line":66,"column":8},"end":{"line":66,"column":26}},"52":{"start":{"line":69,"column":4},"end":{"line":69,"column":18}},"53":{"start":{"line":74,"column":18},"end":{"line":74,"column":30}},"54":{"start":{"line":75,"column":23},"end":{"line":77,"column":3}},"55":{"start":{"line":76,"column":4},"end":{"line":76,"column":54}},"56":{"start":{"line":79,"column":23},"end":{"line":82,"column":3}},"57":{"start":{"line":80,"column":4},"end":{"line":80,"column":80}},"58":{"start":{"line":81,"column":4},"end":{"line":81,"column":28}},"59":{"start":{"line":85,"column":26},"end":{"line":119,"column":3}},"60":{"start":{"line":86,"column":20},"end":{"line":86,"column":77}},"61":{"start":{"line":87,"column":4},"end":{"line":87,"column":32}},"62":{"start":{"line":88,"column":4},"end":{"line":88,"column":27}},"63":{"start":{"line":89,"column":4},"end":{"line":118,"column":5}},"64":{"start":{"line":89,"column":30},"end":{"line":89,"column":49}},"65":{"start":{"line":90,"column":6},"end":{"line":100,"column":7}},"66":{"start":{"line":91,"column":8},"end":{"line":99,"column":11}},"67":{"start":{"line":101,"column":6},"end":{"line":111,"column":7}},"68":{"start":{"line":102,"column":8},"end":{"line":110,"column":11}},"69":{"start":{"line":112,"column":6},"end":{"line":112,"column":71}},"70":{"start":{"line":113,"column":6},"end":{"line":113,"column":24}},"71":{"start":{"line":115,"column":21},"end":{"line":115,"column":62}},"72":{"start":{"line":115,"column":43},"end":{"line":115,"column":61}},"73":{"start":{"line":116,"column":6},"end":{"line":116,"column":70}},"74":{"start":{"line":117,"column":6},"end":{"line":117,"column":23}},"75":{"start":{"line":121,"column":2},"end":{"line":157,"column":4}}},"fnMap":{"0":{"name":"RecipeDetails","decl":{"start":{"line":10,"column":9},"end":{"line":10,"column":22}},"loc":{"start":{"line":10,"column":25},"end":{"line":158,"column":1}},"line":10},"1":{"name":"(anonymous_1)","decl":{"start":{"line":23,"column":36},"end":{"line":23,"column":37}},"loc":{"start":{"line":23,"column":48},"end":{"line":27,"column":3}},"line":23},"2":{"name":"(anonymous_2)","decl":{"start":{"line":25,"column":40},"end":{"line":25,"column":41}},"loc":{"start":{"line":25,"column":47},"end":{"line":25,"column":66}},"line":25},"3":{"name":"(anonymous_3)","decl":{"start":{"line":29,"column":12},"end":{"line":29,"column":13}},"loc":{"start":{"line":29,"column":18},"end":{"line":70,"column":3}},"line":29},"4":{"name":"(anonymous_4)","decl":{"start":{"line":30,"column":24},"end":{"line":30,"column":25}},"loc":{"start":{"line":30,"column":36},"end":{"line":68,"column":5}},"line":30},"5":{"name":"(anonymous_5)","decl":{"start":{"line":37,"column":18},"end":{"line":37,"column":19}},"loc":{"start":{"line":37,"column":27},"end":{"line":37,"column":80}},"line":37},"6":{"name":"(anonymous_6)","decl":{"start":{"line":38,"column":15},"end":{"line":38,"column":16}},"loc":{"start":{"line":38,"column":24},"end":{"line":38,"column":42}},"line":38},"7":{"name":"(anonymous_7)","decl":{"start":{"line":40,"column":18},"end":{"line":40,"column":19}},"loc":{"start":{"line":40,"column":27},"end":{"line":40,"column":77}},"line":40},"8":{"name":"(anonymous_8)","decl":{"start":{"line":41,"column":15},"end":{"line":41,"column":16}},"loc":{"start":{"line":41,"column":24},"end":{"line":41,"column":42}},"line":41},"9":{"name":"(anonymous_9)","decl":{"start":{"line":53,"column":18},"end":{"line":53,"column":19}},"loc":{"start":{"line":53,"column":27},"end":{"line":53,"column":81}},"line":53},"10":{"name":"(anonymous_10)","decl":{"start":{"line":54,"column":15},"end":{"line":54,"column":16}},"loc":{"start":{"line":54,"column":24},"end":{"line":54,"column":43}},"line":54},"11":{"name":"(anonymous_11)","decl":{"start":{"line":56,"column":18},"end":{"line":56,"column":19}},"loc":{"start":{"line":56,"column":27},"end":{"line":56,"column":78}},"line":56},"12":{"name":"(anonymous_12)","decl":{"start":{"line":57,"column":15},"end":{"line":57,"column":16}},"loc":{"start":{"line":57,"column":24},"end":{"line":57,"column":43}},"line":57},"13":{"name":"(anonymous_13)","decl":{"start":{"line":65,"column":23},"end":{"line":65,"column":24}},"loc":{"start":{"line":65,"column":30},"end":{"line":65,"column":49}},"line":65},"14":{"name":"(anonymous_14)","decl":{"start":{"line":75,"column":23},"end":{"line":75,"column":24}},"loc":{"start":{"line":75,"column":29},"end":{"line":77,"column":3}},"line":75},"15":{"name":"(anonymous_15)","decl":{"start":{"line":79,"column":23},"end":{"line":79,"column":24}},"loc":{"start":{"line":79,"column":29},"end":{"line":82,"column":3}},"line":79},"16":{"name":"(anonymous_16)","decl":{"start":{"line":85,"column":26},"end":{"line":85,"column":27}},"loc":{"start":{"line":85,"column":32},"end":{"line":119,"column":3}},"line":85},"17":{"name":"(anonymous_17)","decl":{"start":{"line":89,"column":23},"end":{"line":89,"column":24}},"loc":{"start":{"line":89,"column":30},"end":{"line":89,"column":49}},"line":89},"18":{"name":"(anonymous_18)","decl":{"start":{"line":115,"column":36},"end":{"line":115,"column":37}},"loc":{"start":{"line":115,"column":43},"end":{"line":115,"column":61}},"line":115}},"branchMap":{"0":{"loc":{"start":{"line":13,"column":15},"end":{"line":13,"column":62}},"type":"cond-expr","locations":[{"start":{"line":13,"column":44},"end":{"line":13,"column":52}},{"start":{"line":13,"column":55},"end":{"line":13,"column":62}}],"line":13},"1":{"loc":{"start":{"line":24,"column":24},"end":{"line":24,"column":77}},"type":"binary-expr","locations":[{"start":{"line":24,"column":24},"end":{"line":24,"column":71}},{"start":{"line":24,"column":75},"end":{"line":24,"column":77}}],"line":24},"2":{"loc":{"start":{"line":31,"column":6},"end":{"line":46,"column":7}},"type":"if","locations":[{"start":{"line":31,"column":6},"end":{"line":46,"column":7}},{"start":{},"end":{}}],"line":31},"3":{"loc":{"start":{"line":37,"column":27},"end":{"line":37,"column":80}},"type":"binary-expr","locations":[{"start":{"line":37,"column":27},"end":{"line":37,"column":58}},{"start":{"line":37,"column":62},"end":{"line":37,"column":80}}],"line":37},"4":{"loc":{"start":{"line":40,"column":27},"end":{"line":40,"column":77}},"type":"binary-expr","locations":[{"start":{"line":40,"column":27},"end":{"line":40,"column":55}},{"start":{"line":40,"column":59},"end":{"line":40,"column":77}}],"line":40},"5":{"loc":{"start":{"line":47,"column":6},"end":{"line":62,"column":7}},"type":"if","locations":[{"start":{"line":47,"column":6},"end":{"line":62,"column":7}},{"start":{},"end":{}}],"line":47},"6":{"loc":{"start":{"line":53,"column":27},"end":{"line":53,"column":81}},"type":"binary-expr","locations":[{"start":{"line":53,"column":27},"end":{"line":53,"column":58}},{"start":{"line":53,"column":62},"end":{"line":53,"column":81}}],"line":53},"7":{"loc":{"start":{"line":56,"column":27},"end":{"line":56,"column":78}},"type":"binary-expr","locations":[{"start":{"line":56,"column":27},"end":{"line":56,"column":55}},{"start":{"line":56,"column":59},"end":{"line":56,"column":78}}],"line":56},"8":{"loc":{"start":{"line":63,"column":22},"end":{"line":63,"column":79}},"type":"binary-expr","locations":[{"start":{"line":63,"column":22},"end":{"line":63,"column":73}},{"start":{"line":63,"column":77},"end":{"line":63,"column":79}}],"line":63},"9":{"loc":{"start":{"line":65,"column":6},"end":{"line":67,"column":7}},"type":"if","locations":[{"start":{"line":65,"column":6},"end":{"line":67,"column":7}},{"start":{},"end":{}}],"line":65},"10":{"loc":{"start":{"line":86,"column":20},"end":{"line":86,"column":77}},"type":"binary-expr","locations":[{"start":{"line":86,"column":20},"end":{"line":86,"column":71}},{"start":{"line":86,"column":75},"end":{"line":86,"column":77}}],"line":86},"11":{"loc":{"start":{"line":89,"column":4},"end":{"line":118,"column":5}},"type":"if","locations":[{"start":{"line":89,"column":4},"end":{"line":118,"column":5}},{"start":{"line":114,"column":11},"end":{"line":118,"column":5}}],"line":89},"12":{"loc":{"start":{"line":90,"column":6},"end":{"line":100,"column":7}},"type":"if","locations":[{"start":{"line":90,"column":6},"end":{"line":100,"column":7}},{"start":{},"end":{}}],"line":90},"13":{"loc":{"start":{"line":101,"column":6},"end":{"line":111,"column":7}},"type":"if","locations":[{"start":{"line":101,"column":6},"end":{"line":111,"column":7}},{"start":{},"end":{}}],"line":101}},"s":{"0":0,"1":0,"2":0,"3":0,"4":0,"5":0,"6":0,"7":0,"8":0,"9":0,"10":0,"11":0,"12":0,"13":0,"14":0,"15":0,"16":0,"17":0,"18":0,"19":0,"20":0,"21":0,"22":0,"23":0,"24":0,"25":0,"26":0,"27":0,"28":0,"29":0,"30":0,"31":0,"32":0,"33":0,"34":0,"35":0,"36":0,"37":0,"38":0,"39":0,"40":0,"41":0,"42":0,"43":0,"44":0,"45":0,"46":0,"47":0,"48":0,"49":0,"50":0,"51":0,"52":0,"53":0,"54":0,"55":0,"56":0,"57":0,"58":0,"59":0,"60":0,"61":0,"62":0,"63":0,"64":0,"65":0,"66":0,"67":0,"68":0,"69":0,"70":0,"71":0,"72":0,"73":0,"74":0,"75":0},"f":{"0":0,"1":0,"2":0,"3":0,"4":0,"5":0,"6":0,"7":0,"8":0,"9":0,"10":0,"11":0,"12":0,"13":0,"14":0,"15":0,"16":0,"17":0,"18":0},"b":{"0":[0,0],"1":[0,0],"2":[0,0],"3":[0,0],"4":[0,0],"5":[0,0],"6":[0,0],"7":[0,0],"8":[0,0],"9":[0,0],"10":[0,0],"11":[0,0],"12":[0,0],"13":[0,0]},"_coverageSchema":"1a1c01bbd47fc00a2c39e90264f33305004495a9","hash":"f84130e1d12befacce25a0ca209541c02a9e80b0"}
}
