{"total": {"lines":{"total":372,"covered":224,"skipped":0,"pct":60.21},"statements":{"total":385,"covered":230,"skipped":0,"pct":59.74},"functions":{"total":114,"covered":65,"skipped":0,"pct":57.01},"branches":{"total":186,"covered":83,"skipped":0,"pct":44.62},"branchesTrue":{"total":0,"covered":0,"skipped":0,"pct":100}}
,"/home/yago/Trybe-Projetos/Front-End/Trybe-Projeto-10/sd-031-b-project-recipes-app/src/App.js": {"lines":{"total":3,"covered":1,"skipped":0,"pct":33.33},"functions":{"total":3,"covered":1,"skipped":0,"pct":33.33},"statements":{"total":3,"covered":1,"skipped":0,"pct":33.33},"branches":{"total":0,"covered":0,"skipped":0,"pct":100}}
,"/home/yago/Trybe-Projetos/Front-End/Trybe-Projeto-10/sd-031-b-project-recipes-app/src/Context/Context.js": {"lines":{"total":1,"covered":1,"skipped":0,"pct":100},"functions":{"total":0,"covered":0,"skipped":0,"pct":100},"statements":{"total":1,"covered":1,"skipped":0,"pct":100},"branches":{"total":0,"covered":0,"skipped":0,"pct":100}}
,"/home/yago/Trybe-Projetos/Front-End/Trybe-Projeto-10/sd-031-b-project-recipes-app/src/Context/Provider.js": {"lines":{"total":6,"covered":6,"skipped":0,"pct":100},"functions":{"total":2,"covered":2,"skipped":0,"pct":100},"statements":{"total":7,"covered":7,"skipped":0,"pct":100},"branches":{"total":0,"covered":0,"skipped":0,"pct":100}}
,"/home/yago/Trybe-Projetos/Front-End/Trybe-Projeto-10/sd-031-b-project-recipes-app/src/components/Category.js": {"lines":{"total":37,"covered":18,"skipped":0,"pct":48.64},"functions":{"total":5,"covered":4,"skipped":0,"pct":80},"statements":{"total":37,"covered":18,"skipped":0,"pct":48.64},"branches":{"total":12,"covered":4,"skipped":0,"pct":33.33}}
,"/home/yago/Trybe-Projetos/Front-End/Trybe-Projeto-10/sd-031-b-project-recipes-app/src/components/DoneRecipes.jsx": {"lines":{"total":18,"covered":18,"skipped":0,"pct":100},"functions":{"total":9,"covered":9,"skipped":0,"pct":100},"statements":{"total":18,"covered":18,"skipped":0,"pct":100},"branches":{"total":8,"covered":7,"skipped":0,"pct":87.5}}
,"/home/yago/Trybe-Projetos/Front-End/Trybe-Projeto-10/sd-031-b-project-recipes-app/src/components/Drinks.js": {"lines":{"total":11,"covered":11,"skipped":0,"pct":100},"functions":{"total":4,"covered":4,"skipped":0,"pct":100},"statements":{"total":11,"covered":11,"skipped":0,"pct":100},"branches":{"total":0,"covered":0,"skipped":0,"pct":100}}
,"/home/yago/Trybe-Projetos/Front-End/Trybe-Projeto-10/sd-031-b-project-recipes-app/src/components/FavoriteRecipes.js": {"lines":{"total":29,"covered":17,"skipped":0,"pct":58.62},"functions":{"total":13,"covered":6,"skipped":0,"pct":46.15},"statements":{"total":31,"covered":17,"skipped":0,"pct":54.83},"branches":{"total":7,"covered":3,"skipped":0,"pct":42.85}}
,"/home/yago/Trybe-Projetos/Front-End/Trybe-Projeto-10/sd-031-b-project-recipes-app/src/components/Footer.js": {"lines":{"total":1,"covered":1,"skipped":0,"pct":100},"functions":{"total":1,"covered":1,"skipped":0,"pct":100},"statements":{"total":1,"covered":1,"skipped":0,"pct":100},"branches":{"total":0,"covered":0,"skipped":0,"pct":100}}
,"/home/yago/Trybe-Projetos/Front-End/Trybe-Projeto-10/sd-031-b-project-recipes-app/src/components/Header.js": {"lines":{"total":16,"covered":16,"skipped":0,"pct":100},"functions":{"total":4,"covered":4,"skipped":0,"pct":100},"statements":{"total":16,"covered":16,"skipped":0,"pct":100},"branches":{"total":12,"covered":12,"skipped":0,"pct":100}}
,"/home/yago/Trybe-Projetos/Front-End/Trybe-Projeto-10/sd-031-b-project-recipes-app/src/components/Login.js": {"lines":{"total":22,"covered":22,"skipped":0,"pct":100},"functions":{"total":6,"covered":6,"skipped":0,"pct":100},"statements":{"total":23,"covered":23,"skipped":0,"pct":100},"branches":{"total":6,"covered":6,"skipped":0,"pct":100}}
,"/home/yago/Trybe-Projetos/Front-End/Trybe-Projeto-10/sd-031-b-project-recipes-app/src/components/Meals.js": {"lines":{"total":11,"covered":10,"skipped":0,"pct":90.9},"functions":{"total":4,"covered":3,"skipped":0,"pct":75},"statements":{"total":11,"covered":10,"skipped":0,"pct":90.9},"branches":{"total":0,"covered":0,"skipped":0,"pct":100}}
,"/home/yago/Trybe-Projetos/Front-End/Trybe-Projeto-10/sd-031-b-project-recipes-app/src/components/Profile.js": {"lines":{"total":9,"covered":9,"skipped":0,"pct":100},"functions":{"total":3,"covered":3,"skipped":0,"pct":100},"statements":{"total":9,"covered":9,"skipped":0,"pct":100},"branches":{"total":2,"covered":2,"skipped":0,"pct":100}}
,"/home/yago/Trybe-Projetos/Front-End/Trybe-Projeto-10/sd-031-b-project-recipes-app/src/components/RecipeDrinks.js": {"lines":{"total":8,"covered":1,"skipped":0,"pct":12.5},"functions":{"total":6,"covered":0,"skipped":0,"pct":0},"statements":{"total":8,"covered":1,"skipped":0,"pct":12.5},"branches":{"total":15,"covered":0,"skipped":0,"pct":0}}
,"/home/yago/Trybe-Projetos/Front-End/Trybe-Projeto-10/sd-031-b-project-recipes-app/src/components/RecipeInProgress.js": {"lines":{"total":70,"covered":49,"skipped":0,"pct":70},"functions":{"total":16,"covered":10,"skipped":0,"pct":62.5},"statements":{"total":73,"covered":51,"skipped":0,"pct":69.86},"branches":{"total":48,"covered":26,"skipped":0,"pct":54.16}}
,"/home/yago/Trybe-Projetos/Front-End/Trybe-Projeto-10/sd-031-b-project-recipes-app/src/components/RecipeMeals.js": {"lines":{"total":8,"covered":1,"skipped":0,"pct":12.5},"functions":{"total":6,"covered":0,"skipped":0,"pct":0},"statements":{"total":8,"covered":1,"skipped":0,"pct":12.5},"branches":{"total":17,"covered":0,"skipped":0,"pct":0}}
,"/home/yago/Trybe-Projetos/Front-End/Trybe-Projeto-10/sd-031-b-project-recipes-app/src/components/Recipes.js": {"lines":{"total":3,"covered":3,"skipped":0,"pct":100},"functions":{"total":2,"covered":2,"skipped":0,"pct":100},"statements":{"total":4,"covered":4,"skipped":0,"pct":100},"branches":{"total":2,"covered":2,"skipped":0,"pct":100}}
,"/home/yago/Trybe-Projetos/Front-End/Trybe-Projeto-10/sd-031-b-project-recipes-app/src/components/SearchBar.js": {"lines":{"total":38,"covered":34,"skipped":0,"pct":89.47},"functions":{"total":6,"covered":6,"skipped":0,"pct":100},"statements":{"total":39,"covered":35,"skipped":0,"pct":89.74},"branches":{"total":29,"covered":21,"skipped":0,"pct":72.41}}
,"/home/yago/Trybe-Projetos/Front-End/Trybe-Projeto-10/sd-031-b-project-recipes-app/src/functions/Fetch.js": {"lines":{"total":4,"covered":4,"skipped":0,"pct":100},"functions":{"total":3,"covered":3,"skipped":0,"pct":100},"statements":{"total":4,"covered":4,"skipped":0,"pct":100},"branches":{"total":0,"covered":0,"skipped":0,"pct":100}}
,"/home/yago/Trybe-Projetos/Front-End/Trybe-Projeto-10/sd-031-b-project-recipes-app/src/helpers/mockDrink.js": {"lines":{"total":1,"covered":0,"skipped":0,"pct":0},"functions":{"total":0,"covered":0,"skipped":0,"pct":100},"statements":{"total":1,"covered":0,"skipped":0,"pct":0},"branches":{"total":0,"covered":0,"skipped":0,"pct":100}}
,"/home/yago/Trybe-Projetos/Front-End/Trybe-Projeto-10/sd-031-b-project-recipes-app/src/helpers/mockMeal.js": {"lines":{"total":1,"covered":0,"skipped":0,"pct":0},"functions":{"total":0,"covered":0,"skipped":0,"pct":100},"statements":{"total":1,"covered":0,"skipped":0,"pct":0},"branches":{"total":0,"covered":0,"skipped":0,"pct":100}}
,"/home/yago/Trybe-Projetos/Front-End/Trybe-Projeto-10/sd-031-b-project-recipes-app/src/helpers/renderWithRouter.js": {"lines":{"total":2,"covered":2,"skipped":0,"pct":100},"functions":{"total":1,"covered":1,"skipped":0,"pct":100},"statements":{"total":2,"covered":2,"skipped":0,"pct":100},"branches":{"total":0,"covered":0,"skipped":0,"pct":100}}
,"/home/yago/Trybe-Projetos/Front-End/Trybe-Projeto-10/sd-031-b-project-recipes-app/src/pages/Notfound.js": {"lines":{"total":1,"covered":0,"skipped":0,"pct":0},"functions":{"total":1,"covered":0,"skipped":0,"pct":0},"statements":{"total":1,"covered":0,"skipped":0,"pct":0},"branches":{"total":0,"covered":0,"skipped":0,"pct":100}}
,"/home/yago/Trybe-Projetos/Front-End/Trybe-Projeto-10/sd-031-b-project-recipes-app/src/pages/RecipeDetails.js": {"lines":{"total":72,"covered":0,"skipped":0,"pct":0},"functions":{"total":19,"covered":0,"skipped":0,"pct":0},"statements":{"total":76,"covered":0,"skipped":0,"pct":0},"branches":{"total":28,"covered":0,"skipped":0,"pct":0}}
}
