TN:
SF:src/App.js
FN:14,App
FN:27,(anonymous_1)
FN:37,(anonymous_2)
FNF:3
FNH:1
FNDA:3,App
FNDA:0,(anonymous_1)
FNDA:0,(anonymous_2)
DA:15,3
DA:28,0
DA:38,0
LF:3
LH:1
BRF:0
BRH:0
end_of_record
TN:
SF:src/Context/Context.js
FNF:0
FNH:0
DA:3,6
LF:1
LH:1
BRF:0
BRH:0
end_of_record
TN:
SF:src/Context/Provider.js
FN:5,Provider
FN:10,(anonymous_1)
FNF:2
FNH:2
FNDA:92,Provider
FNDA:92,(anonymous_1)
DA:6,92
DA:7,92
DA:8,92
DA:10,92
DA:26,92
DA:33,6
LF:6
LH:6
BRF:0
BRH:0
end_of_record
TN:
SF:src/components/Category.js
FN:5,Recipes
FN:17,(anonymous_1)
FN:18,(anonymous_2)
FN:32,(anonymous_3)
FNF:4
FNH:4
FNDA:5,Recipes
FNDA:3,(anonymous_1)
FNDA:3,(anonymous_2)
FNDA:5,(anonymous_3)
DA:6,5
DA:7,5
DA:8,5
DA:10,5
DA:12,5
DA:17,5
DA:18,3
DA:19,3
DA:20,1
DA:21,1
DA:23,1
DA:25,3
DA:30,5
DA:33,5
LF:14
LH:14
BRDA:10,0,0,2
BRDA:10,0,1,3
BRDA:12,1,0,2
BRDA:12,1,1,3
BRF:4
BRH:4
end_of_record
TN:
SF:src/components/DoneRecipes.jsx
FN:8,DoneRecipes
FN:14,(anonymous_1)
FN:20,(anonymous_2)
FN:22,(anonymous_3)
FN:35,(anonymous_4)
FN:43,(anonymous_5)
FN:51,(anonymous_6)
FN:57,(anonymous_7)
FN:86,(anonymous_8)
FNF:9
FNH:9
FNDA:24,DoneRecipes
FNDA:10,(anonymous_1)
FNDA:28,(anonymous_2)
FNDA:1,(anonymous_3)
FNDA:1,(anonymous_4)
FNDA:1,(anonymous_5)
FNDA:1,(anonymous_6)
FNDA:26,(anonymous_7)
FNDA:26,(anonymous_8)
DA:6,2
DA:9,24
DA:10,24
DA:11,24
DA:14,24
DA:15,10
DA:16,10
DA:19,24
DA:20,28
DA:22,24
DA:23,1
DA:24,1
DA:27,24
DA:35,1
DA:43,1
DA:51,1
DA:68,26
DA:87,26
LF:18
LH:18
BRDA:15,0,0,10
BRDA:15,0,1,0
BRDA:20,1,0,28
BRDA:20,1,1,4
BRDA:83,2,0,13
BRDA:83,2,1,13
BRDA:107,3,0,2
BRDA:107,3,1,24
BRF:8
BRH:7
end_of_record
TN:
SF:src/components/Drinks.js
FN:7,Drinks
FN:12,(anonymous_1)
FN:13,(anonymous_2)
FN:28,(anonymous_3)
FNF:4
FNH:4
FNDA:2,Drinks
FNDA:1,(anonymous_1)
FNDA:1,(anonymous_2)
FNDA:12,(anonymous_3)
DA:8,2
DA:10,2
DA:12,2
DA:13,1
DA:14,1
DA:17,1
DA:18,1
DA:19,1
DA:21,1
DA:24,2
DA:29,12
LF:11
LH:11
BRF:0
BRH:0
end_of_record
TN:
SF:src/components/FavoriteRecipes.js
FN:12,FavoriteRecipes
FN:17,(anonymous_1)
FN:23,(anonymous_2)
FN:24,(anonymous_3)
FN:28,(anonymous_4)
FN:33,(anonymous_5)
FN:35,(anonymous_6)
FN:45,(anonymous_7)
FN:52,(anonymous_8)
FN:59,(anonymous_9)
FN:68,(anonymous_10)
FN:74,(anonymous_11)
FN:105,(anonymous_12)
FNF:13
FNH:6
FNDA:7,FavoriteRecipes
FNDA:2,(anonymous_1)
FNDA:2,(anonymous_2)
FNDA:0,(anonymous_3)
FNDA:0,(anonymous_4)
FNDA:0,(anonymous_5)
FNDA:0,(anonymous_6)
FNDA:1,(anonymous_7)
FNDA:1,(anonymous_8)
FNDA:1,(anonymous_9)
FNDA:0,(anonymous_10)
FNDA:0,(anonymous_11)
FNDA:0,(anonymous_12)
DA:10,2
DA:13,7
DA:14,7
DA:15,7
DA:17,7
DA:18,2
DA:19,2
DA:20,2
DA:23,7
DA:24,2
DA:25,2
DA:28,7
DA:29,0
DA:30,0
DA:33,7
DA:34,0
DA:35,0
DA:36,0
DA:37,0
DA:40,7
DA:45,1
DA:52,1
DA:59,1
DA:69,0
DA:70,0
DA:71,0
DA:72,0
DA:75,0
DA:105,0
LF:29
LH:17
BRDA:18,0,0,2
BRDA:18,0,1,2
BRDA:69,1,0,0
BRDA:69,1,1,0
BRDA:69,1,2,0
BRDA:117,2,0,7
BRDA:117,2,1,0
BRF:7
BRH:3
end_of_record
TN:
SF:src/components/Footer.js
FN:5,Footer
FNF:1
FNH:1
FNDA:19,Footer
DA:6,19
LF:1
LH:1
BRF:0
BRH:0
end_of_record
TN:
SF:src/components/Header.js
FN:7,Header
FN:11,(anonymous_1)
FN:28,(anonymous_2)
FN:32,(anonymous_3)
FNF:4
FNH:4
FNDA:58,Header
FNDA:58,(anonymous_1)
FNDA:2,(anonymous_2)
FNDA:58,(anonymous_3)
DA:8,58
DA:9,58
DA:11,58
DA:12,58
DA:14,6
DA:16,3
DA:18,1
DA:20,1
DA:22,1
DA:24,46
DA:28,58
DA:29,2
DA:32,58
DA:33,58
DA:34,9
DA:50,58
LF:16
LH:16
BRDA:12,0,0,6
BRDA:12,0,1,3
BRDA:12,0,2,1
BRDA:12,0,3,1
BRDA:12,0,4,1
BRDA:12,0,5,46
BRDA:33,1,0,9
BRDA:33,1,1,49
BRDA:33,2,0,58
BRDA:33,2,1,52
BRDA:61,3,0,58
BRDA:61,3,1,1
BRF:12
BRH:12
end_of_record
TN:
SF:src/components/Login.js
FN:5,Login
FN:16,(anonymous_1)
FN:21,(anonymous_2)
FN:26,(anonymous_3)
FN:32,(anonymous_4)
FN:38,(anonymous_5)
FNF:6
FNH:6
FNDA:59,Login
FNDA:56,(anonymous_1)
FNDA:20,(anonymous_2)
FNDA:49,(anonymous_3)
FNDA:7,(anonymous_4)
FNDA:1,(anonymous_5)
DA:13,59
DA:14,59
DA:16,59
DA:17,56
DA:18,56
DA:21,59
DA:22,20
DA:23,20
DA:26,59
DA:27,49
DA:28,49
DA:29,49
DA:32,59
DA:33,7
DA:34,7
DA:35,7
DA:38,59
DA:39,1
DA:40,1
DA:41,1
DA:42,1
DA:52,59
LF:22
LH:22
BRDA:23,0,0,1
BRDA:23,0,1,19
BRDA:29,1,0,49
BRDA:29,1,1,13
BRDA:35,2,0,7
BRDA:35,2,1,7
BRF:6
BRH:6
end_of_record
TN:
SF:src/components/Meals.js
FN:7,Meals
FN:12,(anonymous_1)
FN:13,(anonymous_2)
FN:29,(anonymous_3)
FNF:4
FNH:3
FNDA:2,Meals
FNDA:2,(anonymous_1)
FNDA:2,(anonymous_2)
FNDA:0,(anonymous_3)
DA:8,2
DA:10,2
DA:12,2
DA:13,2
DA:14,2
DA:17,0
DA:18,0
DA:19,0
DA:21,2
DA:24,2
DA:30,0
LF:11
LH:7
BRF:0
BRH:0
end_of_record
TN:
SF:src/components/Profile.js
FN:6,Profile
FN:10,(anonymous_1)
FN:15,(anonymous_2)
FNF:3
FNH:3
FNDA:10,Profile
FNDA:5,(anonymous_1)
FNDA:1,(anonymous_2)
DA:7,10
DA:8,10
DA:10,10
DA:11,5
DA:12,5
DA:15,10
DA:16,1
DA:17,1
DA:20,10
LF:9
LH:9
BRDA:11,0,0,5
BRDA:11,0,1,5
BRF:2
BRH:2
end_of_record
TN:
SF:src/components/RecipeDrinks.js
FN:5,(anonymous_0)
FN:28,(anonymous_1)
FN:37,(anonymous_2)
FN:55,(anonymous_3)
FN:76,(anonymous_4)
FN:99,(anonymous_5)
FNF:6
FNH:0
FNDA:0,(anonymous_0)
FNDA:0,(anonymous_1)
FNDA:0,(anonymous_2)
FNDA:0,(anonymous_3)
FNDA:0,(anonymous_4)
FNDA:0,(anonymous_5)
DA:21,0
DA:22,0
DA:28,0
DA:37,0
DA:56,0
DA:77,0
DA:99,0
DA:114,1
LF:8
LH:1
BRDA:23,0,0,0
BRDA:23,0,1,0
BRDA:23,0,2,0
BRDA:33,1,0,0
BRDA:33,1,1,0
BRDA:39,2,0,0
BRDA:39,2,1,0
BRDA:45,3,0,0
BRDA:45,3,1,0
BRDA:94,4,0,0
BRDA:94,4,1,0
BRDA:102,5,0,0
BRDA:102,5,1,0
BRDA:102,6,0,0
BRDA:102,6,1,0
BRF:15
BRH:0
end_of_record
TN:
SF:src/components/RecipeInProgress.js
FN:8,RecipeInProgress
FN:21,(anonymous_1)
FN:22,(anonymous_2)
FN:39,(anonymous_3)
FN:46,(anonymous_4)
FN:54,(anonymous_5)
FN:76,(anonymous_6)
FN:82,(anonymous_7)
FN:86,(anonymous_8)
FN:91,(anonymous_9)
FN:103,(anonymous_10)
FN:106,(anonymous_11)
FN:116,(anonymous_12)
FN:117,(anonymous_13)
FN:134,(anonymous_14)
FN:148,(anonymous_15)
FNF:16
FNH:10
FNDA:10,RecipeInProgress
FNDA:3,(anonymous_1)
FNDA:3,(anonymous_2)
FNDA:0,(anonymous_3)
FNDA:3,(anonymous_4)
FNDA:6,(anonymous_5)
FNDA:1,(anonymous_6)
FNDA:0,(anonymous_7)
FNDA:0,(anonymous_8)
FNDA:0,(anonymous_9)
FNDA:0,(anonymous_10)
FNDA:0,(anonymous_11)
FNDA:6,(anonymous_12)
FNDA:1,(anonymous_13)
FNDA:100,(anonymous_14)
FNDA:1,(anonymous_15)
DA:9,10
DA:10,10
DA:11,10
DA:12,10
DA:13,10
DA:14,10
DA:16,10
DA:17,10
DA:19,10
DA:21,10
DA:22,3
DA:24,3
DA:25,0
DA:29,3
DA:33,0
DA:34,0
DA:35,0
DA:36,0
DA:38,3
DA:39,3
DA:40,3
DA:41,3
DA:42,3
DA:46,10
DA:47,3
DA:48,3
DA:49,2
DA:54,10
DA:55,6
DA:56,6
DA:57,6
DA:60,10
DA:61,10
DA:62,10
DA:64,10
DA:65,10
DA:66,10
DA:67,10
DA:68,100
DA:69,100
DA:71,100
DA:72,100
DA:76,10
DA:77,1
DA:78,1
DA:79,1
DA:82,10
DA:83,0
DA:84,0
DA:85,0
DA:86,0
DA:87,0
DA:91,10
DA:92,0
DA:93,0
DA:102,0
DA:103,0
DA:104,0
DA:105,0
DA:106,0
DA:107,0
DA:108,0
DA:110,0
DA:112,0
DA:116,10
DA:117,6
DA:118,6
DA:121,10
DA:135,100
DA:148,1
LF:70
LH:49
BRDA:19,0,0,0
BRDA:19,0,1,10
BRDA:24,1,0,0
BRDA:24,1,1,3
BRDA:35,2,0,0
BRDA:35,2,1,0
BRDA:38,3,0,3
BRDA:38,3,1,3
BRDA:48,4,0,2
BRDA:48,4,1,1
BRDA:48,5,0,3
BRDA:48,5,1,2
BRDA:55,6,0,6
BRDA:55,6,1,1
BRDA:60,7,0,0
BRDA:60,7,1,10
BRDA:61,8,0,0
BRDA:61,8,1,10
BRDA:62,9,0,0
BRDA:62,9,1,10
BRDA:68,10,0,100
BRDA:68,10,1,0
BRDA:68,11,0,100
BRDA:68,11,1,100
BRDA:71,12,0,100
BRDA:71,12,1,0
BRDA:71,13,0,100
BRDA:71,13,1,100
BRDA:92,14,0,0
BRDA:92,14,1,0
BRDA:96,15,0,0
BRDA:96,15,1,0
BRDA:97,16,0,0
BRDA:97,16,1,0
BRDA:98,17,0,0
BRDA:98,17,1,0
BRDA:104,18,0,0
BRDA:104,18,1,0
BRDA:138,19,0,2
BRDA:138,19,1,98
BRDA:147,20,0,100
BRDA:147,20,1,98
BRDA:162,21,0,0
BRDA:162,21,1,10
BRDA:176,22,0,0
BRDA:176,22,1,10
BRDA:180,23,0,0
BRDA:180,23,1,10
BRF:48
BRH:26
end_of_record
TN:
SF:src/components/RecipeMeals.js
FN:5,(anonymous_0)
FN:30,(anonymous_1)
FN:39,(anonymous_2)
FN:57,(anonymous_3)
FN:88,(anonymous_4)
FN:111,(anonymous_5)
FNF:6
FNH:0
FNDA:0,(anonymous_0)
FNDA:0,(anonymous_1)
FNDA:0,(anonymous_2)
FNDA:0,(anonymous_3)
FNDA:0,(anonymous_4)
FNDA:0,(anonymous_5)
DA:21,0
DA:22,0
DA:30,0
DA:39,0
DA:58,0
DA:89,0
DA:111,0
DA:128,1
LF:8
LH:1
BRDA:24,0,0,0
BRDA:24,0,1,0
BRDA:25,1,0,0
BRDA:25,1,1,0
BRDA:25,1,2,0
BRDA:35,2,0,0
BRDA:35,2,1,0
BRDA:41,3,0,0
BRDA:41,3,1,0
BRDA:47,4,0,0
BRDA:47,4,1,0
BRDA:106,5,0,0
BRDA:106,5,1,0
BRDA:114,6,0,0
BRDA:114,6,1,0
BRDA:114,7,0,0
BRDA:114,7,1,0
BRF:17
BRH:0
end_of_record
TN:
SF:src/components/Recipes.js
FN:7,Recipes
FN:10,(anonymous_1)
FNF:2
FNH:2
FNDA:2,Recipes
FNDA:2,(anonymous_1)
DA:8,2
DA:10,2
DA:12,2
LF:3
LH:3
BRDA:15,0,0,1
BRDA:15,0,1,1
BRF:2
BRH:2
end_of_record
TN:
SF:src/components/SearchBar.js
FN:5,SearchBar
FN:13,(anonymous_1)
FN:17,(anonymous_2)
FN:21,(anonymous_3)
FN:23,(anonymous_4)
FN:115,(anonymous_5)
FNF:6
FNH:6
FNDA:53,SearchBar
FNDA:4,(anonymous_1)
FNDA:30,(anonymous_2)
FNDA:9,(anonymous_3)
FNDA:10,(anonymous_4)
FNDA:27,(anonymous_5)
DA:6,53
DA:7,53
DA:8,53
DA:9,53
DA:10,53
DA:11,53
DA:13,53
DA:14,4
DA:17,53
DA:18,30
DA:21,53
DA:23,53
DA:24,10
DA:25,1
DA:26,1
DA:29,9
DA:30,9
DA:32,9
DA:33,0
DA:34,0
DA:36,9
DA:37,9
DA:40,9
DA:41,6
DA:42,3
DA:43,1
DA:44,2
DA:45,2
DA:48,9
DA:49,8
DA:51,8
DA:53,0
DA:54,0
DA:56,8
DA:57,8
DA:61,53
DA:63,53
DA:116,27
LF:38
LH:34
BRDA:24,0,0,1
BRDA:24,0,1,9
BRDA:24,1,0,10
BRDA:24,1,1,3
BRDA:32,2,0,0
BRDA:32,2,1,9
BRDA:40,3,0,6
BRDA:40,3,1,3
BRDA:42,4,0,1
BRDA:42,4,1,2
BRDA:44,5,0,2
BRDA:44,5,1,0
BRDA:51,6,0,0
BRDA:51,6,1,8
BRDA:51,7,0,8
BRDA:51,7,1,6
BRDA:51,7,2,6
BRDA:53,8,0,0
BRDA:53,8,1,0
BRDA:57,9,0,8
BRDA:57,9,1,2
BRDA:113,10,0,53
BRDA:113,10,1,4
BRDA:117,11,0,27
BRDA:117,11,1,0
BRDA:121,12,0,27
BRDA:121,12,1,0
BRDA:127,13,0,27
BRDA:127,13,1,0
BRF:29
BRH:21
end_of_record
TN:
SF:src/functions/Fetch.js
FN:1,Fetch
FN:4,(anonymous_1)
FN:5,(anonymous_2)
FNF:3
FNH:3
FNDA:15,Fetch
FNDA:10,(anonymous_1)
FNDA:10,(anonymous_2)
DA:3,15
DA:4,10
DA:5,10
DA:6,10
LF:4
LH:4
BRF:0
BRH:0
end_of_record
TN:
SF:src/helpers/mockDrink.js
FNF:0
FNH:0
DA:1,0
LF:1
LH:0
BRF:0
BRH:0
end_of_record
TN:
SF:src/helpers/mockMeal.js
FNF:0
FNH:0
DA:1,0
LF:1
LH:0
BRF:0
BRH:0
end_of_record
TN:
SF:src/helpers/renderWithRouter.js
FN:7,renderWithRouter
FNF:1
FNH:1
FNDA:36,renderWithRouter
DA:8,36
DA:9,36
LF:2
LH:2
BRF:0
BRH:0
end_of_record
TN:
SF:src/pages/Notfound.js
FN:3,Notfound
FNF:1
FNH:0
FNDA:0,Notfound
DA:4,0
LF:1
LH:0
BRF:0
BRH:0
end_of_record
TN:
SF:src/pages/RecipeDetails.js
FN:10,RecipeDetails
FN:23,(anonymous_1)
FN:25,(anonymous_2)
FN:29,(anonymous_3)
FN:30,(anonymous_4)
FN:37,(anonymous_5)
FN:38,(anonymous_6)
FN:40,(anonymous_7)
FN:41,(anonymous_8)
FN:53,(anonymous_9)
FN:54,(anonymous_10)
FN:56,(anonymous_11)
FN:57,(anonymous_12)
FN:65,(anonymous_13)
FN:75,(anonymous_14)
FN:79,(anonymous_15)
FN:85,(anonymous_16)
FN:89,(anonymous_17)
FN:115,(anonymous_18)
FNF:19
FNH:0
FNDA:0,RecipeDetails
FNDA:0,(anonymous_1)
FNDA:0,(anonymous_2)
FNDA:0,(anonymous_3)
FNDA:0,(anonymous_4)
FNDA:0,(anonymous_5)
FNDA:0,(anonymous_6)
FNDA:0,(anonymous_7)
FNDA:0,(anonymous_8)
FNDA:0,(anonymous_9)
FNDA:0,(anonymous_10)
FNDA:0,(anonymous_11)
FNDA:0,(anonymous_12)
FNDA:0,(anonymous_13)
FNDA:0,(anonymous_14)
FNDA:0,(anonymous_15)
FNDA:0,(anonymous_16)
FNDA:0,(anonymous_17)
FNDA:0,(anonymous_18)
DA:11,0
DA:12,0
DA:13,0
DA:15,0
DA:16,0
DA:17,0
DA:18,0
DA:19,0
DA:20,0
DA:21,0
DA:23,0
DA:24,0
DA:25,0
DA:26,0
DA:29,0
DA:30,0
DA:31,0
DA:32,0
DA:33,0
DA:34,0
DA:35,0
DA:36,0
DA:37,0
DA:38,0
DA:39,0
DA:40,0
DA:41,0
DA:42,0
DA:43,0
DA:44,0
DA:45,0
DA:47,0
DA:48,0
DA:49,0
DA:50,0
DA:51,0
DA:52,0
DA:53,0
DA:54,0
DA:55,0
DA:56,0
DA:57,0
DA:58,0
DA:59,0
DA:60,0
DA:61,0
DA:63,0
DA:64,0
DA:65,0
DA:66,0
DA:69,0
DA:74,0
DA:75,0
DA:76,0
DA:79,0
DA:80,0
DA:81,0
DA:85,0
DA:86,0
DA:87,0
DA:88,0
DA:89,0
DA:90,0
DA:91,0
DA:101,0
DA:102,0
DA:112,0
DA:113,0
DA:115,0
DA:116,0
DA:117,0
DA:121,0
LF:72
LH:0
BRDA:13,0,0,0
BRDA:13,0,1,0
BRDA:24,1,0,0
BRDA:24,1,1,0
BRDA:31,2,0,0
BRDA:31,2,1,0
BRDA:37,3,0,0
BRDA:37,3,1,0
BRDA:40,4,0,0
BRDA:40,4,1,0
BRDA:47,5,0,0
BRDA:47,5,1,0
BRDA:53,6,0,0
BRDA:53,6,1,0
BRDA:56,7,0,0
BRDA:56,7,1,0
BRDA:63,8,0,0
BRDA:63,8,1,0
BRDA:65,9,0,0
BRDA:65,9,1,0
BRDA:86,10,0,0
BRDA:86,10,1,0
BRDA:89,11,0,0
BRDA:89,11,1,0
BRDA:90,12,0,0
BRDA:90,12,1,0
BRDA:101,13,0,0
BRDA:101,13,1,0
BRF:28
BRH:0
end_of_record
