<?xml version="1.0" encoding="UTF-8"?>
<coverage generated="1688056863214" clover="3.2.0">
  <project timestamp="1688056863214" name="All files">
    <metrics statements="120" coveredstatements="120" conditionals="32" coveredconditionals="32" methods="35" coveredmethods="35" elements="187" coveredelements="187" complexity="0" loc="120" ncloc="120" packages="3" files="8" classes="8"/>
    <package name="src">
      <metrics statements="1" coveredstatements="1" conditionals="0" coveredconditionals="0" methods="1" coveredmethods="1"/>
      <file name="App.js" path="/home/yago/Trybe-Projetos/Front-End/Trybe-Projeto-08/sd-031-b-project-trivia-react-redux/src/App.js">
        <metrics statements="1" coveredstatements="1" conditionals="0" coveredconditionals="0" methods="1" coveredmethods="1"/>
        <line num="11" count="21" type="stmt"/>
      </file>
    </package>
    <package name="src.components">
      <metrics statements="34" coveredstatements="34" conditionals="10" coveredconditionals="10" methods="8" coveredmethods="8"/>
      <file name="GameSection.jsx" path="/home/yago/Trybe-Projetos/Front-End/Trybe-Projeto-08/sd-031-b-project-trivia-react-redux/src/components/GameSection.jsx">
        <metrics statements="30" coveredstatements="30" conditionals="10" coveredconditionals="10" methods="6" coveredmethods="6"/>
        <line num="8" count="11" type="stmt"/>
        <line num="14" count="11" type="stmt"/>
        <line num="19" count="11" type="stmt"/>
        <line num="21" count="11" type="stmt"/>
        <line num="22" count="11" type="stmt"/>
        <line num="23" count="11" type="stmt"/>
        <line num="29" count="59" type="stmt"/>
        <line num="34" count="59" type="stmt"/>
        <line num="36" count="59" type="stmt"/>
        <line num="37" count="59" type="stmt"/>
        <line num="38" count="59" type="cond" truecount="2" falsecount="0"/>
        <line num="39" count="5" type="stmt"/>
        <line num="46" count="11" type="stmt"/>
        <line num="47" count="7" type="stmt"/>
        <line num="48" count="7" type="cond" truecount="2" falsecount="0"/>
        <line num="49" count="4" type="stmt"/>
        <line num="54" count="4" type="stmt"/>
        <line num="55" count="4" type="stmt"/>
        <line num="56" count="4" type="stmt"/>
        <line num="57" count="4" type="stmt"/>
        <line num="59" count="7" type="stmt"/>
        <line num="62" count="7" type="stmt"/>
        <line num="63" count="7" type="stmt"/>
        <line num="67" count="70" type="stmt"/>
        <line num="69" count="70" type="stmt"/>
        <line num="73" count="70" type="stmt"/>
        <line num="75" count="70" type="stmt"/>
        <line num="84" count="228" type="cond" truecount="2" falsecount="0"/>
        <line num="116" count="4" type="stmt"/>
        <line num="129" count="28" type="stmt"/>
      </file>
      <file name="Header.jsx" path="/home/yago/Trybe-Projetos/Front-End/Trybe-Projeto-08/sd-031-b-project-trivia-react-redux/src/components/Header.jsx">
        <metrics statements="4" coveredstatements="4" conditionals="0" coveredconditionals="0" methods="2" coveredmethods="2"/>
        <line num="8" count="11" type="stmt"/>
        <line num="9" count="11" type="stmt"/>
        <line num="23" count="24" type="stmt"/>
        <line num="29" count="4" type="stmt"/>
      </file>
    </package>
    <package name="src.pages">
      <metrics statements="85" coveredstatements="85" conditionals="22" coveredconditionals="22" methods="26" coveredmethods="26"/>
      <file name="Feedback.js" path="/home/yago/Trybe-Projetos/Front-End/Trybe-Projeto-08/sd-031-b-project-trivia-react-redux/src/pages/Feedback.js">
        <metrics statements="12" coveredstatements="12" conditionals="4" coveredconditionals="4" methods="5" coveredmethods="5"/>
        <line num="9" count="7" type="stmt"/>
        <line num="10" count="7" type="cond" truecount="2" falsecount="0"/>
        <line num="11" count="7" type="stmt"/>
        <line num="12" count="7" type="stmt"/>
        <line num="16" count="7" type="stmt"/>
        <line num="17" count="7" type="stmt"/>
        <line num="18" count="7" type="stmt"/>
        <line num="51" count="1" type="stmt"/>
        <line num="52" count="1" type="stmt"/>
        <line num="61" count="1" type="stmt"/>
        <line num="72" count="4" type="stmt"/>
        <line num="83" count="8" type="stmt"/>
      </file>
      <file name="Game.js" path="/home/yago/Trybe-Projetos/Front-End/Trybe-Projeto-08/sd-031-b-project-trivia-react-redux/src/pages/Game.js">
        <metrics statements="39" coveredstatements="39" conditionals="13" coveredconditionals="13" methods="9" coveredmethods="9"/>
        <line num="13" count="7" type="stmt"/>
        <line num="26" count="7" type="stmt"/>
        <line num="27" count="7" type="stmt"/>
        <line num="30" count="7" type="stmt"/>
        <line num="31" count="6" type="stmt"/>
        <line num="33" count="6" type="stmt"/>
        <line num="34" count="6" type="cond" truecount="2" falsecount="0"/>
        <line num="35" count="1" type="stmt"/>
        <line num="36" count="1" type="stmt"/>
        <line num="39" count="6" type="stmt"/>
        <line num="43" count="53" type="stmt"/>
        <line num="45" count="53" type="cond" truecount="2" falsecount="0"/>
        <line num="46" count="7" type="stmt"/>
        <line num="51" count="7" type="stmt"/>
        <line num="54" count="7" type="stmt"/>
        <line num="55" count="12" type="stmt"/>
        <line num="56" count="12" type="stmt"/>
        <line num="57" count="12" type="stmt"/>
        <line num="58" count="31" type="stmt"/>
        <line num="59" count="31" type="cond" truecount="2" falsecount="0"/>
        <line num="60" count="30" type="stmt"/>
        <line num="64" count="1" type="stmt"/>
        <line num="65" count="1" type="stmt"/>
        <line num="70" count="7" type="stmt"/>
        <line num="71" count="6" type="stmt"/>
        <line num="72" count="6" type="stmt"/>
        <line num="76" count="6" type="stmt"/>
        <line num="77" count="6" type="stmt"/>
        <line num="80" count="6" type="stmt"/>
        <line num="81" count="6" type="stmt"/>
        <line num="83" count="6" type="cond" truecount="2" falsecount="0"/>
        <line num="84" count="1" type="stmt"/>
        <line num="86" count="5" type="stmt"/>
        <line num="92" count="6" type="stmt"/>
        <line num="96" count="60" type="stmt"/>
        <line num="97" count="60" type="stmt"/>
        <line num="98" count="60" type="stmt"/>
        <line num="119" count="4" type="stmt"/>
        <line num="127" count="38" type="stmt"/>
      </file>
      <file name="Login.js" path="/home/yago/Trybe-Projetos/Front-End/Trybe-Projeto-08/sd-031-b-project-trivia-react-redux/src/pages/Login.js">
        <metrics statements="24" coveredstatements="24" conditionals="3" coveredconditionals="3" methods="6" coveredmethods="6"/>
        <line num="8" count="23" type="stmt"/>
        <line num="14" count="23" type="stmt"/>
        <line num="15" count="1" type="stmt"/>
        <line num="16" count="1" type="stmt"/>
        <line num="17" count="1" type="stmt"/>
        <line num="18" count="1" type="stmt"/>
        <line num="19" count="1" type="stmt"/>
        <line num="20" count="1" type="stmt"/>
        <line num="21" count="1" type="stmt"/>
        <line num="22" count="1" type="stmt"/>
        <line num="23" count="1" type="stmt"/>
        <line num="26" count="23" type="stmt"/>
        <line num="27" count="74" type="stmt"/>
        <line num="30" count="23" type="stmt"/>
        <line num="31" count="74" type="stmt"/>
        <line num="32" count="74" type="stmt"/>
        <line num="33" count="74" type="stmt"/>
        <line num="34" count="74" type="cond" truecount="3" falsecount="0"/>
        <line num="37" count="74" type="stmt"/>
        <line num="41" count="176" type="stmt"/>
        <line num="42" count="176" type="stmt"/>
        <line num="43" count="176" type="stmt"/>
        <line num="74" count="1" type="stmt"/>
        <line num="83" count="4" type="stmt"/>
      </file>
      <file name="Ranking.js" path="/home/yago/Trybe-Projetos/Front-End/Trybe-Projeto-08/sd-031-b-project-trivia-react-redux/src/pages/Ranking.js">
        <metrics statements="9" coveredstatements="9" conditionals="2" coveredconditionals="2" methods="5" coveredmethods="5"/>
        <line num="9" count="4" type="stmt"/>
        <line num="10" count="4" type="cond" truecount="2" falsecount="0"/>
        <line num="11" count="4" type="stmt"/>
        <line num="13" count="4" type="stmt"/>
        <line num="18" count="3" type="stmt"/>
        <line num="37" count="1" type="stmt"/>
        <line num="38" count="1" type="stmt"/>
        <line num="48" count="5" type="stmt"/>
        <line num="55" count="4" type="stmt"/>
      </file>
      <file name="Settings.js" path="/home/yago/Trybe-Projetos/Front-End/Trybe-Projeto-08/sd-031-b-project-trivia-react-redux/src/pages/Settings.js">
        <metrics statements="1" coveredstatements="1" conditionals="0" coveredconditionals="0" methods="1" coveredmethods="1"/>
        <line num="5" count="1" type="stmt"/>
      </file>
    </package>
  </project>
</coverage>
