{"/home/yago/Trybe-Projetos/Front-End/Trybe-Projeto-08/sd-031-b-project-trivia-react-redux/src/App.js": {"path":"/home/yago/Trybe-Projetos/Front-End/Trybe-Projeto-08/sd-031-b-project-trivia-react-redux/src/App.js","statementMap":{"0":{"start":{"line":11,"column":2},"end":{"line":21,"column":4}}},"fnMap":{"0":{"name":"App","decl":{"start":{"line":10,"column":9},"end":{"line":10,"column":12}},"loc":{"start":{"line":10,"column":15},"end":{"line":22,"column":1}},"line":10}},"branchMap":{},"s":{"0":21},"f":{"0":21},"b":{},"_coverageSchema":"1a1c01bbd47fc00a2c39e90264f33305004495a9","hash":"30a388fb170eb781d08194e33c4a2a95fcdd2631"}
,"/home/yago/Trybe-Projetos/Front-End/Trybe-Projeto-08/sd-031-b-project-trivia-react-redux/src/components/GameSection.jsx": {"path":"/home/yago/Trybe-Projetos/Front-End/Trybe-Projeto-08/sd-031-b-project-trivia-react-redux/src/components/GameSection.jsx","statementMap":{"0":{"start":{"line":8,"column":10},"end":{"line":11,"column":3}},"1":{"start":{"line":14,"column":29},"end":{"line":14,"column":39}},"2":{"start":{"line":19,"column":10},"end":{"line":19,"column":22}},"3":{"start":{"line":21,"column":23},"end":{"line":21,"column":59}},"4":{"start":{"line":22,"column":28},"end":{"line":22,"column":52}},"5":{"start":{"line":23,"column":4},"end":{"line":25,"column":7}},"6":{"start":{"line":29,"column":29},"end":{"line":29,"column":39}},"7":{"start":{"line":34,"column":10},"end":{"line":34,"column":22}},"8":{"start":{"line":36,"column":23},"end":{"line":36,"column":59}},"9":{"start":{"line":37,"column":28},"end":{"line":37,"column":52}},"10":{"start":{"line":38,"column":4},"end":{"line":43,"column":5}},"11":{"start":{"line":39,"column":6},"end":{"line":42,"column":9}},"12":{"start":{"line":46,"column":16},"end":{"line":64,"column":3}},"13":{"start":{"line":47,"column":48},"end":{"line":47,"column":58}},"14":{"start":{"line":48,"column":4},"end":{"line":58,"column":5}},"15":{"start":{"line":49,"column":36},"end":{"line":53,"column":7}},"16":{"start":{"line":54,"column":23},"end":{"line":54,"column":25}},"17":{"start":{"line":55,"column":20},"end":{"line":55,"column":89}},"18":{"start":{"line":56,"column":6},"end":{"line":56,"column":25}},"19":{"start":{"line":57,"column":6},"end":{"line":57,"column":38}},"20":{"start":{"line":59,"column":4},"end":{"line":61,"column":7}},"21":{"start":{"line":62,"column":4},"end":{"line":62,"column":26}},"22":{"start":{"line":63,"column":4},"end":{"line":63,"column":36}},"23":{"start":{"line":67,"column":47},"end":{"line":67,"column":57}},"24":{"start":{"line":69,"column":57},"end":{"line":69,"column":67}},"25":{"start":{"line":73,"column":10},"end":{"line":73,"column":22}},"26":{"start":{"line":75,"column":4},"end":{"line":112,"column":6}},"27":{"start":{"line":84,"column":12},"end":{"line":108,"column":15}},"28":{"start":{"line":116,"column":0},"end":{"line":127,"column":2}},"29":{"start":{"line":129,"column":24},"end":{"line":131,"column":2}},"30":{"start":{"line":129,"column":42},"end":{"line":131,"column":1}}},"fnMap":{"0":{"name":"(anonymous_0)","decl":{"start":{"line":13,"column":2},"end":{"line":13,"column":3}},"loc":{"start":{"line":13,"column":22},"end":{"line":26,"column":3}},"line":13},"1":{"name":"(anonymous_1)","decl":{"start":{"line":28,"column":2},"end":{"line":28,"column":3}},"loc":{"start":{"line":28,"column":32},"end":{"line":44,"column":3}},"line":28},"2":{"name":"(anonymous_2)","decl":{"start":{"line":46,"column":16},"end":{"line":46,"column":17}},"loc":{"start":{"line":46,"column":32},"end":{"line":64,"column":3}},"line":46},"3":{"name":"(anonymous_3)","decl":{"start":{"line":66,"column":2},"end":{"line":66,"column":3}},"loc":{"start":{"line":66,"column":11},"end":{"line":113,"column":3}},"line":66},"4":{"name":"(anonymous_4)","decl":{"start":{"line":83,"column":31},"end":{"line":83,"column":32}},"loc":{"start":{"line":84,"column":12},"end":{"line":108,"column":15}},"line":84},"5":{"name":"(anonymous_5)","decl":{"start":{"line":129,"column":24},"end":{"line":129,"column":25}},"loc":{"start":{"line":129,"column":42},"end":{"line":131,"column":1}},"line":129}},"branchMap":{"0":{"loc":{"start":{"line":38,"column":4},"end":{"line":43,"column":5}},"type":"if","locations":[{"start":{"line":38,"column":4},"end":{"line":43,"column":5}},{"start":{},"end":{}}],"line":38},"1":{"loc":{"start":{"line":48,"column":4},"end":{"line":58,"column":5}},"type":"if","locations":[{"start":{"line":48,"column":4},"end":{"line":58,"column":5}},{"start":{},"end":{}}],"line":48},"2":{"loc":{"start":{"line":84,"column":12},"end":{"line":108,"column":15}},"type":"cond-expr","locations":[{"start":{"line":86,"column":16},"end":{"line":95,"column":25}},{"start":{"line":98,"column":16},"end":{"line":107,"column":25}}],"line":84},"3":{"loc":{"start":{"line":88,"column":30},"end":{"line":88,"column":58}},"type":"cond-expr","locations":[{"start":{"line":88,"column":46},"end":{"line":88,"column":51}},{"start":{"line":88,"column":54},"end":{"line":88,"column":58}}],"line":88},"4":{"loc":{"start":{"line":100,"column":30},"end":{"line":100,"column":60}},"type":"cond-expr","locations":[{"start":{"line":100,"column":46},"end":{"line":100,"column":53}},{"start":{"line":100,"column":56},"end":{"line":100,"column":60}}],"line":100}},"s":{"0":11,"1":11,"2":11,"3":11,"4":11,"5":11,"6":59,"7":59,"8":59,"9":59,"10":59,"11":5,"12":11,"13":7,"14":7,"15":4,"16":4,"17":4,"18":4,"19":4,"20":7,"21":7,"22":7,"23":70,"24":70,"25":70,"26":70,"27":228,"28":4,"29":4,"30":28},"f":{"0":11,"1":59,"2":7,"3":70,"4":228,"5":28},"b":{"0":[5,54],"1":[4,3],"2":[156,72],"3":[38,118],"4":[32,40]},"_coverageSchema":"1a1c01bbd47fc00a2c39e90264f33305004495a9","hash":"6fafbc86ddcdd518a6ad5c181358d20643f0dab7"}
,"/home/yago/Trybe-Projetos/Front-End/Trybe-Projeto-08/sd-031-b-project-trivia-react-redux/src/components/Header.jsx": {"path":"/home/yago/Trybe-Projetos/Front-End/Trybe-Projeto-08/sd-031-b-project-trivia-react-redux/src/components/Header.jsx","statementMap":{"0":{"start":{"line":8,"column":43},"end":{"line":8,"column":53}},"1":{"start":{"line":9,"column":4},"end":{"line":19,"column":6}},"2":{"start":{"line":23,"column":24},"end":{"line":27,"column":2}},"3":{"start":{"line":23,"column":36},"end":{"line":27,"column":1}},"4":{"start":{"line":29,"column":0},"end":{"line":33,"column":2}}},"fnMap":{"0":{"name":"(anonymous_0)","decl":{"start":{"line":7,"column":2},"end":{"line":7,"column":3}},"loc":{"start":{"line":7,"column":11},"end":{"line":20,"column":3}},"line":7},"1":{"name":"(anonymous_1)","decl":{"start":{"line":23,"column":24},"end":{"line":23,"column":25}},"loc":{"start":{"line":23,"column":36},"end":{"line":27,"column":1}},"line":23}},"branchMap":{},"s":{"0":11,"1":11,"2":4,"3":24,"4":4},"f":{"0":11,"1":24},"b":{},"_coverageSchema":"1a1c01bbd47fc00a2c39e90264f33305004495a9","hash":"e353520b521d9b72362f22ef096dff2be2f21c37"}
,"/home/yago/Trybe-Projetos/Front-End/Trybe-Projeto-08/sd-031-b-project-trivia-react-redux/src/pages/Feedback.js": {"path":"/home/yago/Trybe-Projetos/Front-End/Trybe-Projeto-08/sd-031-b-project-trivia-react-redux/src/pages/Feedback.js","statementMap":{"0":{"start":{"line":9,"column":35},"end":{"line":9,"column":45}},"1":{"start":{"line":10,"column":24},"end":{"line":10,"column":81}},"2":{"start":{"line":11,"column":22},"end":{"line":11,"column":62}},"3":{"start":{"line":12,"column":4},"end":{"line":12,"column":71}},"4":{"start":{"line":16,"column":66},"end":{"line":16,"column":76}},"5":{"start":{"line":17,"column":30},"end":{"line":17,"column":31}},"6":{"start":{"line":18,"column":4},"end":{"line":68,"column":6}},"7":{"start":{"line":51,"column":12},"end":{"line":51,"column":35}},"8":{"start":{"line":52,"column":12},"end":{"line":52,"column":30}},"9":{"start":{"line":61,"column":28},"end":{"line":61,"column":53}},"10":{"start":{"line":72,"column":0},"end":{"line":81,"column":2}},"11":{"start":{"line":83,"column":24},"end":{"line":88,"column":2}},"12":{"start":{"line":83,"column":41},"end":{"line":88,"column":1}}},"fnMap":{"0":{"name":"(anonymous_0)","decl":{"start":{"line":8,"column":2},"end":{"line":8,"column":3}},"loc":{"start":{"line":8,"column":22},"end":{"line":13,"column":3}},"line":8},"1":{"name":"(anonymous_1)","decl":{"start":{"line":15,"column":2},"end":{"line":15,"column":3}},"loc":{"start":{"line":15,"column":11},"end":{"line":69,"column":3}},"line":15},"2":{"name":"(anonymous_2)","decl":{"start":{"line":50,"column":20},"end":{"line":50,"column":21}},"loc":{"start":{"line":50,"column":26},"end":{"line":53,"column":11}},"line":50},"3":{"name":"(anonymous_3)","decl":{"start":{"line":61,"column":20},"end":{"line":61,"column":21}},"loc":{"start":{"line":61,"column":26},"end":{"line":61,"column":55}},"line":61},"4":{"name":"(anonymous_4)","decl":{"start":{"line":83,"column":24},"end":{"line":83,"column":25}},"loc":{"start":{"line":83,"column":41},"end":{"line":88,"column":1}},"line":83}},"branchMap":{"0":{"loc":{"start":{"line":10,"column":24},"end":{"line":10,"column":81}},"type":"binary-expr","locations":[{"start":{"line":10,"column":24},"end":{"line":10,"column":75}},{"start":{"line":10,"column":79},"end":{"line":10,"column":81}}],"line":10},"1":{"loc":{"start":{"line":33,"column":11},"end":{"line":33,"column":79}},"type":"cond-expr","locations":[{"start":{"line":33,"column":44},"end":{"line":33,"column":64}},{"start":{"line":33,"column":67},"end":{"line":33,"column":79}}],"line":33}},"s":{"0":7,"1":7,"2":7,"3":7,"4":7,"5":7,"6":7,"7":1,"8":1,"9":1,"10":4,"11":4,"12":8},"f":{"0":7,"1":7,"2":1,"3":1,"4":8},"b":{"0":[7,2],"1":[6,1]},"_coverageSchema":"1a1c01bbd47fc00a2c39e90264f33305004495a9","hash":"5afb3d71baadb4a906f8f7b7e964f91fa2d301dd"}
,"/home/yago/Trybe-Projetos/Front-End/Trybe-Projeto-08/sd-031-b-project-trivia-react-redux/src/pages/Game.js": {"path":"/home/yago/Trybe-Projetos/Front-End/Trybe-Projeto-08/sd-031-b-project-trivia-react-redux/src/pages/Game.js","statementMap":{"0":{"start":{"line":13,"column":10},"end":{"line":23,"column":3}},"1":{"start":{"line":26,"column":24},"end":{"line":26,"column":34}},"2":{"start":{"line":27,"column":4},"end":{"line":29,"column":7}},"3":{"start":{"line":30,"column":20},"end":{"line":30,"column":40}},"4":{"start":{"line":31,"column":4},"end":{"line":31,"column":64}},"5":{"start":{"line":33,"column":21},"end":{"line":33,"column":22}},"6":{"start":{"line":34,"column":4},"end":{"line":37,"column":5}},"7":{"start":{"line":35,"column":6},"end":{"line":35,"column":39}},"8":{"start":{"line":36,"column":6},"end":{"line":36,"column":24}},"9":{"start":{"line":39,"column":4},"end":{"line":39,"column":22}},"10":{"start":{"line":43,"column":27},"end":{"line":43,"column":37}},"11":{"start":{"line":45,"column":4},"end":{"line":47,"column":5}},"12":{"start":{"line":46,"column":6},"end":{"line":46,"column":32}},"13":{"start":{"line":51,"column":4},"end":{"line":51,"column":30}},"14":{"start":{"line":54,"column":15},"end":{"line":68,"column":3}},"15":{"start":{"line":55,"column":25},"end":{"line":55,"column":35}},"16":{"start":{"line":56,"column":19},"end":{"line":56,"column":23}},"17":{"start":{"line":57,"column":4},"end":{"line":67,"column":15}},"18":{"start":{"line":58,"column":26},"end":{"line":58,"column":36}},"19":{"start":{"line":59,"column":6},"end":{"line":66,"column":7}},"20":{"start":{"line":60,"column":8},"end":{"line":62,"column":11}},"21":{"start":{"line":64,"column":8},"end":{"line":64,"column":34}},"22":{"start":{"line":65,"column":8},"end":{"line":65,"column":40}},"23":{"start":{"line":70,"column":16},"end":{"line":93,"column":3}},"24":{"start":{"line":71,"column":31},"end":{"line":71,"column":41}},"25":{"start":{"line":72,"column":34},"end":{"line":72,"column":44}},"26":{"start":{"line":76,"column":4},"end":{"line":76,"column":29}},"27":{"start":{"line":77,"column":4},"end":{"line":79,"column":7}},"28":{"start":{"line":80,"column":4},"end":{"line":80,"column":30}},"29":{"start":{"line":81,"column":4},"end":{"line":81,"column":22}},"30":{"start":{"line":83,"column":4},"end":{"line":89,"column":5}},"31":{"start":{"line":84,"column":6},"end":{"line":84,"column":32}},"32":{"start":{"line":86,"column":6},"end":{"line":88,"column":10}},"33":{"start":{"line":86,"column":36},"end":{"line":88,"column":7}},"34":{"start":{"line":92,"column":4},"end":{"line":92,"column":42}},"35":{"start":{"line":96,"column":49},"end":{"line":96,"column":59}},"36":{"start":{"line":97,"column":27},"end":{"line":97,"column":37}},"37":{"start":{"line":98,"column":4},"end":{"line":115,"column":6}},"38":{"start":{"line":119,"column":0},"end":{"line":125,"column":2}},"39":{"start":{"line":127,"column":24},"end":{"line":129,"column":2}},"40":{"start":{"line":127,"column":41},"end":{"line":129,"column":1}}},"fnMap":{"0":{"name":"(anonymous_0)","decl":{"start":{"line":25,"column":2},"end":{"line":25,"column":3}},"loc":{"start":{"line":25,"column":28},"end":{"line":40,"column":3}},"line":25},"1":{"name":"(anonymous_1)","decl":{"start":{"line":42,"column":2},"end":{"line":42,"column":3}},"loc":{"start":{"line":42,"column":23},"end":{"line":48,"column":3}},"line":42},"2":{"name":"(anonymous_2)","decl":{"start":{"line":50,"column":2},"end":{"line":50,"column":3}},"loc":{"start":{"line":50,"column":25},"end":{"line":52,"column":3}},"line":50},"3":{"name":"(anonymous_3)","decl":{"start":{"line":54,"column":15},"end":{"line":54,"column":16}},"loc":{"start":{"line":54,"column":21},"end":{"line":68,"column":3}},"line":54},"4":{"name":"(anonymous_4)","decl":{"start":{"line":57,"column":29},"end":{"line":57,"column":30}},"loc":{"start":{"line":57,"column":35},"end":{"line":67,"column":5}},"line":57},"5":{"name":"(anonymous_5)","decl":{"start":{"line":70,"column":16},"end":{"line":70,"column":17}},"loc":{"start":{"line":70,"column":22},"end":{"line":93,"column":3}},"line":70},"6":{"name":"(anonymous_6)","decl":{"start":{"line":86,"column":20},"end":{"line":86,"column":21}},"loc":{"start":{"line":86,"column":36},"end":{"line":88,"column":7}},"line":86},"7":{"name":"(anonymous_7)","decl":{"start":{"line":95,"column":2},"end":{"line":95,"column":3}},"loc":{"start":{"line":95,"column":11},"end":{"line":116,"column":3}},"line":95},"8":{"name":"(anonymous_8)","decl":{"start":{"line":127,"column":24},"end":{"line":127,"column":25}},"loc":{"start":{"line":127,"column":41},"end":{"line":129,"column":1}},"line":127}},"branchMap":{"0":{"loc":{"start":{"line":34,"column":4},"end":{"line":37,"column":5}},"type":"if","locations":[{"start":{"line":34,"column":4},"end":{"line":37,"column":5}},{"start":{},"end":{}}],"line":34},"1":{"loc":{"start":{"line":45,"column":4},"end":{"line":47,"column":5}},"type":"if","locations":[{"start":{"line":45,"column":4},"end":{"line":47,"column":5}},{"start":{},"end":{}}],"line":45},"2":{"loc":{"start":{"line":59,"column":6},"end":{"line":66,"column":7}},"type":"if","locations":[{"start":{"line":59,"column":6},"end":{"line":66,"column":7}},{"start":{"line":63,"column":13},"end":{"line":66,"column":7}}],"line":59},"3":{"loc":{"start":{"line":83,"column":4},"end":{"line":89,"column":5}},"type":"if","locations":[{"start":{"line":83,"column":4},"end":{"line":89,"column":5}},{"start":{"line":85,"column":11},"end":{"line":89,"column":5}}],"line":83},"4":{"loc":{"start":{"line":101,"column":10},"end":{"line":104,"column":10}},"type":"binary-expr","locations":[{"start":{"line":101,"column":10},"end":{"line":101,"column":18}},{"start":{"line":101,"column":22},"end":{"line":104,"column":10}}],"line":101},"5":{"loc":{"start":{"line":105,"column":9},"end":{"line":112,"column":9}},"type":"binary-expr","locations":[{"start":{"line":105,"column":10},"end":{"line":105,"column":20}},{"start":{"line":105,"column":24},"end":{"line":105,"column":37}},{"start":{"line":106,"column":10},"end":{"line":111,"column":19}}],"line":105}},"s":{"0":7,"1":7,"2":7,"3":7,"4":6,"5":6,"6":6,"7":1,"8":1,"9":6,"10":53,"11":53,"12":7,"13":7,"14":7,"15":12,"16":12,"17":12,"18":31,"19":31,"20":30,"21":1,"22":1,"23":7,"24":6,"25":6,"26":6,"27":6,"28":6,"29":6,"30":6,"31":1,"32":5,"33":5,"34":6,"35":60,"36":60,"37":60,"38":4,"39":4,"40":38},"f":{"0":7,"1":53,"2":7,"3":12,"4":31,"5":6,"6":5,"7":60,"8":38},"b":{"0":[1,5],"1":[7,46],"2":[30,1],"3":[1,5],"4":[60,53],"5":[60,53,8]},"_coverageSchema":"1a1c01bbd47fc00a2c39e90264f33305004495a9","hash":"2a3c14377bf20b7c3e952b283eeee61371b6290f"}
,"/home/yago/Trybe-Projetos/Front-End/Trybe-Projeto-08/sd-031-b-project-trivia-react-redux/src/pages/Login.js": {"path":"/home/yago/Trybe-Projetos/Front-End/Trybe-Projeto-08/sd-031-b-project-trivia-react-redux/src/pages/Login.js","statementMap":{"0":{"start":{"line":8,"column":10},"end":{"line":12,"column":3}},"1":{"start":{"line":14,"column":17},"end":{"line":24,"column":3}},"2":{"start":{"line":15,"column":4},"end":{"line":15,"column":27}},"3":{"start":{"line":16,"column":32},"end":{"line":16,"column":42}},"4":{"start":{"line":17,"column":25},"end":{"line":17,"column":35}},"5":{"start":{"line":18,"column":4},"end":{"line":18,"column":31}},"6":{"start":{"line":19,"column":4},"end":{"line":19,"column":33}},"7":{"start":{"line":20,"column":22},"end":{"line":20,"column":38}},"8":{"start":{"line":21,"column":4},"end":{"line":21,"column":41}},"9":{"start":{"line":22,"column":24},"end":{"line":22,"column":34}},"10":{"start":{"line":23,"column":4},"end":{"line":23,"column":26}},"11":{"start":{"line":26,"column":17},"end":{"line":28,"column":3}},"12":{"start":{"line":27,"column":4},"end":{"line":27,"column":64}},"13":{"start":{"line":27,"column":43},"end":{"line":27,"column":62}},"14":{"start":{"line":30,"column":17},"end":{"line":38,"column":3}},"15":{"start":{"line":31,"column":32},"end":{"line":31,"column":42}},"16":{"start":{"line":32,"column":16},"end":{"line":32,"column":17}},"17":{"start":{"line":33,"column":19},"end":{"line":33,"column":20}},"18":{"start":{"line":34,"column":27},"end":{"line":36,"column":26}},"19":{"start":{"line":37,"column":4},"end":{"line":37,"column":49}},"20":{"start":{"line":41,"column":42},"end":{"line":41,"column":52}},"21":{"start":{"line":42,"column":24},"end":{"line":42,"column":34}},"22":{"start":{"line":43,"column":4},"end":{"line":79,"column":6}},"23":{"start":{"line":74,"column":26},"end":{"line":74,"column":51}},"24":{"start":{"line":83,"column":0},"end":{"line":88,"column":2}}},"fnMap":{"0":{"name":"(anonymous_0)","decl":{"start":{"line":14,"column":17},"end":{"line":14,"column":18}},"loc":{"start":{"line":14,"column":34},"end":{"line":24,"column":3}},"line":14},"1":{"name":"(anonymous_1)","decl":{"start":{"line":26,"column":17},"end":{"line":26,"column":18}},"loc":{"start":{"line":26,"column":50},"end":{"line":28,"column":3}},"line":26},"2":{"name":"(anonymous_2)","decl":{"start":{"line":27,"column":37},"end":{"line":27,"column":38}},"loc":{"start":{"line":27,"column":43},"end":{"line":27,"column":62}},"line":27},"3":{"name":"(anonymous_3)","decl":{"start":{"line":30,"column":17},"end":{"line":30,"column":18}},"loc":{"start":{"line":30,"column":23},"end":{"line":38,"column":3}},"line":30},"4":{"name":"(anonymous_4)","decl":{"start":{"line":40,"column":2},"end":{"line":40,"column":3}},"loc":{"start":{"line":40,"column":11},"end":{"line":80,"column":3}},"line":40},"5":{"name":"(anonymous_5)","decl":{"start":{"line":74,"column":20},"end":{"line":74,"column":21}},"loc":{"start":{"line":74,"column":26},"end":{"line":74,"column":51}},"line":74}},"branchMap":{"0":{"loc":{"start":{"line":34,"column":27},"end":{"line":36,"column":26}},"type":"binary-expr","locations":[{"start":{"line":34,"column":27},"end":{"line":34,"column":49}},{"start":{"line":35,"column":7},"end":{"line":35,"column":29}},{"start":{"line":36,"column":7},"end":{"line":36,"column":26}}],"line":34}},"s":{"0":23,"1":23,"2":1,"3":1,"4":1,"5":1,"6":1,"7":1,"8":1,"9":1,"10":1,"11":23,"12":74,"13":74,"14":23,"15":74,"16":74,"17":74,"18":74,"19":74,"20":176,"21":176,"22":176,"23":1,"24":4},"f":{"0":1,"1":74,"2":74,"3":74,"4":176,"5":1},"b":{"0":[74,68,32]},"_coverageSchema":"1a1c01bbd47fc00a2c39e90264f33305004495a9","hash":"5ceb18a6016b5c5e8fdcdae7df3b82acb354c817"}
,"/home/yago/Trybe-Projetos/Front-End/Trybe-Projeto-08/sd-031-b-project-trivia-react-redux/src/pages/Ranking.js": {"path":"/home/yago/Trybe-Projetos/Front-End/Trybe-Projeto-08/sd-031-b-project-trivia-react-redux/src/pages/Ranking.js","statementMap":{"0":{"start":{"line":9,"column":34},"end":{"line":9,"column":44}},"1":{"start":{"line":10,"column":26},"end":{"line":10,"column":83}},"2":{"start":{"line":11,"column":4},"end":{"line":11,"column":52}},"3":{"start":{"line":11,"column":33},"end":{"line":11,"column":50}},"4":{"start":{"line":13,"column":4},"end":{"line":44,"column":6}},"5":{"start":{"line":18,"column":12},"end":{"line":32,"column":18}},"6":{"start":{"line":37,"column":12},"end":{"line":37,"column":35}},"7":{"start":{"line":38,"column":12},"end":{"line":38,"column":30}},"8":{"start":{"line":48,"column":24},"end":{"line":53,"column":2}},"9":{"start":{"line":48,"column":41},"end":{"line":53,"column":1}},"10":{"start":{"line":55,"column":0},"end":{"line":60,"column":2}}},"fnMap":{"0":{"name":"(anonymous_0)","decl":{"start":{"line":8,"column":2},"end":{"line":8,"column":3}},"loc":{"start":{"line":8,"column":11},"end":{"line":45,"column":3}},"line":8},"1":{"name":"(anonymous_1)","decl":{"start":{"line":11,"column":23},"end":{"line":11,"column":24}},"loc":{"start":{"line":11,"column":33},"end":{"line":11,"column":50}},"line":11},"2":{"name":"(anonymous_2)","decl":{"start":{"line":17,"column":29},"end":{"line":17,"column":30}},"loc":{"start":{"line":18,"column":12},"end":{"line":32,"column":18}},"line":18},"3":{"name":"(anonymous_3)","decl":{"start":{"line":36,"column":20},"end":{"line":36,"column":21}},"loc":{"start":{"line":36,"column":26},"end":{"line":39,"column":11}},"line":36},"4":{"name":"(anonymous_4)","decl":{"start":{"line":48,"column":24},"end":{"line":48,"column":25}},"loc":{"start":{"line":48,"column":41},"end":{"line":53,"column":1}},"line":48}},"branchMap":{"0":{"loc":{"start":{"line":10,"column":26},"end":{"line":10,"column":83}},"type":"binary-expr","locations":[{"start":{"line":10,"column":26},"end":{"line":10,"column":77}},{"start":{"line":10,"column":81},"end":{"line":10,"column":83}}],"line":10}},"s":{"0":4,"1":4,"2":4,"3":2,"4":4,"5":3,"6":1,"7":1,"8":4,"9":5,"10":4},"f":{"0":4,"1":2,"2":3,"3":1,"4":5},"b":{"0":[4,3]},"_coverageSchema":"1a1c01bbd47fc00a2c39e90264f33305004495a9","hash":"27b45a0b3bbca1855e3ff1e0f095d3c417da6eb1"}
,"/home/yago/Trybe-Projetos/Front-End/Trybe-Projeto-08/sd-031-b-project-trivia-react-redux/src/pages/Settings.js": {"path":"/home/yago/Trybe-Projetos/Front-End/Trybe-Projeto-08/sd-031-b-project-trivia-react-redux/src/pages/Settings.js","statementMap":{"0":{"start":{"line":5,"column":4},"end":{"line":9,"column":6}}},"fnMap":{"0":{"name":"(anonymous_0)","decl":{"start":{"line":4,"column":2},"end":{"line":4,"column":3}},"loc":{"start":{"line":4,"column":11},"end":{"line":10,"column":3}},"line":4}},"branchMap":{},"s":{"0":1},"f":{"0":1},"b":{},"_coverageSchema":"1a1c01bbd47fc00a2c39e90264f33305004495a9","hash":"628c0d889fd67974240206804c735120a6f817d0"}
}
