{"total": {"lines":{"total":120,"covered":120,"skipped":0,"pct":100},"statements":{"total":128,"covered":128,"skipped":0,"pct":100},"functions":{"total":35,"covered":35,"skipped":0,"pct":100},"branches":{"total":32,"covered":31,"skipped":0,"pct":96.87},"branchesTrue":{"total":0,"covered":0,"skipped":0,"pct":100}}
,"/home/yago/Trybe-Projetos/Front-End/Trybe-Projeto-08/sd-031-b-project-trivia-react-redux/src/App.js": {"lines":{"total":1,"covered":1,"skipped":0,"pct":100},"functions":{"total":1,"covered":1,"skipped":0,"pct":100},"statements":{"total":1,"covered":1,"skipped":0,"pct":100},"branches":{"total":0,"covered":0,"skipped":0,"pct":100}}
,"/home/yago/Trybe-Projetos/Front-End/Trybe-Projeto-08/sd-031-b-project-trivia-react-redux/src/components/GameSection.jsx": {"lines":{"total":30,"covered":30,"skipped":0,"pct":100},"functions":{"total":6,"covered":6,"skipped":0,"pct":100},"statements":{"total":31,"covered":31,"skipped":0,"pct":100},"branches":{"total":10,"covered":10,"skipped":0,"pct":100}}
,"/home/yago/Trybe-Projetos/Front-End/Trybe-Projeto-08/sd-031-b-project-trivia-react-redux/src/components/Header.jsx": {"lines":{"total":4,"covered":4,"skipped":0,"pct":100},"functions":{"total":2,"covered":2,"skipped":0,"pct":100},"statements":{"total":5,"covered":5,"skipped":0,"pct":100},"branches":{"total":0,"covered":0,"skipped":0,"pct":100}}
,"/home/yago/Trybe-Projetos/Front-End/Trybe-Projeto-08/sd-031-b-project-trivia-react-redux/src/pages/Feedback.js": {"lines":{"total":12,"covered":12,"skipped":0,"pct":100},"functions":{"total":5,"covered":5,"skipped":0,"pct":100},"statements":{"total":13,"covered":13,"skipped":0,"pct":100},"branches":{"total":4,"covered":3,"skipped":0,"pct":75}}
,"/home/yago/Trybe-Projetos/Front-End/Trybe-Projeto-08/sd-031-b-project-trivia-react-redux/src/pages/Game.js": {"lines":{"total":39,"covered":39,"skipped":0,"pct":100},"functions":{"total":9,"covered":9,"skipped":0,"pct":100},"statements":{"total":41,"covered":41,"skipped":0,"pct":100},"branches":{"total":13,"covered":13,"skipped":0,"pct":100}}
,"/home/yago/Trybe-Projetos/Front-End/Trybe-Projeto-08/sd-031-b-project-trivia-react-redux/src/pages/Login.js": {"lines":{"total":24,"covered":24,"skipped":0,"pct":100},"functions":{"total":6,"covered":6,"skipped":0,"pct":100},"statements":{"total":25,"covered":25,"skipped":0,"pct":100},"branches":{"total":3,"covered":3,"skipped":0,"pct":100}}
,"/home/yago/Trybe-Projetos/Front-End/Trybe-Projeto-08/sd-031-b-project-trivia-react-redux/src/pages/Ranking.js": {"lines":{"total":9,"covered":9,"skipped":0,"pct":100},"functions":{"total":5,"covered":5,"skipped":0,"pct":100},"statements":{"total":11,"covered":11,"skipped":0,"pct":100},"branches":{"total":2,"covered":2,"skipped":0,"pct":100}}
,"/home/yago/Trybe-Projetos/Front-End/Trybe-Projeto-08/sd-031-b-project-trivia-react-redux/src/pages/Settings.js": {"lines":{"total":1,"covered":1,"skipped":0,"pct":100},"functions":{"total":1,"covered":1,"skipped":0,"pct":100},"statements":{"total":1,"covered":1,"skipped":0,"pct":100},"branches":{"total":0,"covered":0,"skipped":0,"pct":100}}
}
