TN:
SF:src/App.js
FN:10,App
FNF:1
FNH:1
FNDA:21,App
DA:11,21
LF:1
LH:1
BRF:0
BRH:0
end_of_record
TN:
SF:src/components/GameSection.jsx
FN:13,(anonymous_0)
FN:28,(anonymous_1)
FN:46,(anonymous_2)
FN:66,(anonymous_3)
FN:83,(anonymous_4)
FN:129,(anonymous_5)
FNF:6
FNH:6
FNDA:11,(anonymous_0)
FNDA:59,(anonymous_1)
FNDA:7,(anonymous_2)
FNDA:70,(anonymous_3)
FNDA:228,(anonymous_4)
FNDA:28,(anonymous_5)
DA:8,11
DA:14,11
DA:19,11
DA:21,11
DA:22,11
DA:23,11
DA:29,59
DA:34,59
DA:36,59
DA:37,59
DA:38,59
DA:39,5
DA:46,11
DA:47,7
DA:48,7
DA:49,4
DA:54,4
DA:55,4
DA:56,4
DA:57,4
DA:59,7
DA:62,7
DA:63,7
DA:67,70
DA:69,70
DA:73,70
DA:75,70
DA:84,228
DA:116,4
DA:129,28
LF:30
LH:30
BRDA:38,0,0,5
BRDA:38,0,1,54
BRDA:48,1,0,4
BRDA:48,1,1,3
BRDA:84,2,0,156
BRDA:84,2,1,72
BRDA:88,3,0,38
BRDA:88,3,1,118
BRDA:100,4,0,32
BRDA:100,4,1,40
BRF:10
BRH:10
end_of_record
TN:
SF:src/components/Header.jsx
FN:7,(anonymous_0)
FN:23,(anonymous_1)
FNF:2
FNH:2
FNDA:11,(anonymous_0)
FNDA:24,(anonymous_1)
DA:8,11
DA:9,11
DA:23,24
DA:29,4
LF:4
LH:4
BRF:0
BRH:0
end_of_record
TN:
SF:src/pages/Feedback.js
FN:8,(anonymous_0)
FN:15,(anonymous_1)
FN:50,(anonymous_2)
FN:61,(anonymous_3)
FN:83,(anonymous_4)
FNF:5
FNH:5
FNDA:7,(anonymous_0)
FNDA:7,(anonymous_1)
FNDA:1,(anonymous_2)
FNDA:1,(anonymous_3)
FNDA:8,(anonymous_4)
DA:9,7
DA:10,7
DA:11,7
DA:12,7
DA:16,7
DA:17,7
DA:18,7
DA:51,1
DA:52,1
DA:61,1
DA:72,4
DA:83,8
LF:12
LH:12
BRDA:10,0,0,7
BRDA:10,0,1,2
BRDA:33,1,0,6
BRDA:33,1,1,1
BRF:4
BRH:4
end_of_record
TN:
SF:src/pages/Game.js
FN:25,(anonymous_0)
FN:42,(anonymous_1)
FN:50,(anonymous_2)
FN:54,(anonymous_3)
FN:57,(anonymous_4)
FN:70,(anonymous_5)
FN:86,(anonymous_6)
FN:95,(anonymous_7)
FN:127,(anonymous_8)
FNF:9
FNH:9
FNDA:7,(anonymous_0)
FNDA:53,(anonymous_1)
FNDA:7,(anonymous_2)
FNDA:12,(anonymous_3)
FNDA:31,(anonymous_4)
FNDA:6,(anonymous_5)
FNDA:5,(anonymous_6)
FNDA:60,(anonymous_7)
FNDA:38,(anonymous_8)
DA:13,7
DA:26,7
DA:27,7
DA:30,7
DA:31,6
DA:33,6
DA:34,6
DA:35,1
DA:36,1
DA:39,6
DA:43,53
DA:45,53
DA:46,7
DA:51,7
DA:54,7
DA:55,12
DA:56,12
DA:57,12
DA:58,31
DA:59,31
DA:60,30
DA:64,1
DA:65,1
DA:70,7
DA:71,6
DA:72,6
DA:76,6
DA:77,6
DA:80,6
DA:81,6
DA:83,6
DA:84,1
DA:86,5
DA:92,6
DA:96,60
DA:97,60
DA:98,60
DA:119,4
DA:127,38
LF:39
LH:39
BRDA:34,0,0,1
BRDA:34,0,1,5
BRDA:45,1,0,7
BRDA:45,1,1,46
BRDA:59,2,0,30
BRDA:59,2,1,1
BRDA:83,3,0,1
BRDA:83,3,1,5
BRDA:101,4,0,60
BRDA:101,4,1,53
BRDA:105,5,0,60
BRDA:105,5,1,53
BRDA:105,5,2,8
BRF:13
BRH:13
end_of_record
TN:
SF:src/pages/Login.js
FN:14,(anonymous_0)
FN:26,(anonymous_1)
FN:27,(anonymous_2)
FN:30,(anonymous_3)
FN:40,(anonymous_4)
FN:74,(anonymous_5)
FNF:6
FNH:6
FNDA:1,(anonymous_0)
FNDA:74,(anonymous_1)
FNDA:74,(anonymous_2)
FNDA:74,(anonymous_3)
FNDA:176,(anonymous_4)
FNDA:1,(anonymous_5)
DA:8,23
DA:14,23
DA:15,1
DA:16,1
DA:17,1
DA:18,1
DA:19,1
DA:20,1
DA:21,1
DA:22,1
DA:23,1
DA:26,23
DA:27,74
DA:30,23
DA:31,74
DA:32,74
DA:33,74
DA:34,74
DA:37,74
DA:41,176
DA:42,176
DA:43,176
DA:74,1
DA:83,4
LF:24
LH:24
BRDA:34,0,0,74
BRDA:34,0,1,68
BRDA:34,0,2,32
BRF:3
BRH:3
end_of_record
TN:
SF:src/pages/Ranking.js
FN:8,(anonymous_0)
FN:11,(anonymous_1)
FN:17,(anonymous_2)
FN:36,(anonymous_3)
FN:48,(anonymous_4)
FNF:5
FNH:5
FNDA:4,(anonymous_0)
FNDA:2,(anonymous_1)
FNDA:3,(anonymous_2)
FNDA:1,(anonymous_3)
FNDA:5,(anonymous_4)
DA:9,4
DA:10,4
DA:11,4
DA:13,4
DA:18,3
DA:37,1
DA:38,1
DA:48,5
DA:55,4
LF:9
LH:9
BRDA:10,0,0,4
BRDA:10,0,1,3
BRF:2
BRH:2
end_of_record
TN:
SF:src/pages/Settings.js
FN:4,(anonymous_0)
FNF:1
FNH:1
FNDA:1,(anonymous_0)
DA:5,1
LF:1
LH:1
BRF:0
BRH:0
end_of_record
