{"/home/yago/Trybe-Projetos/Front-End/Trybe-Projeto-09/sd-031-b-project-starwars-planets-search/src/App.js": {"path":"/home/yago/Trybe-Projetos/Front-End/Trybe-Projeto-09/sd-031-b-project-starwars-planets-search/src/App.js","statementMap":{"0":{"start":{"line":7,"column":2},"end":{"line":12,"column":4}}},"fnMap":{"0":{"name":"App","decl":{"start":{"line":6,"column":9},"end":{"line":6,"column":12}},"loc":{"start":{"line":6,"column":15},"end":{"line":13,"column":1}},"line":6}},"branchMap":{},"s":{"0":6},"f":{"0":6},"b":{},"_coverageSchema":"1a1c01bbd47fc00a2c39e90264f33305004495a9","hash":"cecb9b46bc806b26d13523198dcf87bc582e0ccb"}
,"/home/yago/Trybe-Projetos/Front-End/Trybe-Projeto-09/sd-031-b-project-starwars-planets-search/src/components/Filters.jsx": {"path":"/home/yago/Trybe-Projetos/Front-End/Trybe-Projeto-09/sd-031-b-project-starwars-planets-search/src/components/Filters.jsx","statementMap":{"0":{"start":{"line":5,"column":42},"end":{"line":5,"column":64}},"1":{"start":{"line":6,"column":50},"end":{"line":6,"column":71}},"2":{"start":{"line":7,"column":40},"end":{"line":7,"column":51}},"3":{"start":{"line":8,"column":38},"end":{"line":8,"column":60}},"4":{"start":{"line":9,"column":36},"end":{"line":9,"column":48}},"5":{"start":{"line":18,"column":6},"end":{"line":18,"column":33}},"6":{"start":{"line":20,"column":24},"end":{"line":26,"column":3}},"7":{"start":{"line":29,"column":25},"end":{"line":29,"column":68}},"8":{"start":{"line":29,"column":54},"end":{"line":29,"column":67}},"9":{"start":{"line":30,"column":27},"end":{"line":32,"column":4}},"10":{"start":{"line":31,"column":4},"end":{"line":31,"column":36}},"11":{"start":{"line":34,"column":22},"end":{"line":46,"column":3}},"12":{"start":{"line":35,"column":4},"end":{"line":35,"column":23}},"13":{"start":{"line":36,"column":22},"end":{"line":40,"column":5}},"14":{"start":{"line":41,"column":4},"end":{"line":41,"column":30}},"15":{"start":{"line":42,"column":4},"end":{"line":42,"column":50}},"16":{"start":{"line":43,"column":4},"end":{"line":43,"column":34}},"17":{"start":{"line":44,"column":4},"end":{"line":44,"column":37}},"18":{"start":{"line":45,"column":4},"end":{"line":45,"column":22}},"19":{"start":{"line":48,"column":23},"end":{"line":51,"column":3}},"20":{"start":{"line":49,"column":21},"end":{"line":49,"column":74}},"21":{"start":{"line":49,"column":53},"end":{"line":49,"column":73}},"22":{"start":{"line":50,"column":4},"end":{"line":50,"column":30}},"23":{"start":{"line":53,"column":21},"end":{"line":62,"column":3}},"24":{"start":{"line":54,"column":4},"end":{"line":54,"column":23}},"25":{"start":{"line":55,"column":20},"end":{"line":58,"column":5}},"26":{"start":{"line":59,"column":4},"end":{"line":59,"column":26}},"27":{"start":{"line":60,"column":4},"end":{"line":60,"column":32}},"28":{"start":{"line":61,"column":4},"end":{"line":61,"column":21}},"29":{"start":{"line":64,"column":2},"end":{"line":200,"column":4}},"30":{"start":{"line":71,"column":46},"end":{"line":71,"column":72}},"31":{"start":{"line":82,"column":50},"end":{"line":82,"column":72}},"32":{"start":{"line":86,"column":16},"end":{"line":88,"column":25}},"33":{"start":{"line":100,"column":50},"end":{"line":100,"column":76}},"34":{"start":{"line":114,"column":50},"end":{"line":114,"column":71}},"35":{"start":{"line":127,"column":48},"end":{"line":127,"column":68}},"36":{"start":{"line":135,"column":14},"end":{"line":137,"column":23}},"37":{"start":{"line":149,"column":50},"end":{"line":149,"column":69}},"38":{"start":{"line":161,"column":50},"end":{"line":161,"column":69}},"39":{"start":{"line":174,"column":10},"end":{"line":187,"column":16}},"40":{"start":{"line":183,"column":30},"end":{"line":183,"column":57}},"41":{"start":{"line":193,"column":28},"end":{"line":193,"column":47}}},"fnMap":{"0":{"name":"Filters","decl":{"start":{"line":4,"column":24},"end":{"line":4,"column":31}},"loc":{"start":{"line":4,"column":34},"end":{"line":201,"column":1}},"line":4},"1":{"name":"(anonymous_1)","decl":{"start":{"line":29,"column":42},"end":{"line":29,"column":43}},"loc":{"start":{"line":29,"column":54},"end":{"line":29,"column":67}},"line":29},"2":{"name":"(anonymous_2)","decl":{"start":{"line":30,"column":48},"end":{"line":30,"column":49}},"loc":{"start":{"line":31,"column":4},"end":{"line":31,"column":36}},"line":31},"3":{"name":"(anonymous_3)","decl":{"start":{"line":34,"column":22},"end":{"line":34,"column":23}},"loc":{"start":{"line":34,"column":29},"end":{"line":46,"column":3}},"line":34},"4":{"name":"(anonymous_4)","decl":{"start":{"line":48,"column":23},"end":{"line":48,"column":24}},"loc":{"start":{"line":48,"column":31},"end":{"line":51,"column":3}},"line":48},"5":{"name":"(anonymous_5)","decl":{"start":{"line":49,"column":41},"end":{"line":49,"column":42}},"loc":{"start":{"line":49,"column":53},"end":{"line":49,"column":73}},"line":49},"6":{"name":"(anonymous_6)","decl":{"start":{"line":53,"column":21},"end":{"line":53,"column":22}},"loc":{"start":{"line":53,"column":28},"end":{"line":62,"column":3}},"line":53},"7":{"name":"(anonymous_7)","decl":{"start":{"line":71,"column":19},"end":{"line":71,"column":20}},"loc":{"start":{"line":71,"column":46},"end":{"line":71,"column":72}},"line":71},"8":{"name":"(anonymous_8)","decl":{"start":{"line":82,"column":23},"end":{"line":82,"column":24}},"loc":{"start":{"line":82,"column":50},"end":{"line":82,"column":72}},"line":82},"9":{"name":"(anonymous_9)","decl":{"start":{"line":85,"column":35},"end":{"line":85,"column":36}},"loc":{"start":{"line":86,"column":16},"end":{"line":88,"column":25}},"line":86},"10":{"name":"(anonymous_10)","decl":{"start":{"line":100,"column":23},"end":{"line":100,"column":24}},"loc":{"start":{"line":100,"column":50},"end":{"line":100,"column":76}},"line":100},"11":{"name":"(anonymous_11)","decl":{"start":{"line":114,"column":23},"end":{"line":114,"column":24}},"loc":{"start":{"line":114,"column":50},"end":{"line":114,"column":71}},"line":114},"12":{"name":"(anonymous_12)","decl":{"start":{"line":127,"column":21},"end":{"line":127,"column":22}},"loc":{"start":{"line":127,"column":48},"end":{"line":127,"column":68}},"line":127},"13":{"name":"(anonymous_13)","decl":{"start":{"line":134,"column":30},"end":{"line":134,"column":31}},"loc":{"start":{"line":135,"column":14},"end":{"line":137,"column":23}},"line":135},"14":{"name":"(anonymous_14)","decl":{"start":{"line":149,"column":23},"end":{"line":149,"column":24}},"loc":{"start":{"line":149,"column":50},"end":{"line":149,"column":69}},"line":149},"15":{"name":"(anonymous_15)","decl":{"start":{"line":161,"column":23},"end":{"line":161,"column":24}},"loc":{"start":{"line":161,"column":50},"end":{"line":161,"column":69}},"line":161},"16":{"name":"(anonymous_16)","decl":{"start":{"line":173,"column":26},"end":{"line":173,"column":27}},"loc":{"start":{"line":174,"column":10},"end":{"line":187,"column":16}},"line":174},"17":{"name":"(anonymous_17)","decl":{"start":{"line":183,"column":24},"end":{"line":183,"column":25}},"loc":{"start":{"line":183,"column":30},"end":{"line":183,"column":57}},"line":183},"18":{"name":"(anonymous_18)","decl":{"start":{"line":193,"column":22},"end":{"line":193,"column":23}},"loc":{"start":{"line":193,"column":28},"end":{"line":193,"column":47}},"line":193}},"branchMap":{"0":{"loc":{"start":{"line":189,"column":9},"end":{"line":197,"column":16}},"type":"cond-expr","locations":[{"start":{"line":190,"column":10},"end":{"line":196,"column":19}},{"start":{"line":197,"column":12},"end":{"line":197,"column":16}}],"line":189}},"s":{"0":33,"1":33,"2":33,"3":33,"4":33,"5":33,"6":33,"7":33,"8":3,"9":33,"10":165,"11":33,"12":3,"13":3,"14":3,"15":3,"16":3,"17":3,"18":3,"19":33,"20":0,"21":0,"22":0,"23":33,"24":0,"25":0,"26":0,"27":0,"28":0,"29":33,"30":0,"31":3,"32":162,"33":3,"34":16,"35":0,"36":165,"37":0,"38":0,"39":3,"40":0,"41":0},"f":{"0":33,"1":3,"2":165,"3":3,"4":0,"5":0,"6":0,"7":0,"8":3,"9":162,"10":3,"11":16,"12":0,"13":165,"14":0,"15":0,"16":3,"17":0,"18":0},"b":{"0":[3,30]},"_coverageSchema":"1a1c01bbd47fc00a2c39e90264f33305004495a9","hash":"4c95372bb99e884fc3cb1c15caff3ad51fe9d6e3"}
,"/home/yago/Trybe-Projetos/Front-End/Trybe-Projeto-09/sd-031-b-project-starwars-planets-search/src/components/Table.jsx": {"path":"/home/yago/Trybe-Projetos/Front-End/Trybe-Projeto-09/sd-031-b-project-starwars-planets-search/src/components/Table.jsx","statementMap":{"0":{"start":{"line":11,"column":6},"end":{"line":11,"column":33}},"1":{"start":{"line":13,"column":17},"end":{"line":14,"column":45}},"2":{"start":{"line":13,"column":29},"end":{"line":14,"column":45}},"3":{"start":{"line":16,"column":25},"end":{"line":28,"column":4}},"4":{"start":{"line":16,"column":37},"end":{"line":28,"column":4}},"5":{"start":{"line":17,"column":42},"end":{"line":17,"column":48}},"6":{"start":{"line":18,"column":4},"end":{"line":27,"column":5}},"7":{"start":{"line":20,"column":6},"end":{"line":20,"column":52}},"8":{"start":{"line":22,"column":6},"end":{"line":22,"column":52}},"9":{"start":{"line":24,"column":6},"end":{"line":24,"column":54}},"10":{"start":{"line":26,"column":6},"end":{"line":26,"column":19}},"11":{"start":{"line":30,"column":17},"end":{"line":48,"column":3}},"12":{"start":{"line":31,"column":29},"end":{"line":31,"column":38}},"13":{"start":{"line":32,"column":19},"end":{"line":32,"column":21}},"14":{"start":{"line":33,"column":4},"end":{"line":47,"column":5}},"15":{"start":{"line":34,"column":6},"end":{"line":36,"column":7}},"16":{"start":{"line":35,"column":8},"end":{"line":35,"column":17}},"17":{"start":{"line":37,"column":6},"end":{"line":39,"column":7}},"18":{"start":{"line":38,"column":8},"end":{"line":38,"column":22}},"19":{"start":{"line":40,"column":6},"end":{"line":42,"column":7}},"20":{"start":{"line":41,"column":8},"end":{"line":41,"column":53}},"21":{"start":{"line":43,"column":6},"end":{"line":45,"column":7}},"22":{"start":{"line":44,"column":8},"end":{"line":44,"column":53}},"23":{"start":{"line":46,"column":6},"end":{"line":46,"column":15}},"24":{"start":{"line":50,"column":2},"end":{"line":85,"column":3}},"25":{"start":{"line":51,"column":4},"end":{"line":84,"column":6}},"26":{"start":{"line":56,"column":14},"end":{"line":56,"column":40}},"27":{"start":{"line":66,"column":14},"end":{"line":80,"column":19}}},"fnMap":{"0":{"name":"Table","decl":{"start":{"line":4,"column":24},"end":{"line":4,"column":29}},"loc":{"start":{"line":4,"column":32},"end":{"line":86,"column":1}},"line":4},"1":{"name":"(anonymous_1)","decl":{"start":{"line":13,"column":17},"end":{"line":13,"column":18}},"loc":{"start":{"line":13,"column":29},"end":{"line":14,"column":45}},"line":13},"2":{"name":"(anonymous_2)","decl":{"start":{"line":16,"column":25},"end":{"line":16,"column":26}},"loc":{"start":{"line":16,"column":37},"end":{"line":28,"column":4}},"line":16},"3":{"name":"(anonymous_3)","decl":{"start":{"line":16,"column":56},"end":{"line":16,"column":57}},"loc":{"start":{"line":16,"column":68},"end":{"line":28,"column":3}},"line":16},"4":{"name":"(anonymous_4)","decl":{"start":{"line":30,"column":17},"end":{"line":30,"column":18}},"loc":{"start":{"line":30,"column":27},"end":{"line":48,"column":3}},"line":30},"5":{"name":"(anonymous_5)","decl":{"start":{"line":55,"column":25},"end":{"line":55,"column":26}},"loc":{"start":{"line":56,"column":14},"end":{"line":56,"column":40}},"line":56},"6":{"name":"(anonymous_6)","decl":{"start":{"line":65,"column":17},"end":{"line":65,"column":18}},"loc":{"start":{"line":66,"column":14},"end":{"line":80,"column":19}},"line":66}},"branchMap":{"0":{"loc":{"start":{"line":18,"column":4},"end":{"line":27,"column":5}},"type":"switch","locations":[{"start":{"line":19,"column":4},"end":{"line":20,"column":52}},{"start":{"line":21,"column":4},"end":{"line":22,"column":52}},{"start":{"line":23,"column":4},"end":{"line":24,"column":54}},{"start":{"line":25,"column":4},"end":{"line":26,"column":19}}],"line":18},"1":{"loc":{"start":{"line":33,"column":4},"end":{"line":47,"column":5}},"type":"if","locations":[{"start":{"line":33,"column":4},"end":{"line":47,"column":5}},{"start":{},"end":{}}],"line":33},"2":{"loc":{"start":{"line":34,"column":6},"end":{"line":36,"column":7}},"type":"if","locations":[{"start":{"line":34,"column":6},"end":{"line":36,"column":7}},{"start":{},"end":{}}],"line":34},"3":{"loc":{"start":{"line":37,"column":6},"end":{"line":39,"column":7}},"type":"if","locations":[{"start":{"line":37,"column":6},"end":{"line":39,"column":7}},{"start":{},"end":{}}],"line":37},"4":{"loc":{"start":{"line":40,"column":6},"end":{"line":42,"column":7}},"type":"if","locations":[{"start":{"line":40,"column":6},"end":{"line":42,"column":7}},{"start":{},"end":{}}],"line":40},"5":{"loc":{"start":{"line":43,"column":6},"end":{"line":45,"column":7}},"type":"if","locations":[{"start":{"line":43,"column":6},"end":{"line":45,"column":7}},{"start":{},"end":{}}],"line":43},"6":{"loc":{"start":{"line":50,"column":2},"end":{"line":85,"column":3}},"type":"if","locations":[{"start":{"line":50,"column":2},"end":{"line":85,"column":3}},{"start":{},"end":{}}],"line":50}},"s":{"0":11,"1":11,"2":18,"3":11,"4":18,"5":9,"6":9,"7":3,"8":3,"9":3,"10":0,"11":11,"12":8,"13":8,"14":8,"15":0,"16":0,"17":0,"18":0,"19":0,"20":0,"21":0,"22":0,"23":0,"24":11,"25":6,"26":60,"27":14},"f":{"0":11,"1":18,"2":18,"3":9,"4":8,"5":60,"6":14},"b":{"0":[3,3,3,0],"1":[0,8],"2":[0,0],"3":[0,0],"4":[0,0],"5":[0,0],"6":[6,5]},"_coverageSchema":"1a1c01bbd47fc00a2c39e90264f33305004495a9","hash":"33f85a02cb9f726a63cd22ad61675b8b9ca1637c"}
,"/home/yago/Trybe-Projetos/Front-End/Trybe-Projeto-09/sd-031-b-project-starwars-planets-search/src/context/StarWarsContext.js": {"path":"/home/yago/Trybe-Projetos/Front-End/Trybe-Projeto-09/sd-031-b-project-starwars-planets-search/src/context/StarWarsContext.js","statementMap":{"0":{"start":{"line":3,"column":24},"end":{"line":3,"column":39}}},"fnMap":{},"branchMap":{},"s":{"0":1},"f":{},"b":{},"_coverageSchema":"1a1c01bbd47fc00a2c39e90264f33305004495a9","hash":"79e02135490a03485233492190649db3b5aa9b9f"}
,"/home/yago/Trybe-Projetos/Front-End/Trybe-Projeto-09/sd-031-b-project-starwars-planets-search/src/context/StarWarsProvider.js": {"path":"/home/yago/Trybe-Projetos/Front-End/Trybe-Projeto-09/sd-031-b-project-starwars-planets-search/src/context/StarWarsProvider.js","statementMap":{"0":{"start":{"line":6,"column":32},"end":{"line":6,"column":44}},"1":{"start":{"line":7,"column":48},"end":{"line":7,"column":60}},"2":{"start":{"line":8,"column":32},"end":{"line":8,"column":44}},"3":{"start":{"line":9,"column":42},"end":{"line":9,"column":54}},"4":{"start":{"line":10,"column":50},"end":{"line":10,"column":62}},"5":{"start":{"line":11,"column":40},"end":{"line":15,"column":4}},"6":{"start":{"line":16,"column":36},"end":{"line":16,"column":70}},"7":{"start":{"line":18,"column":2},"end":{"line":32,"column":9}},"8":{"start":{"line":19,"column":23},"end":{"line":30,"column":5}},"9":{"start":{"line":20,"column":22},"end":{"line":20,"column":66}},"10":{"start":{"line":21,"column":26},"end":{"line":21,"column":46}},"11":{"start":{"line":22,"column":24},"end":{"line":25,"column":8}},"12":{"start":{"line":23,"column":8},"end":{"line":23,"column":32}},"13":{"start":{"line":24,"column":8},"end":{"line":24,"column":22}},"14":{"start":{"line":26,"column":6},"end":{"line":26,"column":28}},"15":{"start":{"line":27,"column":6},"end":{"line":27,"column":36}},"16":{"start":{"line":28,"column":6},"end":{"line":28,"column":44}},"17":{"start":{"line":29,"column":6},"end":{"line":29,"column":23}},"18":{"start":{"line":31,"column":4},"end":{"line":31,"column":17}},"19":{"start":{"line":34,"column":18},"end":{"line":49,"column":3}},"20":{"start":{"line":51,"column":2},"end":{"line":55,"column":4}},"21":{"start":{"line":58,"column":0},"end":{"line":60,"column":2}}},"fnMap":{"0":{"name":"StarWarsProvider","decl":{"start":{"line":5,"column":24},"end":{"line":5,"column":40}},"loc":{"start":{"line":5,"column":55},"end":{"line":56,"column":1}},"line":5},"1":{"name":"(anonymous_1)","decl":{"start":{"line":18,"column":12},"end":{"line":18,"column":13}},"loc":{"start":{"line":18,"column":18},"end":{"line":32,"column":3}},"line":18},"2":{"name":"(anonymous_2)","decl":{"start":{"line":19,"column":23},"end":{"line":19,"column":24}},"loc":{"start":{"line":19,"column":35},"end":{"line":30,"column":5}},"line":19},"3":{"name":"(anonymous_3)","decl":{"start":{"line":22,"column":36},"end":{"line":22,"column":37}},"loc":{"start":{"line":22,"column":48},"end":{"line":25,"column":7}},"line":22}},"branchMap":{},"s":{"0":11,"1":11,"2":11,"3":11,"4":11,"5":11,"6":11,"7":11,"8":5,"9":5,"10":5,"11":5,"12":15,"13":15,"14":5,"15":5,"16":5,"17":5,"18":5,"19":11,"20":11,"21":1},"f":{"0":11,"1":5,"2":5,"3":15},"b":{},"_coverageSchema":"1a1c01bbd47fc00a2c39e90264f33305004495a9","hash":"93ec366baa28f8350a30d91487d1396ec74b90d6"}
,"/home/yago/Trybe-Projetos/Front-End/Trybe-Projeto-09/sd-031-b-project-starwars-planets-search/src/tests/helper/bySortMock.js": {"path":"/home/yago/Trybe-Projetos/Front-End/Trybe-Projeto-09/sd-031-b-project-starwars-planets-search/src/tests/helper/bySortMock.js","statementMap":{},"fnMap":{},"branchMap":{},"s":{},"f":{},"b":{},"_coverageSchema":"1a1c01bbd47fc00a2c39e90264f33305004495a9","hash":"48e6bfaa3f3d97e8878ef9dfd015929ae684c655"}
,"/home/yago/Trybe-Projetos/Front-End/Trybe-Projeto-09/sd-031-b-project-starwars-planets-search/src/tests/helper/mock.js": {"path":"/home/yago/Trybe-Projetos/Front-End/Trybe-Projeto-09/sd-031-b-project-starwars-planets-search/src/tests/helper/mock.js","statementMap":{"0":{"start":{"line":1,"column":16},"end":{"line":58,"column":3}},"1":{"start":{"line":3,"column":2},"end":{"line":57,"column":7}},"2":{"start":{"line":7,"column":4},"end":{"line":56,"column":10}}},"fnMap":{"0":{"name":"(anonymous_0)","decl":{"start":{"line":1,"column":16},"end":{"line":1,"column":17}},"loc":{"start":{"line":1,"column":22},"end":{"line":58,"column":3}},"line":1},"1":{"name":"(anonymous_1)","decl":{"start":{"line":5,"column":10},"end":{"line":5,"column":11}},"loc":{"start":{"line":7,"column":4},"end":{"line":56,"column":10}},"line":7}},"branchMap":{},"s":{"0":1,"1":5,"2":5},"f":{"0":5,"1":5},"b":{},"_coverageSchema":"1a1c01bbd47fc00a2c39e90264f33305004495a9","hash":"4c76211fabee6be6ab98531c6c9844aab5f0a56f"}
}
