{"total": {"lines":{"total":93,"covered":70,"skipped":0,"pct":75.26},"statements":{"total":97,"covered":73,"skipped":0,"pct":75.25},"functions":{"total":33,"covered":24,"skipped":0,"pct":72.72},"branches":{"total":18,"covered":8,"skipped":0,"pct":44.44},"branchesTrue":{"total":0,"covered":0,"skipped":0,"pct":100}}
,"/home/yago/Trybe-Projetos/Front-End/Trybe-Projeto-09/sd-031-b-project-starwars-planets-search/src/App.js": {"lines":{"total":1,"covered":1,"skipped":0,"pct":100},"functions":{"total":1,"covered":1,"skipped":0,"pct":100},"statements":{"total":1,"covered":1,"skipped":0,"pct":100},"branches":{"total":0,"covered":0,"skipped":0,"pct":100}}
,"/home/yago/Trybe-Projetos/Front-End/Trybe-Projeto-09/sd-031-b-project-starwars-planets-search/src/components/Filters.jsx": {"lines":{"total":40,"covered":27,"skipped":0,"pct":67.5},"functions":{"total":19,"covered":10,"skipped":0,"pct":52.63},"statements":{"total":42,"covered":28,"skipped":0,"pct":66.66},"branches":{"total":2,"covered":2,"skipped":0,"pct":100}}
,"/home/yago/Trybe-Projetos/Front-End/Trybe-Projeto-09/sd-031-b-project-starwars-planets-search/src/components/Table.jsx": {"lines":{"total":26,"covered":16,"skipped":0,"pct":61.53},"functions":{"total":7,"covered":7,"skipped":0,"pct":100},"statements":{"total":28,"covered":18,"skipped":0,"pct":64.28},"branches":{"total":16,"covered":6,"skipped":0,"pct":37.5}}
,"/home/yago/Trybe-Projetos/Front-End/Trybe-Projeto-09/sd-031-b-project-starwars-planets-search/src/context/StarWarsContext.js": {"lines":{"total":1,"covered":1,"skipped":0,"pct":100},"functions":{"total":0,"covered":0,"skipped":0,"pct":100},"statements":{"total":1,"covered":1,"skipped":0,"pct":100},"branches":{"total":0,"covered":0,"skipped":0,"pct":100}}
,"/home/yago/Trybe-Projetos/Front-End/Trybe-Projeto-09/sd-031-b-project-starwars-planets-search/src/context/StarWarsProvider.js": {"lines":{"total":22,"covered":22,"skipped":0,"pct":100},"functions":{"total":4,"covered":4,"skipped":0,"pct":100},"statements":{"total":22,"covered":22,"skipped":0,"pct":100},"branches":{"total":0,"covered":0,"skipped":0,"pct":100}}
,"/home/yago/Trybe-Projetos/Front-End/Trybe-Projeto-09/sd-031-b-project-starwars-planets-search/src/tests/helper/mock.js": {"lines":{"total":3,"covered":3,"skipped":0,"pct":100},"functions":{"total":2,"covered":2,"skipped":0,"pct":100},"statements":{"total":3,"covered":3,"skipped":0,"pct":100},"branches":{"total":0,"covered":0,"skipped":0,"pct":100}}
}
