TN:
SF:src/App.js
FN:6,App
FNF:1
FNH:1
FNDA:6,App
DA:7,6
LF:1
LH:1
BRF:0
BRH:0
end_of_record
TN:
SF:src/components/Filters.jsx
FN:4,Filters
FN:29,(anonymous_1)
FN:30,(anonymous_2)
FN:34,(anonymous_3)
FN:48,(anonymous_4)
FN:49,(anonymous_5)
FN:53,(anonymous_6)
FN:71,(anonymous_7)
FN:82,(anonymous_8)
FN:85,(anonymous_9)
FN:100,(anonymous_10)
FN:114,(anonymous_11)
FN:127,(anonymous_12)
FN:134,(anonymous_13)
FN:149,(anonymous_14)
FN:161,(anonymous_15)
FN:173,(anonymous_16)
FN:183,(anonymous_17)
FN:193,(anonymous_18)
FNF:19
FNH:10
FNDA:33,Filters
FNDA:3,(anonymous_1)
FNDA:165,(anonymous_2)
FNDA:3,(anonymous_3)
FNDA:0,(anonymous_4)
FNDA:0,(anonymous_5)
FNDA:0,(anonymous_6)
FNDA:0,(anonymous_7)
FNDA:3,(anonymous_8)
FNDA:162,(anonymous_9)
FNDA:3,(anonymous_10)
FNDA:16,(anonymous_11)
FNDA:0,(anonymous_12)
FNDA:165,(anonymous_13)
FNDA:0,(anonymous_14)
FNDA:0,(anonymous_15)
FNDA:3,(anonymous_16)
FNDA:0,(anonymous_17)
FNDA:0,(anonymous_18)
DA:5,33
DA:6,33
DA:7,33
DA:8,33
DA:9,33
DA:18,33
DA:20,33
DA:29,33
DA:30,33
DA:31,165
DA:34,33
DA:35,3
DA:36,3
DA:41,3
DA:42,3
DA:43,3
DA:44,3
DA:45,3
DA:48,33
DA:49,0
DA:50,0
DA:53,33
DA:54,0
DA:55,0
DA:59,0
DA:60,0
DA:61,0
DA:64,33
DA:71,0
DA:82,3
DA:86,162
DA:100,3
DA:114,16
DA:127,0
DA:135,165
DA:149,0
DA:161,0
DA:174,3
DA:183,0
DA:193,0
LF:40
LH:27
BRDA:189,0,0,3
BRDA:189,0,1,30
BRF:2
BRH:2
end_of_record
TN:
SF:src/components/Table.jsx
FN:4,Table
FN:13,(anonymous_1)
FN:16,(anonymous_2)
FN:16,(anonymous_3)
FN:30,(anonymous_4)
FN:55,(anonymous_5)
FN:65,(anonymous_6)
FNF:7
FNH:7
FNDA:11,Table
FNDA:18,(anonymous_1)
FNDA:18,(anonymous_2)
FNDA:9,(anonymous_3)
FNDA:8,(anonymous_4)
FNDA:60,(anonymous_5)
FNDA:14,(anonymous_6)
DA:11,11
DA:13,18
DA:16,18
DA:17,9
DA:18,9
DA:20,3
DA:22,3
DA:24,3
DA:26,0
DA:30,11
DA:31,8
DA:32,8
DA:33,8
DA:34,0
DA:35,0
DA:37,0
DA:38,0
DA:40,0
DA:41,0
DA:43,0
DA:44,0
DA:46,0
DA:50,11
DA:51,6
DA:56,60
DA:66,14
LF:26
LH:16
BRDA:18,0,0,3
BRDA:18,0,1,3
BRDA:18,0,2,3
BRDA:18,0,3,0
BRDA:33,1,0,0
BRDA:33,1,1,8
BRDA:34,2,0,0
BRDA:34,2,1,0
BRDA:37,3,0,0
BRDA:37,3,1,0
BRDA:40,4,0,0
BRDA:40,4,1,0
BRDA:43,5,0,0
BRDA:43,5,1,0
BRDA:50,6,0,6
BRDA:50,6,1,5
BRF:16
BRH:6
end_of_record
TN:
SF:src/context/StarWarsContext.js
FNF:0
FNH:0
DA:3,1
LF:1
LH:1
BRF:0
BRH:0
end_of_record
TN:
SF:src/context/StarWarsProvider.js
FN:5,StarWarsProvider
FN:18,(anonymous_1)
FN:19,(anonymous_2)
FN:22,(anonymous_3)
FNF:4
FNH:4
FNDA:11,StarWarsProvider
FNDA:5,(anonymous_1)
FNDA:5,(anonymous_2)
FNDA:15,(anonymous_3)
DA:6,11
DA:7,11
DA:8,11
DA:9,11
DA:10,11
DA:11,11
DA:16,11
DA:18,11
DA:19,5
DA:20,5
DA:21,5
DA:22,5
DA:23,15
DA:24,15
DA:26,5
DA:27,5
DA:28,5
DA:29,5
DA:31,5
DA:34,11
DA:51,11
DA:58,1
LF:22
LH:22
BRF:0
BRH:0
end_of_record
TN:
SF:src/tests/helper/bySortMock.js
FNF:0
FNH:0
LF:0
LH:0
BRF:0
BRH:0
end_of_record
TN:
SF:src/tests/helper/mock.js
FN:1,(anonymous_0)
FN:5,(anonymous_1)
FNF:2
FNH:2
FNDA:5,(anonymous_0)
FNDA:5,(anonymous_1)
DA:1,1
DA:3,5
DA:7,5
LF:3
LH:3
BRF:0
BRH:0
end_of_record
