<?xml version="1.0" encoding="UTF-8"?>
<coverage generated="1687630490805" clover="3.2.0">
  <project timestamp="1687630490805" name="All files">
    <metrics statements="107" coveredstatements="81" conditionals="21" coveredconditionals="14" methods="33" coveredmethods="20" elements="161" coveredelements="115" complexity="0" loc="107" ncloc="107" packages="6" files="11" classes="11"/>
    <package name="src">
      <metrics statements="1" coveredstatements="1" conditionals="0" coveredconditionals="0" methods="1" coveredmethods="1"/>
      <file name="App.js" path="/home/yago/Trybe-Projetos/Front-End/Trybe-Projeto-07/sd-031-b-project-trybewallet/src/App.js">
        <metrics statements="1" coveredstatements="1" conditionals="0" coveredconditionals="0" methods="1" coveredmethods="1"/>
        <line num="8" count="11" type="stmt"/>
      </file>
    </package>
    <package name="src.components">
      <metrics statements="48" coveredstatements="29" conditionals="4" coveredconditionals="1" methods="16" coveredmethods="10"/>
      <file name="Header.js" path="/home/yago/Trybe-Projetos/Front-End/Trybe-Projeto-07/sd-031-b-project-trybewallet/src/components/Header.js">
        <metrics statements="9" coveredstatements="7" conditionals="0" coveredconditionals="0" methods="4" coveredmethods="3"/>
        <line num="6" count="6" type="stmt"/>
        <line num="7" count="6" type="stmt"/>
        <line num="8" count="6" type="stmt"/>
        <line num="9" count="0" type="stmt"/>
        <line num="10" count="0" type="stmt"/>
        <line num="15" count="6" type="stmt"/>
        <line num="16" count="6" type="stmt"/>
        <line num="28" count="6" type="stmt"/>
        <line num="33" count="2" type="stmt"/>
      </file>
      <file name="Table.js" path="/home/yago/Trybe-Projetos/Front-End/Trybe-Projeto-07/sd-031-b-project-trybewallet/src/components/Table.js">
        <metrics statements="9" coveredstatements="5" conditionals="0" coveredconditionals="0" methods="4" coveredmethods="2"/>
        <line num="8" count="6" type="stmt"/>
        <line num="9" count="0" type="stmt"/>
        <line num="10" count="0" type="stmt"/>
        <line num="11" count="0" type="stmt"/>
        <line num="15" count="6" type="stmt"/>
        <line num="16" count="6" type="stmt"/>
        <line num="33" count="0" type="stmt"/>
        <line num="64" count="6" type="stmt"/>
        <line num="68" count="2" type="stmt"/>
      </file>
      <file name="WalletForm.js" path="/home/yago/Trybe-Projetos/Front-End/Trybe-Projeto-07/sd-031-b-project-trybewallet/src/components/WalletForm.js">
        <metrics statements="30" coveredstatements="17" conditionals="4" coveredconditionals="1" methods="8" coveredmethods="5"/>
        <line num="13" count="2" type="stmt"/>
        <line num="16" count="6" type="stmt"/>
        <line num="27" count="6" type="stmt"/>
        <line num="28" count="6" type="stmt"/>
        <line num="29" count="0" type="stmt"/>
        <line num="30" count="0" type="stmt"/>
        <line num="31" count="0" type="stmt"/>
        <line num="34" count="6" type="stmt"/>
        <line num="35" count="14" type="stmt"/>
        <line num="36" count="14" type="stmt"/>
        <line num="39" count="6" type="stmt"/>
        <line num="40" count="1" type="stmt"/>
        <line num="41" count="1" type="stmt"/>
        <line num="42" count="1" type="stmt"/>
        <line num="44" count="1" type="stmt"/>
        <line num="45" count="0" type="stmt"/>
        <line num="47" count="0" type="stmt"/>
        <line num="48" count="0" type="stmt"/>
        <line num="50" count="0" type="stmt"/>
        <line num="54" count="0" type="cond" truecount="0" falsecount="2"/>
        <line num="55" count="0" type="stmt"/>
        <line num="56" count="0" type="stmt"/>
        <line num="65" count="0" type="stmt"/>
        <line num="66" count="0" type="stmt"/>
        <line num="79" count="20" type="stmt"/>
        <line num="80" count="20" type="stmt"/>
        <line num="81" count="20" type="stmt"/>
        <line num="116" count="0" type="stmt"/>
        <line num="163" count="6" type="stmt"/>
        <line num="171" count="2" type="stmt"/>
      </file>
    </package>
    <package name="src.components.helpers">
      <metrics statements="5" coveredstatements="3" conditionals="0" coveredconditionals="0" methods="1" coveredmethods="1"/>
      <file name="fetchCurrencies.js" path="/home/yago/Trybe-Projetos/Front-End/Trybe-Projeto-07/sd-031-b-project-trybewallet/src/components/helpers/fetchCurrencies.js">
        <metrics statements="5" coveredstatements="3" conditionals="0" coveredconditionals="0" methods="1" coveredmethods="1"/>
        <line num="1" count="2" type="stmt"/>
        <line num="3" count="2" type="stmt"/>
        <line num="4" count="7" type="stmt"/>
        <line num="5" count="0" type="stmt"/>
        <line num="6" count="0" type="stmt"/>
      </file>
    </package>
    <package name="src.pages">
      <metrics statements="19" coveredstatements="19" conditionals="4" coveredconditionals="4" methods="4" coveredmethods="4"/>
      <file name="Login.js" path="/home/yago/Trybe-Projetos/Front-End/Trybe-Projeto-07/sd-031-b-project-trybewallet/src/pages/Login.js">
        <metrics statements="18" coveredstatements="18" conditionals="4" coveredconditionals="4" methods="3" coveredmethods="3"/>
        <line num="8" count="11" type="stmt"/>
        <line num="14" count="11" type="stmt"/>
        <line num="15" count="61" type="stmt"/>
        <line num="16" count="61" type="stmt"/>
        <line num="18" count="61" type="stmt"/>
        <line num="20" count="61" type="stmt"/>
        <line num="21" count="61" type="stmt"/>
        <line num="22" count="61" type="cond" truecount="4" falsecount="0"/>
        <line num="23" count="4" type="stmt"/>
        <line num="27" count="57" type="stmt"/>
        <line num="33" count="11" type="stmt"/>
        <line num="34" count="1" type="stmt"/>
        <line num="35" count="1" type="stmt"/>
        <line num="37" count="1" type="stmt"/>
        <line num="39" count="1" type="stmt"/>
        <line num="43" count="72" type="stmt"/>
        <line num="44" count="72" type="stmt"/>
        <line num="75" count="2" type="stmt"/>
      </file>
      <file name="Wallet.js" path="/home/yago/Trybe-Projetos/Front-End/Trybe-Projeto-07/sd-031-b-project-trybewallet/src/pages/Wallet.js">
        <metrics statements="1" coveredstatements="1" conditionals="0" coveredconditionals="0" methods="1" coveredmethods="1"/>
        <line num="8" count="6" type="stmt"/>
      </file>
    </package>
    <package name="src.redux.actions">
      <metrics statements="14" coveredstatements="14" conditionals="0" coveredconditionals="0" methods="7" coveredmethods="1"/>
      <file name="index.js" path="/home/yago/Trybe-Projetos/Front-End/Trybe-Projeto-07/sd-031-b-project-trybewallet/src/redux/actions/index.js">
        <metrics statements="14" coveredstatements="14" conditionals="0" coveredconditionals="0" methods="7" coveredmethods="1"/>
        <line num="1" count="2" type="stmt"/>
        <line num="2" count="2" type="stmt"/>
        <line num="3" count="2" type="stmt"/>
        <line num="4" count="2" type="stmt"/>
        <line num="5" count="2" type="stmt"/>
        <line num="6" count="2" type="stmt"/>
        <line num="7" count="2" type="stmt"/>
        <line num="9" count="2" type="stmt"/>
        <line num="14" count="2" type="stmt"/>
        <line num="19" count="2" type="stmt"/>
        <line num="24" count="2" type="stmt"/>
        <line num="29" count="2" type="stmt"/>
        <line num="34" count="2" type="stmt"/>
        <line num="39" count="2" type="stmt"/>
      </file>
    </package>
    <package name="src.redux.reducers">
      <metrics statements="20" coveredstatements="15" conditionals="13" coveredconditionals="9" methods="4" coveredmethods="3"/>
      <file name="index.js" path="/home/yago/Trybe-Projetos/Front-End/Trybe-Projeto-07/sd-031-b-project-trybewallet/src/redux/reducers/index.js">
        <metrics statements="1" coveredstatements="1" conditionals="0" coveredconditionals="0" methods="0" coveredmethods="0"/>
        <line num="5" count="2" type="stmt"/>
      </file>
      <file name="user.js" path="/home/yago/Trybe-Projetos/Front-End/Trybe-Projeto-07/sd-031-b-project-trybewallet/src/redux/reducers/user.js">
        <metrics statements="5" coveredstatements="5" conditionals="3" coveredconditionals="3" methods="1" coveredmethods="1"/>
        <line num="4" count="2" type="stmt"/>
        <line num="8" count="2" type="cond" truecount="1" falsecount="0"/>
        <line num="9" count="16" type="cond" truecount="2" falsecount="0"/>
        <line num="11" count="1" type="stmt"/>
        <line num="16" count="15" type="stmt"/>
      </file>
      <file name="wallet.js" path="/home/yago/Trybe-Projetos/Front-End/Trybe-Projeto-07/sd-031-b-project-trybewallet/src/redux/reducers/wallet.js">
        <metrics statements="14" coveredstatements="9" conditionals="10" coveredconditionals="6" methods="3" coveredmethods="2"/>
        <line num="12" count="2" type="stmt"/>
        <line num="20" count="2" type="cond" truecount="1" falsecount="0"/>
        <line num="21" count="20" type="cond" truecount="5" falsecount="2"/>
        <line num="23" count="1" type="stmt"/>
        <line num="28" count="1" type="stmt"/>
        <line num="33" count="1" type="stmt"/>
        <line num="38" count="1" type="stmt"/>
        <line num="40" count="2" type="stmt"/>
        <line num="43" count="0" type="stmt"/>
        <line num="49" count="0" type="stmt"/>
        <line num="52" count="0" type="cond" truecount="0" falsecount="2"/>
        <line num="53" count="0" type="stmt"/>
        <line num="55" count="0" type="stmt"/>
        <line num="59" count="16" type="stmt"/>
      </file>
    </package>
  </project>
</coverage>
