{"/home/yago/Trybe-Projetos/Front-End/Trybe-Projeto-07/sd-031-b-project-trybewallet/src/App.js": {"path":"/home/yago/Trybe-Projetos/Front-End/Trybe-Projeto-07/sd-031-b-project-trybewallet/src/App.js","statementMap":{"0":{"start":{"line":8,"column":2},"end":{"line":15,"column":4}}},"fnMap":{"0":{"name":"App","decl":{"start":{"line":7,"column":9},"end":{"line":7,"column":12}},"loc":{"start":{"line":7,"column":15},"end":{"line":16,"column":1}},"line":7}},"branchMap":{},"s":{"0":11},"f":{"0":11},"b":{},"_coverageSchema":"1a1c01bbd47fc00a2c39e90264f33305004495a9","hash":"bba6e7f4b66375e9fdd358061b44700a26f1a848"}
,"/home/yago/Trybe-Projetos/Front-End/Trybe-Projeto-07/sd-031-b-project-trybewallet/src/components/Header.js": {"path":"/home/yago/Trybe-Projetos/Front-End/Trybe-Projeto-07/sd-031-b-project-trybewallet/src/components/Header.js","statementMap":{"0":{"start":{"line":6,"column":14},"end":{"line":12,"column":3}},"1":{"start":{"line":7,"column":22},"end":{"line":7,"column":32}},"2":{"start":{"line":8,"column":4},"end":{"line":11,"column":10}},"3":{"start":{"line":9,"column":25},"end":{"line":9,"column":70}},"4":{"start":{"line":10,"column":6},"end":{"line":10,"column":46}},"5":{"start":{"line":15,"column":22},"end":{"line":15,"column":32}},"6":{"start":{"line":16,"column":4},"end":{"line":24,"column":6}},"7":{"start":{"line":28,"column":24},"end":{"line":31,"column":2}},"8":{"start":{"line":28,"column":36},"end":{"line":31,"column":1}},"9":{"start":{"line":33,"column":0},"end":{"line":36,"column":2}}},"fnMap":{"0":{"name":"(anonymous_0)","decl":{"start":{"line":6,"column":14},"end":{"line":6,"column":15}},"loc":{"start":{"line":6,"column":20},"end":{"line":12,"column":3}},"line":6},"1":{"name":"(anonymous_1)","decl":{"start":{"line":8,"column":24},"end":{"line":8,"column":25}},"loc":{"start":{"line":8,"column":47},"end":{"line":11,"column":5}},"line":8},"2":{"name":"(anonymous_2)","decl":{"start":{"line":14,"column":2},"end":{"line":14,"column":3}},"loc":{"start":{"line":14,"column":11},"end":{"line":25,"column":3}},"line":14},"3":{"name":"(anonymous_3)","decl":{"start":{"line":28,"column":24},"end":{"line":28,"column":25}},"loc":{"start":{"line":28,"column":36},"end":{"line":31,"column":1}},"line":28}},"branchMap":{},"s":{"0":6,"1":6,"2":6,"3":0,"4":0,"5":6,"6":6,"7":2,"8":6,"9":2},"f":{"0":6,"1":0,"2":6,"3":6},"b":{},"_coverageSchema":"1a1c01bbd47fc00a2c39e90264f33305004495a9","hash":"dbdc018068c77b89cf9163e76a0db266c8c37138"}
,"/home/yago/Trybe-Projetos/Front-End/Trybe-Projeto-07/sd-031-b-project-trybewallet/src/components/Table.js": {"path":"/home/yago/Trybe-Projetos/Front-End/Trybe-Projeto-07/sd-031-b-project-trybewallet/src/components/Table.js","statementMap":{"0":{"start":{"line":8,"column":17},"end":{"line":12,"column":3}},"1":{"start":{"line":9,"column":19},"end":{"line":9,"column":25}},"2":{"start":{"line":10,"column":25},"end":{"line":10,"column":35}},"3":{"start":{"line":11,"column":4},"end":{"line":11,"column":32}},"4":{"start":{"line":15,"column":25},"end":{"line":15,"column":35}},"5":{"start":{"line":16,"column":4},"end":{"line":60,"column":6}},"6":{"start":{"line":33,"column":12},"end":{"line":56,"column":17}},"7":{"start":{"line":64,"column":24},"end":{"line":66,"column":2}},"8":{"start":{"line":64,"column":36},"end":{"line":66,"column":1}},"9":{"start":{"line":68,"column":0},"end":{"line":72,"column":2}}},"fnMap":{"0":{"name":"(anonymous_0)","decl":{"start":{"line":8,"column":17},"end":{"line":8,"column":18}},"loc":{"start":{"line":8,"column":33},"end":{"line":12,"column":3}},"line":8},"1":{"name":"(anonymous_1)","decl":{"start":{"line":14,"column":2},"end":{"line":14,"column":3}},"loc":{"start":{"line":14,"column":11},"end":{"line":61,"column":3}},"line":14},"2":{"name":"(anonymous_2)","decl":{"start":{"line":32,"column":24},"end":{"line":32,"column":25}},"loc":{"start":{"line":33,"column":12},"end":{"line":56,"column":17}},"line":33},"3":{"name":"(anonymous_3)","decl":{"start":{"line":64,"column":24},"end":{"line":64,"column":25}},"loc":{"start":{"line":64,"column":36},"end":{"line":66,"column":1}},"line":64}},"branchMap":{},"s":{"0":6,"1":0,"2":0,"3":0,"4":6,"5":6,"6":0,"7":2,"8":6,"9":2},"f":{"0":0,"1":6,"2":0,"3":6},"b":{},"_coverageSchema":"1a1c01bbd47fc00a2c39e90264f33305004495a9","hash":"2558519bf3b3a32918344fcbaa951c990a5bdb30"}
,"/home/yago/Trybe-Projetos/Front-End/Trybe-Projeto-07/sd-031-b-project-trybewallet/src/components/WalletForm.js": {"path":"/home/yago/Trybe-Projetos/Front-End/Trybe-Projeto-07/sd-031-b-project-trybewallet/src/components/WalletForm.js","statementMap":{"0":{"start":{"line":13,"column":19},"end":{"line":13,"column":32}},"1":{"start":{"line":16,"column":10},"end":{"line":24,"column":3}},"2":{"start":{"line":27,"column":25},"end":{"line":27,"column":35}},"3":{"start":{"line":28,"column":17},"end":{"line":28,"column":40}},"4":{"start":{"line":29,"column":18},"end":{"line":29,"column":35}},"5":{"start":{"line":30,"column":22},"end":{"line":30,"column":61}},"6":{"start":{"line":30,"column":45},"end":{"line":30,"column":60}},"7":{"start":{"line":31,"column":4},"end":{"line":31,"column":39}},"8":{"start":{"line":34,"column":17},"end":{"line":37,"column":3}},"9":{"start":{"line":35,"column":28},"end":{"line":35,"column":34}},"10":{"start":{"line":36,"column":4},"end":{"line":36,"column":37}},"11":{"start":{"line":39,"column":17},"end":{"line":76,"column":3}},"12":{"start":{"line":40,"column":4},"end":{"line":40,"column":23}},"13":{"start":{"line":41,"column":44},"end":{"line":41,"column":54}},"14":{"start":{"line":42,"column":32},"end":{"line":42,"column":42}},"15":{"start":{"line":44,"column":26},"end":{"line":44,"column":49}},"16":{"start":{"line":45,"column":4},"end":{"line":45,"column":37}},"17":{"start":{"line":47,"column":21},"end":{"line":47,"column":80}},"18":{"start":{"line":48,"column":4},"end":{"line":48,"column":35}},"19":{"start":{"line":50,"column":21},"end":{"line":53,"column":5}},"20":{"start":{"line":54,"column":4},"end":{"line":75,"column":5}},"21":{"start":{"line":55,"column":6},"end":{"line":55,"column":38}},"22":{"start":{"line":56,"column":6},"end":{"line":63,"column":9}},"23":{"start":{"line":65,"column":6},"end":{"line":65,"column":37}},"24":{"start":{"line":66,"column":6},"end":{"line":74,"column":10}},"25":{"start":{"line":66,"column":36},"end":{"line":74,"column":7}},"26":{"start":{"line":79,"column":58},"end":{"line":79,"column":68}},"27":{"start":{"line":80,"column":39},"end":{"line":80,"column":49}},"28":{"start":{"line":81,"column":4},"end":{"line":159,"column":6}},"29":{"start":{"line":116,"column":14},"end":{"line":116,"column":65}},"30":{"start":{"line":163,"column":24},"end":{"line":169,"column":2}},"31":{"start":{"line":163,"column":36},"end":{"line":169,"column":1}},"32":{"start":{"line":171,"column":0},"end":{"line":176,"column":2}}},"fnMap":{"0":{"name":"(anonymous_0)","decl":{"start":{"line":26,"column":2},"end":{"line":26,"column":3}},"loc":{"start":{"line":26,"column":28},"end":{"line":32,"column":3}},"line":26},"1":{"name":"(anonymous_1)","decl":{"start":{"line":30,"column":35},"end":{"line":30,"column":36}},"loc":{"start":{"line":30,"column":45},"end":{"line":30,"column":60}},"line":30},"2":{"name":"(anonymous_2)","decl":{"start":{"line":34,"column":17},"end":{"line":34,"column":18}},"loc":{"start":{"line":34,"column":33},"end":{"line":37,"column":3}},"line":34},"3":{"name":"(anonymous_3)","decl":{"start":{"line":39,"column":17},"end":{"line":39,"column":18}},"loc":{"start":{"line":39,"column":30},"end":{"line":76,"column":3}},"line":39},"4":{"name":"(anonymous_4)","decl":{"start":{"line":66,"column":20},"end":{"line":66,"column":21}},"loc":{"start":{"line":66,"column":36},"end":{"line":74,"column":7}},"line":66},"5":{"name":"(anonymous_5)","decl":{"start":{"line":78,"column":2},"end":{"line":78,"column":3}},"loc":{"start":{"line":78,"column":11},"end":{"line":160,"column":3}},"line":78},"6":{"name":"(anonymous_6)","decl":{"start":{"line":115,"column":28},"end":{"line":115,"column":29}},"loc":{"start":{"line":116,"column":14},"end":{"line":116,"column":65}},"line":116},"7":{"name":"(anonymous_7)","decl":{"start":{"line":163,"column":24},"end":{"line":163,"column":25}},"loc":{"start":{"line":163,"column":36},"end":{"line":169,"column":1}},"line":163}},"branchMap":{"0":{"loc":{"start":{"line":54,"column":4},"end":{"line":75,"column":5}},"type":"if","locations":[{"start":{"line":54,"column":4},"end":{"line":75,"column":5}},{"start":{"line":64,"column":11},"end":{"line":75,"column":5}}],"line":54},"1":{"loc":{"start":{"line":156,"column":11},"end":{"line":156,"column":62}},"type":"cond-expr","locations":[{"start":{"line":156,"column":24},"end":{"line":156,"column":40}},{"start":{"line":156,"column":43},"end":{"line":156,"column":62}}],"line":156}},"s":{"0":2,"1":6,"2":6,"3":6,"4":0,"5":0,"6":0,"7":0,"8":6,"9":14,"10":14,"11":6,"12":1,"13":1,"14":1,"15":1,"16":0,"17":0,"18":0,"19":0,"20":0,"21":0,"22":0,"23":0,"24":0,"25":0,"26":20,"27":20,"28":20,"29":0,"30":2,"31":6,"32":2},"f":{"0":6,"1":0,"2":14,"3":1,"4":0,"5":20,"6":0,"7":6},"b":{"0":[0,0],"1":[0,20]},"_coverageSchema":"1a1c01bbd47fc00a2c39e90264f33305004495a9","hash":"64b50d544f471dd6310aee1fd9fb28a24af1da11"}
,"/home/yago/Trybe-Projetos/Front-End/Trybe-Projeto-07/sd-031-b-project-trybewallet/src/components/helpers/fetchCurrencies.js": {"path":"/home/yago/Trybe-Projetos/Front-End/Trybe-Projeto-07/sd-031-b-project-trybewallet/src/components/helpers/fetchCurrencies.js","statementMap":{"0":{"start":{"line":1,"column":12},"end":{"line":1,"column":57}},"1":{"start":{"line":3,"column":24},"end":{"line":7,"column":1}},"2":{"start":{"line":4,"column":15},"end":{"line":4,"column":31}},"3":{"start":{"line":5,"column":19},"end":{"line":5,"column":36}},"4":{"start":{"line":6,"column":2},"end":{"line":6,"column":18}}},"fnMap":{"0":{"name":"(anonymous_0)","decl":{"start":{"line":3,"column":24},"end":{"line":3,"column":25}},"loc":{"start":{"line":3,"column":36},"end":{"line":7,"column":1}},"line":3}},"branchMap":{},"s":{"0":2,"1":2,"2":7,"3":0,"4":0},"f":{"0":7},"b":{},"_coverageSchema":"1a1c01bbd47fc00a2c39e90264f33305004495a9","hash":"2c803eb8245c298f26751c001b418a864697aed9"}
,"/home/yago/Trybe-Projetos/Front-End/Trybe-Projeto-07/sd-031-b-project-trybewallet/src/pages/Login.js": {"path":"/home/yago/Trybe-Projetos/Front-End/Trybe-Projeto-07/sd-031-b-project-trybewallet/src/pages/Login.js","statementMap":{"0":{"start":{"line":8,"column":10},"end":{"line":12,"column":3}},"1":{"start":{"line":14,"column":17},"end":{"line":31,"column":3}},"2":{"start":{"line":15,"column":28},"end":{"line":15,"column":34}},"3":{"start":{"line":16,"column":4},"end":{"line":16,"column":37}},"4":{"start":{"line":18,"column":23},"end":{"line":18,"column":71}},"5":{"start":{"line":20,"column":32},"end":{"line":20,"column":42}},"6":{"start":{"line":21,"column":22},"end":{"line":21,"column":23}},"7":{"start":{"line":22,"column":4},"end":{"line":30,"column":5}},"8":{"start":{"line":23,"column":6},"end":{"line":25,"column":9}},"9":{"start":{"line":27,"column":6},"end":{"line":29,"column":9}},"10":{"start":{"line":33,"column":16},"end":{"line":40,"column":3}},"11":{"start":{"line":34,"column":4},"end":{"line":34,"column":23}},"12":{"start":{"line":35,"column":34},"end":{"line":35,"column":44}},"13":{"start":{"line":37,"column":4},"end":{"line":37,"column":42}},"14":{"start":{"line":39,"column":4},"end":{"line":39,"column":30}},"15":{"start":{"line":43,"column":42},"end":{"line":43,"column":52}},"16":{"start":{"line":44,"column":4},"end":{"line":71,"column":6}},"17":{"start":{"line":75,"column":0},"end":{"line":80,"column":2}}},"fnMap":{"0":{"name":"(anonymous_0)","decl":{"start":{"line":14,"column":17},"end":{"line":14,"column":18}},"loc":{"start":{"line":14,"column":33},"end":{"line":31,"column":3}},"line":14},"1":{"name":"(anonymous_1)","decl":{"start":{"line":33,"column":16},"end":{"line":33,"column":17}},"loc":{"start":{"line":33,"column":23},"end":{"line":40,"column":3}},"line":33},"2":{"name":"(anonymous_2)","decl":{"start":{"line":42,"column":2},"end":{"line":42,"column":3}},"loc":{"start":{"line":42,"column":11},"end":{"line":72,"column":3}},"line":42}},"branchMap":{"0":{"loc":{"start":{"line":22,"column":4},"end":{"line":30,"column":5}},"type":"if","locations":[{"start":{"line":22,"column":4},"end":{"line":30,"column":5}},{"start":{"line":26,"column":11},"end":{"line":30,"column":5}}],"line":22},"1":{"loc":{"start":{"line":22,"column":8},"end":{"line":22,"column":62}},"type":"binary-expr","locations":[{"start":{"line":22,"column":8},"end":{"line":22,"column":36}},{"start":{"line":22,"column":40},"end":{"line":22,"column":62}}],"line":22}},"s":{"0":11,"1":11,"2":61,"3":61,"4":61,"5":61,"6":61,"7":61,"8":4,"9":57,"10":11,"11":1,"12":1,"13":1,"14":1,"15":72,"16":72,"17":2},"f":{"0":61,"1":1,"2":72},"b":{"0":[4,57],"1":[61,4]},"_coverageSchema":"1a1c01bbd47fc00a2c39e90264f33305004495a9","hash":"f0cc849ad01bebc0b3a187dc22f95db43729c553"}
,"/home/yago/Trybe-Projetos/Front-End/Trybe-Projeto-07/sd-031-b-project-trybewallet/src/pages/Wallet.js": {"path":"/home/yago/Trybe-Projetos/Front-End/Trybe-Projeto-07/sd-031-b-project-trybewallet/src/pages/Wallet.js","statementMap":{"0":{"start":{"line":8,"column":4},"end":{"line":14,"column":6}}},"fnMap":{"0":{"name":"(anonymous_0)","decl":{"start":{"line":7,"column":2},"end":{"line":7,"column":3}},"loc":{"start":{"line":7,"column":11},"end":{"line":15,"column":3}},"line":7}},"branchMap":{},"s":{"0":6},"f":{"0":6},"b":{},"_coverageSchema":"1a1c01bbd47fc00a2c39e90264f33305004495a9","hash":"7ac6f094cf39d1512af89d7b5ac0687d4e57c935"}
,"/home/yago/Trybe-Projetos/Front-End/Trybe-Projeto-07/sd-031-b-project-trybewallet/src/redux/actions/index.js": {"path":"/home/yago/Trybe-Projetos/Front-End/Trybe-Projeto-07/sd-031-b-project-trybewallet/src/redux/actions/index.js","statementMap":{"0":{"start":{"line":1,"column":25},"end":{"line":1,"column":36}},"1":{"start":{"line":2,"column":27},"end":{"line":2,"column":40}},"2":{"start":{"line":3,"column":30},"end":{"line":3,"column":46}},"3":{"start":{"line":4,"column":28},"end":{"line":4,"column":42}},"4":{"start":{"line":5,"column":25},"end":{"line":5,"column":36}},"5":{"start":{"line":6,"column":30},"end":{"line":6,"column":46}},"6":{"start":{"line":7,"column":29},"end":{"line":7,"column":44}},"7":{"start":{"line":9,"column":24},"end":{"line":12,"column":2}},"8":{"start":{"line":9,"column":36},"end":{"line":12,"column":1}},"9":{"start":{"line":14,"column":26},"end":{"line":17,"column":2}},"10":{"start":{"line":14,"column":40},"end":{"line":17,"column":1}},"11":{"start":{"line":19,"column":29},"end":{"line":22,"column":2}},"12":{"start":{"line":19,"column":38},"end":{"line":22,"column":1}},"13":{"start":{"line":24,"column":27},"end":{"line":27,"column":2}},"14":{"start":{"line":24,"column":41},"end":{"line":27,"column":1}},"15":{"start":{"line":29,"column":24},"end":{"line":32,"column":2}},"16":{"start":{"line":29,"column":39},"end":{"line":32,"column":1}},"17":{"start":{"line":34,"column":29},"end":{"line":37,"column":2}},"18":{"start":{"line":34,"column":46},"end":{"line":37,"column":1}},"19":{"start":{"line":39,"column":27},"end":{"line":42,"column":2}},"20":{"start":{"line":39,"column":44},"end":{"line":42,"column":1}}},"fnMap":{"0":{"name":"(anonymous_0)","decl":{"start":{"line":9,"column":24},"end":{"line":9,"column":25}},"loc":{"start":{"line":9,"column":36},"end":{"line":12,"column":1}},"line":9},"1":{"name":"(anonymous_1)","decl":{"start":{"line":14,"column":26},"end":{"line":14,"column":27}},"loc":{"start":{"line":14,"column":40},"end":{"line":17,"column":1}},"line":14},"2":{"name":"(anonymous_2)","decl":{"start":{"line":19,"column":29},"end":{"line":19,"column":30}},"loc":{"start":{"line":19,"column":38},"end":{"line":22,"column":1}},"line":19},"3":{"name":"(anonymous_3)","decl":{"start":{"line":24,"column":27},"end":{"line":24,"column":28}},"loc":{"start":{"line":24,"column":41},"end":{"line":27,"column":1}},"line":24},"4":{"name":"(anonymous_4)","decl":{"start":{"line":29,"column":24},"end":{"line":29,"column":25}},"loc":{"start":{"line":29,"column":39},"end":{"line":32,"column":1}},"line":29},"5":{"name":"(anonymous_5)","decl":{"start":{"line":34,"column":29},"end":{"line":34,"column":30}},"loc":{"start":{"line":34,"column":46},"end":{"line":37,"column":1}},"line":34},"6":{"name":"(anonymous_6)","decl":{"start":{"line":39,"column":27},"end":{"line":39,"column":28}},"loc":{"start":{"line":39,"column":44},"end":{"line":42,"column":1}},"line":39}},"branchMap":{},"s":{"0":2,"1":2,"2":2,"3":2,"4":2,"5":2,"6":2,"7":2,"8":1,"9":2,"10":0,"11":2,"12":0,"13":2,"14":0,"15":2,"16":0,"17":2,"18":0,"19":2,"20":0},"f":{"0":1,"1":0,"2":0,"3":0,"4":0,"5":0,"6":0},"b":{},"_coverageSchema":"1a1c01bbd47fc00a2c39e90264f33305004495a9","hash":"68030a86980dbc402e2c36607cd55479ba254c2c"}
,"/home/yago/Trybe-Projetos/Front-End/Trybe-Projeto-07/sd-031-b-project-trybewallet/src/redux/reducers/index.js": {"path":"/home/yago/Trybe-Projetos/Front-End/Trybe-Projeto-07/sd-031-b-project-trybewallet/src/redux/reducers/index.js","statementMap":{"0":{"start":{"line":5,"column":20},"end":{"line":5,"column":53}}},"fnMap":{},"branchMap":{},"s":{"0":2},"f":{},"b":{},"_coverageSchema":"1a1c01bbd47fc00a2c39e90264f33305004495a9","hash":"0d1a7b91db0de5a46cd4080713c71ea35a58cf1d"}
,"/home/yago/Trybe-Projetos/Front-End/Trybe-Projeto-07/sd-031-b-project-trybewallet/src/redux/reducers/user.js": {"path":"/home/yago/Trybe-Projetos/Front-End/Trybe-Projeto-07/sd-031-b-project-trybewallet/src/redux/reducers/user.js","statementMap":{"0":{"start":{"line":4,"column":21},"end":{"line":6,"column":1}},"1":{"start":{"line":8,"column":13},"end":{"line":18,"column":1}},"2":{"start":{"line":9,"column":2},"end":{"line":17,"column":3}},"3":{"start":{"line":11,"column":4},"end":{"line":14,"column":6}},"4":{"start":{"line":16,"column":4},"end":{"line":16,"column":17}}},"fnMap":{"0":{"name":"(anonymous_0)","decl":{"start":{"line":8,"column":13},"end":{"line":8,"column":14}},"loc":{"start":{"line":8,"column":58},"end":{"line":18,"column":1}},"line":8}},"branchMap":{"0":{"loc":{"start":{"line":8,"column":14},"end":{"line":8,"column":34}},"type":"default-arg","locations":[{"start":{"line":8,"column":22},"end":{"line":8,"column":34}}],"line":8},"1":{"loc":{"start":{"line":9,"column":2},"end":{"line":17,"column":3}},"type":"switch","locations":[{"start":{"line":10,"column":2},"end":{"line":14,"column":6}},{"start":{"line":15,"column":2},"end":{"line":16,"column":17}}],"line":9}},"s":{"0":2,"1":2,"2":16,"3":1,"4":15},"f":{"0":16},"b":{"0":[15],"1":[1,15]},"_coverageSchema":"1a1c01bbd47fc00a2c39e90264f33305004495a9","hash":"e63fcdbdce723ba4c078fa2d5cc57ba505f76be8"}
,"/home/yago/Trybe-Projetos/Front-End/Trybe-Projeto-07/sd-031-b-project-trybewallet/src/redux/reducers/wallet.js": {"path":"/home/yago/Trybe-Projetos/Front-End/Trybe-Projeto-07/sd-031-b-project-trybewallet/src/redux/reducers/wallet.js","statementMap":{"0":{"start":{"line":12,"column":21},"end":{"line":18,"column":1}},"1":{"start":{"line":20,"column":15},"end":{"line":61,"column":1}},"2":{"start":{"line":21,"column":2},"end":{"line":60,"column":3}},"3":{"start":{"line":23,"column":4},"end":{"line":26,"column":6}},"4":{"start":{"line":28,"column":4},"end":{"line":31,"column":6}},"5":{"start":{"line":33,"column":4},"end":{"line":36,"column":6}},"6":{"start":{"line":38,"column":4},"end":{"line":41,"column":6}},"7":{"start":{"line":40,"column":51},"end":{"line":40,"column":81}},"8":{"start":{"line":43,"column":4},"end":{"line":47,"column":6}},"9":{"start":{"line":49,"column":4},"end":{"line":57,"column":6}},"10":{"start":{"line":52,"column":8},"end":{"line":54,"column":9}},"11":{"start":{"line":53,"column":10},"end":{"line":53,"column":25}},"12":{"start":{"line":55,"column":8},"end":{"line":55,"column":23}},"13":{"start":{"line":59,"column":4},"end":{"line":59,"column":17}}},"fnMap":{"0":{"name":"(anonymous_0)","decl":{"start":{"line":20,"column":15},"end":{"line":20,"column":16}},"loc":{"start":{"line":20,"column":60},"end":{"line":61,"column":1}},"line":20},"1":{"name":"(anonymous_1)","decl":{"start":{"line":40,"column":38},"end":{"line":40,"column":39}},"loc":{"start":{"line":40,"column":51},"end":{"line":40,"column":81}},"line":40},"2":{"name":"(anonymous_2)","decl":{"start":{"line":51,"column":35},"end":{"line":51,"column":36}},"loc":{"start":{"line":51,"column":48},"end":{"line":56,"column":7}},"line":51}},"branchMap":{"0":{"loc":{"start":{"line":20,"column":16},"end":{"line":20,"column":36}},"type":"default-arg","locations":[{"start":{"line":20,"column":24},"end":{"line":20,"column":36}}],"line":20},"1":{"loc":{"start":{"line":21,"column":2},"end":{"line":60,"column":3}},"type":"switch","locations":[{"start":{"line":22,"column":2},"end":{"line":26,"column":6}},{"start":{"line":27,"column":2},"end":{"line":31,"column":6}},{"start":{"line":32,"column":2},"end":{"line":36,"column":6}},{"start":{"line":37,"column":2},"end":{"line":41,"column":6}},{"start":{"line":42,"column":2},"end":{"line":47,"column":6}},{"start":{"line":48,"column":2},"end":{"line":57,"column":6}},{"start":{"line":58,"column":2},"end":{"line":59,"column":17}}],"line":21},"2":{"loc":{"start":{"line":52,"column":8},"end":{"line":54,"column":9}},"type":"if","locations":[{"start":{"line":52,"column":8},"end":{"line":54,"column":9}},{"start":{},"end":{}}],"line":52}},"s":{"0":2,"1":2,"2":20,"3":1,"4":1,"5":1,"6":1,"7":2,"8":0,"9":0,"10":0,"11":0,"12":0,"13":16},"f":{"0":20,"1":2,"2":0},"b":{"0":[15],"1":[1,1,1,1,0,0,16],"2":[0,0]},"_coverageSchema":"1a1c01bbd47fc00a2c39e90264f33305004495a9","hash":"265c7f9bc889bd611f2a5d61acfc4a2a44219096"}
}
