{"total": {"lines":{"total":107,"covered":81,"skipped":0,"pct":75.7},"statements":{"total":119,"covered":85,"skipped":0,"pct":71.42},"functions":{"total":33,"covered":20,"skipped":0,"pct":60.6},"branches":{"total":21,"covered":14,"skipped":0,"pct":66.66},"branchesTrue":{"total":0,"covered":0,"skipped":0,"pct":100}}
,"/home/yago/Trybe-Projetos/Front-End/Trybe-Projeto-07/sd-031-b-project-trybewallet/src/App.js": {"lines":{"total":1,"covered":1,"skipped":0,"pct":100},"functions":{"total":1,"covered":1,"skipped":0,"pct":100},"statements":{"total":1,"covered":1,"skipped":0,"pct":100},"branches":{"total":0,"covered":0,"skipped":0,"pct":100}}
,"/home/yago/Trybe-Projetos/Front-End/Trybe-Projeto-07/sd-031-b-project-trybewallet/src/components/Header.js": {"lines":{"total":9,"covered":7,"skipped":0,"pct":77.77},"functions":{"total":4,"covered":3,"skipped":0,"pct":75},"statements":{"total":10,"covered":8,"skipped":0,"pct":80},"branches":{"total":0,"covered":0,"skipped":0,"pct":100}}
,"/home/yago/Trybe-Projetos/Front-End/Trybe-Projeto-07/sd-031-b-project-trybewallet/src/components/Table.js": {"lines":{"total":9,"covered":5,"skipped":0,"pct":55.55},"functions":{"total":4,"covered":2,"skipped":0,"pct":50},"statements":{"total":10,"covered":6,"skipped":0,"pct":60},"branches":{"total":0,"covered":0,"skipped":0,"pct":100}}
,"/home/yago/Trybe-Projetos/Front-End/Trybe-Projeto-07/sd-031-b-project-trybewallet/src/components/WalletForm.js": {"lines":{"total":30,"covered":17,"skipped":0,"pct":56.66},"functions":{"total":8,"covered":5,"skipped":0,"pct":62.5},"statements":{"total":33,"covered":18,"skipped":0,"pct":54.54},"branches":{"total":4,"covered":1,"skipped":0,"pct":25}}
,"/home/yago/Trybe-Projetos/Front-End/Trybe-Projeto-07/sd-031-b-project-trybewallet/src/components/helpers/fetchCurrencies.js": {"lines":{"total":5,"covered":3,"skipped":0,"pct":60},"functions":{"total":1,"covered":1,"skipped":0,"pct":100},"statements":{"total":5,"covered":3,"skipped":0,"pct":60},"branches":{"total":0,"covered":0,"skipped":0,"pct":100}}
,"/home/yago/Trybe-Projetos/Front-End/Trybe-Projeto-07/sd-031-b-project-trybewallet/src/pages/Login.js": {"lines":{"total":18,"covered":18,"skipped":0,"pct":100},"functions":{"total":3,"covered":3,"skipped":0,"pct":100},"statements":{"total":18,"covered":18,"skipped":0,"pct":100},"branches":{"total":4,"covered":4,"skipped":0,"pct":100}}
,"/home/yago/Trybe-Projetos/Front-End/Trybe-Projeto-07/sd-031-b-project-trybewallet/src/pages/Wallet.js": {"lines":{"total":1,"covered":1,"skipped":0,"pct":100},"functions":{"total":1,"covered":1,"skipped":0,"pct":100},"statements":{"total":1,"covered":1,"skipped":0,"pct":100},"branches":{"total":0,"covered":0,"skipped":0,"pct":100}}
,"/home/yago/Trybe-Projetos/Front-End/Trybe-Projeto-07/sd-031-b-project-trybewallet/src/redux/actions/index.js": {"lines":{"total":14,"covered":14,"skipped":0,"pct":100},"functions":{"total":7,"covered":1,"skipped":0,"pct":14.28},"statements":{"total":21,"covered":15,"skipped":0,"pct":71.42},"branches":{"total":0,"covered":0,"skipped":0,"pct":100}}
,"/home/yago/Trybe-Projetos/Front-End/Trybe-Projeto-07/sd-031-b-project-trybewallet/src/redux/reducers/index.js": {"lines":{"total":1,"covered":1,"skipped":0,"pct":100},"functions":{"total":0,"covered":0,"skipped":0,"pct":100},"statements":{"total":1,"covered":1,"skipped":0,"pct":100},"branches":{"total":0,"covered":0,"skipped":0,"pct":100}}
,"/home/yago/Trybe-Projetos/Front-End/Trybe-Projeto-07/sd-031-b-project-trybewallet/src/redux/reducers/user.js": {"lines":{"total":5,"covered":5,"skipped":0,"pct":100},"functions":{"total":1,"covered":1,"skipped":0,"pct":100},"statements":{"total":5,"covered":5,"skipped":0,"pct":100},"branches":{"total":3,"covered":3,"skipped":0,"pct":100}}
,"/home/yago/Trybe-Projetos/Front-End/Trybe-Projeto-07/sd-031-b-project-trybewallet/src/redux/reducers/wallet.js": {"lines":{"total":14,"covered":9,"skipped":0,"pct":64.28},"functions":{"total":3,"covered":2,"skipped":0,"pct":66.66},"statements":{"total":14,"covered":9,"skipped":0,"pct":64.28},"branches":{"total":10,"covered":6,"skipped":0,"pct":60}}
}
