TN:
SF:src/App.js
FN:7,App
FNF:1
FNH:1
FNDA:11,App
DA:8,11
LF:1
LH:1
BRF:0
BRH:0
end_of_record
TN:
SF:src/components/Header.js
FN:6,(anonymous_0)
FN:8,(anonymous_1)
FN:14,(anonymous_2)
FN:28,(anonymous_3)
FNF:4
FNH:3
FNDA:6,(anonymous_0)
FNDA:0,(anonymous_1)
FNDA:6,(anonymous_2)
FNDA:6,(anonymous_3)
DA:6,6
DA:7,6
DA:8,6
DA:9,0
DA:10,0
DA:15,6
DA:16,6
DA:28,6
DA:33,2
LF:9
LH:7
BRF:0
BRH:0
end_of_record
TN:
SF:src/components/Table.js
FN:8,(anonymous_0)
FN:14,(anonymous_1)
FN:32,(anonymous_2)
FN:64,(anonymous_3)
FNF:4
FNH:2
FNDA:0,(anonymous_0)
FNDA:6,(anonymous_1)
FNDA:0,(anonymous_2)
FNDA:6,(anonymous_3)
DA:8,6
DA:9,0
DA:10,0
DA:11,0
DA:15,6
DA:16,6
DA:33,0
DA:64,6
DA:68,2
LF:9
LH:5
BRF:0
BRH:0
end_of_record
TN:
SF:src/components/WalletForm.js
FN:26,(anonymous_0)
FN:30,(anonymous_1)
FN:34,(anonymous_2)
FN:39,(anonymous_3)
FN:66,(anonymous_4)
FN:78,(anonymous_5)
FN:115,(anonymous_6)
FN:163,(anonymous_7)
FNF:8
FNH:5
FNDA:6,(anonymous_0)
FNDA:0,(anonymous_1)
FNDA:14,(anonymous_2)
FNDA:1,(anonymous_3)
FNDA:0,(anonymous_4)
FNDA:20,(anonymous_5)
FNDA:0,(anonymous_6)
FNDA:6,(anonymous_7)
DA:13,2
DA:16,6
DA:27,6
DA:28,6
DA:29,0
DA:30,0
DA:31,0
DA:34,6
DA:35,14
DA:36,14
DA:39,6
DA:40,1
DA:41,1
DA:42,1
DA:44,1
DA:45,0
DA:47,0
DA:48,0
DA:50,0
DA:54,0
DA:55,0
DA:56,0
DA:65,0
DA:66,0
DA:79,20
DA:80,20
DA:81,20
DA:116,0
DA:163,6
DA:171,2
LF:30
LH:17
BRDA:54,0,0,0
BRDA:54,0,1,0
BRDA:156,1,0,0
BRDA:156,1,1,20
BRF:4
BRH:1
end_of_record
TN:
SF:src/components/helpers/fetchCurrencies.js
FN:3,(anonymous_0)
FNF:1
FNH:1
FNDA:7,(anonymous_0)
DA:1,2
DA:3,2
DA:4,7
DA:5,0
DA:6,0
LF:5
LH:3
BRF:0
BRH:0
end_of_record
TN:
SF:src/pages/Login.js
FN:14,(anonymous_0)
FN:33,(anonymous_1)
FN:42,(anonymous_2)
FNF:3
FNH:3
FNDA:61,(anonymous_0)
FNDA:1,(anonymous_1)
FNDA:72,(anonymous_2)
DA:8,11
DA:14,11
DA:15,61
DA:16,61
DA:18,61
DA:20,61
DA:21,61
DA:22,61
DA:23,4
DA:27,57
DA:33,11
DA:34,1
DA:35,1
DA:37,1
DA:39,1
DA:43,72
DA:44,72
DA:75,2
LF:18
LH:18
BRDA:22,0,0,4
BRDA:22,0,1,57
BRDA:22,1,0,61
BRDA:22,1,1,4
BRF:4
BRH:4
end_of_record
TN:
SF:src/pages/Wallet.js
FN:7,(anonymous_0)
FNF:1
FNH:1
FNDA:6,(anonymous_0)
DA:8,6
LF:1
LH:1
BRF:0
BRH:0
end_of_record
TN:
SF:src/redux/actions/index.js
FN:9,(anonymous_0)
FN:14,(anonymous_1)
FN:19,(anonymous_2)
FN:24,(anonymous_3)
FN:29,(anonymous_4)
FN:34,(anonymous_5)
FN:39,(anonymous_6)
FNF:7
FNH:1
FNDA:1,(anonymous_0)
FNDA:0,(anonymous_1)
FNDA:0,(anonymous_2)
FNDA:0,(anonymous_3)
FNDA:0,(anonymous_4)
FNDA:0,(anonymous_5)
FNDA:0,(anonymous_6)
DA:1,2
DA:2,2
DA:3,2
DA:4,2
DA:5,2
DA:6,2
DA:7,2
DA:9,2
DA:14,2
DA:19,2
DA:24,2
DA:29,2
DA:34,2
DA:39,2
LF:14
LH:14
BRF:0
BRH:0
end_of_record
TN:
SF:src/redux/reducers/index.js
FNF:0
FNH:0
DA:5,2
LF:1
LH:1
BRF:0
BRH:0
end_of_record
TN:
SF:src/redux/reducers/user.js
FN:8,(anonymous_0)
FNF:1
FNH:1
FNDA:16,(anonymous_0)
DA:4,2
DA:8,2
DA:9,16
DA:11,1
DA:16,15
LF:5
LH:5
BRDA:8,0,0,15
BRDA:9,1,0,1
BRDA:9,1,1,15
BRF:3
BRH:3
end_of_record
TN:
SF:src/redux/reducers/wallet.js
FN:20,(anonymous_0)
FN:40,(anonymous_1)
FN:51,(anonymous_2)
FNF:3
FNH:2
FNDA:20,(anonymous_0)
FNDA:2,(anonymous_1)
FNDA:0,(anonymous_2)
DA:12,2
DA:20,2
DA:21,20
DA:23,1
DA:28,1
DA:33,1
DA:38,1
DA:40,2
DA:43,0
DA:49,0
DA:52,0
DA:53,0
DA:55,0
DA:59,16
LF:14
LH:9
BRDA:20,0,0,15
BRDA:21,1,0,1
BRDA:21,1,1,1
BRDA:21,1,2,1
BRDA:21,1,3,1
BRDA:21,1,4,0
BRDA:21,1,5,0
BRDA:21,1,6,16
BRDA:52,2,0,0
BRDA:52,2,1,0
BRF:10
BRH:6
end_of_record
