<?xml version="1.0" encoding="UTF-8"?>
<testsuite xmlns:xsi="http://www.w3.org/2001/XMLSchema-instance" xsi:noNamespaceSchemaLocation="https://maven.apache.org/surefire/maven-surefire-plugin/xsd/surefire-test-report-3.0.xsd" version="3.0" name="com.betrybe.museumfinder.solution.MuseumControllerIntegrationTest" time="0.114" tests="1" errors="0" skipped="0" failures="1">
  <properties>
[...]
</properties>
  <testcase name="testGetClosestMuseum" classname="com.betrybe.museumfinder.solution.MuseumControllerIntegrationTest" time="0.01">
    <failure type="java.lang.AssertionError"><![CDATA[java.lang.AssertionError: No value at JSON path "$.name"
	at com.betrybe.museumfinder.solution.MuseumControllerIntegrationTest.testGetClosestMuseum(MuseumControllerIntegrationTest.java:44)
]]></failure>
    <system-out><![CDATA[2024-02-12T12:54:50.272-03:00  INFO 23820 --- [           main] t.c.s.AnnotationConfigContextLoaderUtils : Could not detect default configuration classes for test class [com.betrybe.museumfinder.solution.MuseumControllerIntegrationTest]: MuseumControllerIntegrationTest does not declare any static, non-private, non-final, nested classes annotated with @Configuration.
2024-02-12T12:54:50.275-03:00  INFO 23820 --- [           main] .b.t.c.SpringBootTestContextBootstrapper : Found @SpringBootConfiguration com.betrybe.museumfinder.MuseumFinderApplication for test class com.betrybe.museumfinder.solution.MuseumControllerIntegrationTest

  .   ____          _            __ _ _
 /\\ / ___'_ __ _ _(_)_ __  __ _ \ \ \ \
( ( )\___ | '_ | '_| | '_ \/ _` | \ \ \ \
 \\/  ___)| |_)| | | | | || (_| |  ) ) ) )
  '  |____| .__|_| |_|_| |_\__, | / / / /
 =========|_|==============|___/=/_/_/_/
 :: Spring Boot ::                (v3.0.5)

2024-02-12T12:54:50.286-03:00  INFO 23820 --- [           main] c.b.m.s.MuseumControllerIntegrationTest  : Starting MuseumControllerIntegrationTest using Java 17.0.9 with PID 23820 (started by yago in /home/yago/Trybe/Trybe-Projetos/Java/java-031-java-projeto-localizador-de-museus)
2024-02-12T12:54:50.286-03:00  INFO 23820 --- [           main] c.b.m.s.MuseumControllerIntegrationTest  : No active profile set, falling back to 1 default profile: "default"
2024-02-12T12:54:50.367-03:00  INFO 23820 --- [           main] o.s.b.t.m.w.SpringBootMockServletContext : Initializing Spring TestDispatcherServlet ''
2024-02-12T12:54:50.368-03:00  INFO 23820 --- [           main] o.s.t.web.servlet.TestDispatcherServlet  : Initializing Servlet ''
2024-02-12T12:54:50.368-03:00  INFO 23820 --- [           main] o.s.t.web.servlet.TestDispatcherServlet  : Completed initialization in 0 ms
2024-02-12T12:54:50.371-03:00  INFO 23820 --- [           main] c.b.m.s.MuseumControllerIntegrationTest  : Started MuseumControllerIntegrationTest in 0.093 seconds (process running for 3.232)

MockHttpServletRequest:
      HTTP Method = GET
      Request URI = /museums/closest
       Parameters = {lat=[123.456], lng=[456.789], max_dist_km=[10.0]}
          Headers = [Content-Type:"application/json;charset=UTF-8"]
             Body = null
    Session Attrs = {}

Handler:
             Type = com.betrybe.museumfinder.controller.MuseumController
           Method = com.betrybe.museumfinder.controller.MuseumController#getClosestMuseum(Double, Double, Double)

Async:
    Async started = false
     Async result = null

Resolved Exception:
             Type = null

ModelAndView:
        View name = null
             View = null
            Model = null

FlashMap:
       Attributes = null

MockHttpServletResponse:
           Status = 200
    Error message = null
          Headers = [Content-Type:"application/json"]
     Content type = application/json
             Body = {"id":null,"name":null,"description":null,"address":null,"collectionType":null,"subject":null,"url":null,"coordinate":null,"legacyId":null}
    Forwarded URL = null
   Redirected URL = null
          Cookies = []
]]></system-out>
  </testcase>
</testsuite>