{"total": {"lines":{"total":215,"covered":140,"skipped":0,"pct":65.11},"statements":{"total":226,"covered":145,"skipped":0,"pct":64.15},"functions":{"total":37,"covered":29,"skipped":0,"pct":78.37},"branches":{"total":36,"covered":18,"skipped":0,"pct":50},"branchesTrue":{"total":0,"covered":0,"skipped":0,"pct":100}}
,"/home/yago/Trybe-Projetos/Back-End/Trybe-Projeto-05/sd-031-b-store-manager/backend/src/controllers/index.js": {"lines":{"total":3,"covered":3,"skipped":0,"pct":100},"functions":{"total":0,"covered":0,"skipped":0,"pct":100},"statements":{"total":3,"covered":3,"skipped":0,"pct":100},"branches":{"total":0,"covered":0,"skipped":0,"pct":100}}
,"/home/yago/Trybe-Projetos/Back-End/Trybe-Projeto-05/sd-031-b-store-manager/backend/src/controllers/products.controller.js": {"lines":{"total":23,"covered":23,"skipped":0,"pct":100},"functions":{"total":5,"covered":5,"skipped":0,"pct":100},"statements":{"total":23,"covered":23,"skipped":0,"pct":100},"branches":{"total":0,"covered":0,"skipped":0,"pct":100}}
,"/home/yago/Trybe-Projetos/Back-End/Trybe-Projeto-05/sd-031-b-store-manager/backend/src/controllers/sales.controller.js": {"lines":{"total":18,"covered":18,"skipped":0,"pct":100},"functions":{"total":4,"covered":4,"skipped":0,"pct":100},"statements":{"total":18,"covered":18,"skipped":0,"pct":100},"branches":{"total":0,"covered":0,"skipped":0,"pct":100}}
,"/home/yago/Trybe-Projetos/Back-End/Trybe-Projeto-05/sd-031-b-store-manager/backend/src/middlewares/index.js": {"lines":{"total":2,"covered":0,"skipped":0,"pct":0},"functions":{"total":0,"covered":0,"skipped":0,"pct":100},"statements":{"total":2,"covered":0,"skipped":0,"pct":0},"branches":{"total":0,"covered":0,"skipped":0,"pct":100}}
,"/home/yago/Trybe-Projetos/Back-End/Trybe-Projeto-05/sd-031-b-store-manager/backend/src/middlewares/productValidation.js": {"lines":{"total":15,"covered":0,"skipped":0,"pct":0},"functions":{"total":1,"covered":0,"skipped":0,"pct":0},"statements":{"total":15,"covered":0,"skipped":0,"pct":0},"branches":{"total":6,"covered":0,"skipped":0,"pct":0}}
,"/home/yago/Trybe-Projetos/Back-End/Trybe-Projeto-05/sd-031-b-store-manager/backend/src/middlewares/saleValidation.js": {"lines":{"total":12,"covered":0,"skipped":0,"pct":0},"functions":{"total":3,"covered":0,"skipped":0,"pct":0},"statements":{"total":14,"covered":0,"skipped":0,"pct":0},"branches":{"total":4,"covered":0,"skipped":0,"pct":0}}
,"/home/yago/Trybe-Projetos/Back-End/Trybe-Projeto-05/sd-031-b-store-manager/backend/src/middlewares/validations/schema.js": {"lines":{"total":4,"covered":0,"skipped":0,"pct":0},"functions":{"total":0,"covered":0,"skipped":0,"pct":100},"statements":{"total":4,"covered":0,"skipped":0,"pct":0},"branches":{"total":0,"covered":0,"skipped":0,"pct":100}}
,"/home/yago/Trybe-Projetos/Back-End/Trybe-Projeto-05/sd-031-b-store-manager/backend/src/middlewares/validations/validations.js": {"lines":{"total":11,"covered":0,"skipped":0,"pct":0},"functions":{"total":2,"covered":0,"skipped":0,"pct":0},"statements":{"total":13,"covered":0,"skipped":0,"pct":0},"branches":{"total":4,"covered":0,"skipped":0,"pct":0}}
,"/home/yago/Trybe-Projetos/Back-End/Trybe-Projeto-05/sd-031-b-store-manager/backend/src/models/connection.js": {"lines":{"total":3,"covered":3,"skipped":0,"pct":100},"functions":{"total":0,"covered":0,"skipped":0,"pct":100},"statements":{"total":3,"covered":3,"skipped":0,"pct":100},"branches":{"total":8,"covered":8,"skipped":0,"pct":100}}
,"/home/yago/Trybe-Projetos/Back-End/Trybe-Projeto-05/sd-031-b-store-manager/backend/src/models/index.js": {"lines":{"total":3,"covered":3,"skipped":0,"pct":100},"functions":{"total":0,"covered":0,"skipped":0,"pct":100},"statements":{"total":3,"covered":3,"skipped":0,"pct":100},"branches":{"total":0,"covered":0,"skipped":0,"pct":100}}
,"/home/yago/Trybe-Projetos/Back-End/Trybe-Projeto-05/sd-031-b-store-manager/backend/src/models/products.model.js": {"lines":{"total":23,"covered":23,"skipped":0,"pct":100},"functions":{"total":5,"covered":5,"skipped":0,"pct":100},"statements":{"total":23,"covered":23,"skipped":0,"pct":100},"branches":{"total":0,"covered":0,"skipped":0,"pct":100}}
,"/home/yago/Trybe-Projetos/Back-End/Trybe-Projeto-05/sd-031-b-store-manager/backend/src/models/sales.model.js": {"lines":{"total":23,"covered":15,"skipped":0,"pct":65.21},"functions":{"total":5,"covered":3,"skipped":0,"pct":60},"statements":{"total":23,"covered":15,"skipped":0,"pct":65.21},"branches":{"total":0,"covered":0,"skipped":0,"pct":100}}
,"/home/yago/Trybe-Projetos/Back-End/Trybe-Projeto-05/sd-031-b-store-manager/backend/src/routes/index.js": {"lines":{"total":3,"covered":0,"skipped":0,"pct":0},"functions":{"total":0,"covered":0,"skipped":0,"pct":100},"statements":{"total":3,"covered":0,"skipped":0,"pct":0},"branches":{"total":0,"covered":0,"skipped":0,"pct":100}}
,"/home/yago/Trybe-Projetos/Back-End/Trybe-Projeto-05/sd-031-b-store-manager/backend/src/routes/productsRouter.route.js": {"lines":{"total":10,"covered":0,"skipped":0,"pct":0},"functions":{"total":0,"covered":0,"skipped":0,"pct":100},"statements":{"total":10,"covered":0,"skipped":0,"pct":0},"branches":{"total":0,"covered":0,"skipped":0,"pct":100}}
,"/home/yago/Trybe-Projetos/Back-End/Trybe-Projeto-05/sd-031-b-store-manager/backend/src/routes/salesRouter.route.js": {"lines":{"total":9,"covered":0,"skipped":0,"pct":0},"functions":{"total":0,"covered":0,"skipped":0,"pct":100},"statements":{"total":9,"covered":0,"skipped":0,"pct":0},"branches":{"total":0,"covered":0,"skipped":0,"pct":100}}
,"/home/yago/Trybe-Projetos/Back-End/Trybe-Projeto-05/sd-031-b-store-manager/backend/src/services/index.js": {"lines":{"total":3,"covered":3,"skipped":0,"pct":100},"functions":{"total":0,"covered":0,"skipped":0,"pct":100},"statements":{"total":3,"covered":3,"skipped":0,"pct":100},"branches":{"total":0,"covered":0,"skipped":0,"pct":100}}
,"/home/yago/Trybe-Projetos/Back-End/Trybe-Projeto-05/sd-031-b-store-manager/backend/src/services/products.service.js": {"lines":{"total":23,"covered":23,"skipped":0,"pct":100},"functions":{"total":5,"covered":5,"skipped":0,"pct":100},"statements":{"total":26,"covered":25,"skipped":0,"pct":96.15},"branches":{"total":6,"covered":5,"skipped":0,"pct":83.33}}
,"/home/yago/Trybe-Projetos/Back-End/Trybe-Projeto-05/sd-031-b-store-manager/backend/src/services/sales.service.js": {"lines":{"total":24,"covered":23,"skipped":0,"pct":95.83},"functions":{"total":6,"covered":6,"skipped":0,"pct":100},"statements":{"total":27,"covered":25,"skipped":0,"pct":92.59},"branches":{"total":6,"covered":4,"skipped":0,"pct":66.66}}
,"/home/yago/Trybe-Projetos/Back-End/Trybe-Projeto-05/sd-031-b-store-manager/backend/src/utils/mapStatusHTTP.js": {"lines":{"total":3,"covered":3,"skipped":0,"pct":100},"functions":{"total":1,"covered":1,"skipped":0,"pct":100},"statements":{"total":4,"covered":4,"skipped":0,"pct":100},"branches":{"total":2,"covered":1,"skipped":0,"pct":50}}
}
