{"total": {"lines":{"total":43,"covered":39,"skipped":0,"pct":90.69},"statements":{"total":44,"covered":40,"skipped":0,"pct":90.9},"functions":{"total":9,"covered":9,"skipped":0,"pct":100},"branches":{"total":10,"covered":8,"skipped":0,"pct":80},"branchesTrue":{"total":0,"covered":0,"skipped":0,"pct":100}}
,"/home/yago/Trybe-Projetos/Back-End/Trybe-Projeto-07/sd-031-b-project-trybesmith/src/controllers/login.controller.ts": {"lines":{"total":8,"covered":7,"skipped":0,"pct":87.5},"functions":{"total":1,"covered":1,"skipped":0,"pct":100},"statements":{"total":8,"covered":7,"skipped":0,"pct":87.5},"branches":{"total":6,"covered":5,"skipped":0,"pct":83.33}}
,"/home/yago/Trybe-Projetos/Back-End/Trybe-Projeto-07/sd-031-b-project-trybesmith/src/controllers/order.controller.ts": {"lines":{"total":4,"covered":4,"skipped":0,"pct":100},"functions":{"total":1,"covered":1,"skipped":0,"pct":100},"statements":{"total":4,"covered":4,"skipped":0,"pct":100},"branches":{"total":0,"covered":0,"skipped":0,"pct":100}}
,"/home/yago/Trybe-Projetos/Back-End/Trybe-Projeto-07/sd-031-b-project-trybesmith/src/controllers/product.controller.ts": {"lines":{"total":8,"covered":8,"skipped":0,"pct":100},"functions":{"total":2,"covered":2,"skipped":0,"pct":100},"statements":{"total":8,"covered":8,"skipped":0,"pct":100},"branches":{"total":0,"covered":0,"skipped":0,"pct":100}}
,"/home/yago/Trybe-Projetos/Back-End/Trybe-Projeto-07/sd-031-b-project-trybesmith/src/services/login.service.ts": {"lines":{"total":10,"covered":7,"skipped":0,"pct":70},"functions":{"total":1,"covered":1,"skipped":0,"pct":100},"statements":{"total":10,"covered":7,"skipped":0,"pct":70},"branches":{"total":4,"covered":3,"skipped":0,"pct":75}}
,"/home/yago/Trybe-Projetos/Back-End/Trybe-Projeto-07/sd-031-b-project-trybesmith/src/services/order.service.ts": {"lines":{"total":6,"covered":6,"skipped":0,"pct":100},"functions":{"total":1,"covered":1,"skipped":0,"pct":100},"statements":{"total":6,"covered":6,"skipped":0,"pct":100},"branches":{"total":0,"covered":0,"skipped":0,"pct":100}}
,"/home/yago/Trybe-Projetos/Back-End/Trybe-Projeto-07/sd-031-b-project-trybesmith/src/services/product.service.ts": {"lines":{"total":7,"covered":7,"skipped":0,"pct":100},"functions":{"total":3,"covered":3,"skipped":0,"pct":100},"statements":{"total":8,"covered":8,"skipped":0,"pct":100},"branches":{"total":0,"covered":0,"skipped":0,"pct":100}}
}
