<?xml version="1.0" encoding="UTF-8"?>
<testsuite xmlns:xsi="http://www.w3.org/2001/XMLSchema-instance" xsi:noNamespaceSchemaLocation="https://maven.apache.org/surefire/maven-surefire-plugin/xsd/surefire-test-report-3.0.xsd" version="3.0" name="Req 05-06" time="2.799" tests="2" errors="0" skipped="0" failures="0">
  <properties>
[...]
</properties>
  <testcase name="06 - Rota GET /museums/closest implementada" classname="Req 05-06" time="0.172">
    <system-out><![CDATA[12:54:40.260 [main] DEBUG org.springframework.boot.test.context.SpringBootTestContextBootstrapper -- Neither @ContextConfiguration nor @ContextHierarchy found for test class [ControllerLayerTest]: using SpringBootContextLoader
12:54:40.264 [main] DEBUG org.springframework.test.context.support.AbstractContextLoader -- Could not detect default resource locations for test class [com.betrybe.museumfinder.evaluation.ControllerLayerTest]: no resource found for suffixes {-context.xml, Context.groovy}.
12:54:40.265 [main] INFO org.springframework.test.context.support.AnnotationConfigContextLoaderUtils -- Could not detect default configuration classes for test class [com.betrybe.museumfinder.evaluation.ControllerLayerTest]: ControllerLayerTest does not declare any static, non-private, non-final, nested classes annotated with @Configuration.
12:54:40.304 [main] DEBUG org.springframework.boot.test.context.SpringBootTestContextBootstrapper -- Using ContextCustomizers for test class [ControllerLayerTest]: [ImportsContextCustomizer, ExcludeFilterContextCustomizer, DuplicateJsonObjectContextCustomizer, MockitoContextCustomizer, TestRestTemplateContextCustomizer, DisableObservabilityContextCustomizer, PropertyMappingContextCustomizer, Customizer]
12:54:40.384 [main] DEBUG org.springframework.context.annotation.ClassPathScanningCandidateComponentProvider -- Identified candidate component class: file [/home/yago/Trybe/Trybe-Projetos/Java/java-031-java-projeto-localizador-de-museus/target/classes/com/betrybe/museumfinder/MuseumFinderApplication.class]
12:54:40.385 [main] INFO org.springframework.boot.test.context.SpringBootTestContextBootstrapper -- Found @SpringBootConfiguration com.betrybe.museumfinder.MuseumFinderApplication for test class com.betrybe.museumfinder.evaluation.ControllerLayerTest
12:54:40.484 [main] DEBUG org.springframework.test.context.util.TestContextSpringFactoriesUtils -- Skipping candidate TestExecutionListener [org.springframework.test.context.transaction.TransactionalTestExecutionListener] due to a missing dependency. Specify custom TestExecutionListener classes or make the default TestExecutionListener classes and their required dependencies available. Offending class: [org/springframework/transaction/interceptor/TransactionAttributeSource]
12:54:40.486 [main] DEBUG org.springframework.test.context.util.TestContextSpringFactoriesUtils -- Skipping candidate TestExecutionListener [org.springframework.test.context.jdbc.SqlScriptsTestExecutionListener] due to a missing dependency. Specify custom TestExecutionListener classes or make the default TestExecutionListener classes and their required dependencies available. Offending class: [org/springframework/transaction/interceptor/TransactionAttribute]
12:54:40.487 [main] DEBUG org.springframework.boot.test.context.SpringBootTestContextBootstrapper -- Using TestExecutionListeners for test class [ControllerLayerTest]: [ServletTestExecutionListener, DirtiesContextBeforeModesTestExecutionListener, ApplicationEventsTestExecutionListener, MockitoTestExecutionListener, DependencyInjectionTestExecutionListener, DirtiesContextTestExecutionListener, EventPublishingTestExecutionListener, ResetMocksTestExecutionListener, RestDocsTestExecutionListener, MockRestServiceServerResetTestExecutionListener, MockMvcPrintOnlyOnFailureTestExecutionListener, WebDriverTestExecutionListener, MockWebServiceServerTestExecutionListener]
12:54:40.488 [main] DEBUG org.springframework.test.context.support.AbstractDirtiesContextTestExecutionListener -- Before test class: class [ControllerLayerTest], class annotated with @DirtiesContext [false] with mode [null]

  .   ____          _            __ _ _
 /\\ / ___'_ __ _ _(_)_ __  __ _ \ \ \ \
( ( )\___ | '_ | '_| | '_ \/ _` | \ \ \ \
 \\/  ___)| |_)| | | | | || (_| |  ) ) ) )
  '  |____| .__|_| |_|_| |_\__, | / / / /
 =========|_|==============|___/=/_/_/_/
 :: Spring Boot ::                (v3.0.5)

2024-02-12T12:54:40.762-03:00  INFO 23714 --- [           main] c.b.m.evaluation.ControllerLayerTest     : Starting ControllerLayerTest using Java 17.0.9 with PID 23714 (started by yago in /home/yago/Trybe/Trybe-Projetos/Java/java-031-java-projeto-localizador-de-museus)
2024-02-12T12:54:40.763-03:00  INFO 23714 --- [           main] c.b.m.evaluation.ControllerLayerTest     : No active profile set, falling back to 1 default profile: "default"
2024-02-12T12:54:42.601-03:00  INFO 23714 --- [           main] o.s.b.t.m.w.SpringBootMockServletContext : Initializing Spring TestDispatcherServlet ''
2024-02-12T12:54:42.601-03:00  INFO 23714 --- [           main] o.s.t.web.servlet.TestDispatcherServlet  : Initializing Servlet ''
2024-02-12T12:54:42.608-03:00  INFO 23714 --- [           main] o.s.b.a.e.web.EndpointLinksResolver      : Exposing 1 endpoint(s) beneath base path '/actuator'
2024-02-12T12:54:42.615-03:00  INFO 23714 --- [           main] o.s.t.web.servlet.TestDispatcherServlet  : Completed initialization in 12 ms
2024-02-12T12:54:42.652-03:00  INFO 23714 --- [           main] c.b.m.evaluation.ControllerLayerTest     : Started ControllerLayerTest in 2.133 seconds (process running for 3.158)
]]></system-out>
  </testcase>
  <testcase name="05 - Rota POST /museums implementada" classname="Req 05-06" time="0.024"/>
</testsuite>