<?xml version="1.0" encoding="UTF-8"?>
<testsuite xmlns:xsi="http://www.w3.org/2001/XMLSchema-instance" xsi:noNamespaceSchemaLocation="https://maven.apache.org/surefire/maven-surefire-plugin/xsd/surefire-test-report-3.0.xsd" version="3.0" name="com.betrybe.agrix.solution.PersonServiceTest" time="3.537" tests="4" errors="0" skipped="0" failures="0">
  <properties>
[...]
</properties>
  <testcase name="testGetPersonById" classname="com.betrybe.agrix.solution.PersonServiceTest" time="0.029">
    <system-out><![CDATA[17:23:36.748 [main] INFO org.springframework.test.context.support.AnnotationConfigContextLoaderUtils -- Could not detect default configuration classes for test class [com.betrybe.agrix.solution.PersonServiceTest]: PersonServiceTest does not declare any static, non-private, non-final, nested classes annotated with @Configuration.
17:23:36.821 [main] INFO org.springframework.boot.test.context.SpringBootTestContextBootstrapper -- Found @SpringBootConfiguration com.betrybe.agrix.AgrixApplication for test class com.betrybe.agrix.solution.PersonServiceTest

  .   ____          _            __ _ _
 /\\ / ___'_ __ _ _(_)_ __  __ _ \ \ \ \
( ( )\___ | '_ | '_| | '_ \/ _` | \ \ \ \
 \\/  ___)| |_)| | | | | || (_| |  ) ) ) )
  '  |____| .__|_| |_|_| |_\__, | / / / /
 =========|_|==============|___/=/_/_/_/
 :: Spring Boot ::                (v3.1.1)

2024-03-16T17:23:37.029-03:00  INFO 63071 --- [           main] c.b.agrix.solution.PersonServiceTest     : Starting PersonServiceTest using Java 17.0.10 with PID 63071 (started by yago in /home/yago/Trybe/Trybe-Projetos/Java/java-031-java-projeto-final-agrix-fase-b)
2024-03-16T17:23:37.030-03:00  INFO 63071 --- [           main] c.b.agrix.solution.PersonServiceTest     : No active profile set, falling back to 1 default profile: "default"
2024-03-16T17:23:37.584-03:00  INFO 63071 --- [           main] .s.d.r.c.RepositoryConfigurationDelegate : Bootstrapping Spring Data JPA repositories in DEFAULT mode.
2024-03-16T17:23:37.635-03:00  INFO 63071 --- [           main] .s.d.r.c.RepositoryConfigurationDelegate : Finished Spring Data repository scanning in 47 ms. Found 4 JPA repository interfaces.
2024-03-16T17:23:38.551-03:00  INFO 63071 --- [           main] com.zaxxer.hikari.HikariDataSource       : HikariPool-1 - Starting...
2024-03-16T17:23:38.680-03:00  INFO 63071 --- [           main] com.zaxxer.hikari.pool.HikariPool        : HikariPool-1 - Added connection conn0: url=jdbc:h2:mem:77cee5b2-5351-4703-81d4-5065d3d5c864 user=SA
2024-03-16T17:23:38.681-03:00  INFO 63071 --- [           main] com.zaxxer.hikari.HikariDataSource       : HikariPool-1 - Start completed.
2024-03-16T17:23:38.715-03:00  INFO 63071 --- [           main] o.hibernate.jpa.internal.util.LogHelper  : HHH000204: Processing PersistenceUnitInfo [name: default]
2024-03-16T17:23:38.745-03:00  INFO 63071 --- [           main] org.hibernate.Version                    : HHH000412: Hibernate ORM core version 6.2.5.Final
2024-03-16T17:23:38.746-03:00  INFO 63071 --- [           main] org.hibernate.cfg.Environment            : HHH000406: Using bytecode reflection optimizer
2024-03-16T17:23:38.834-03:00  INFO 63071 --- [           main] o.h.b.i.BytecodeProviderInitiator        : HHH000021: Bytecode provider name : bytebuddy
2024-03-16T17:23:38.839-03:00  INFO 63071 --- [           main] o.s.o.j.p.SpringPersistenceUnitInfo      : No LoadTimeWeaver setup: ignoring JPA class transformer
2024-03-16T17:23:38.997-03:00  INFO 63071 --- [           main] o.h.b.i.BytecodeProviderInitiator        : HHH000021: Bytecode provider name : bytebuddy
2024-03-16T17:23:39.285-03:00  INFO 63071 --- [           main] o.h.e.t.j.p.i.JtaPlatformInitiator       : HHH000490: Using JtaPlatform implementation: [org.hibernate.engine.transaction.jta.platform.internal.NoJtaPlatform]
2024-03-16T17:23:39.316-03:00  INFO 63071 --- [           main] j.LocalContainerEntityManagerFactoryBean : Initialized JPA EntityManagerFactory for persistence unit 'default'
2024-03-16T17:23:39.736-03:00  WARN 63071 --- [           main] JpaBaseConfiguration$JpaWebConfiguration : spring.jpa.open-in-view is enabled by default. Therefore, database queries may be performed during view rendering. Explicitly configure spring.jpa.open-in-view to disable this warning
2024-03-16T17:23:40.053-03:00  INFO 63071 --- [           main] o.s.b.a.e.web.EndpointLinksResolver      : Exposing 1 endpoint(s) beneath base path '/actuator'
2024-03-16T17:23:40.103-03:00  INFO 63071 --- [           main] c.b.agrix.solution.PersonServiceTest     : Started PersonServiceTest in 3.198 seconds (process running for 3.844)
]]></system-out>
  </testcase>
  <testcase name="testCreatePerson" classname="com.betrybe.agrix.solution.PersonServiceTest" time="0.005"/>
  <testcase name="testPersonRetrievalNotFound" classname="com.betrybe.agrix.solution.PersonServiceTest" time="0.004"/>
  <testcase name="testGetPersonByUsername" classname="com.betrybe.agrix.solution.PersonServiceTest" time="0.002"/>
</testsuite>